[kernel] Parsing bitreversal_rte.c (with preprocessing)
[wp] Running WP plugin...
[wp] Warning: Missing RTE guards
[wp] bitreversal_rte.c:6: Warning: 
  Missing assigns clause (assigns 'everything' instead)
[wp] 2 goals scheduled
[wp] [Timeout] typed_reverseBits_terminates (Qed 0.64ms) (Alt-Ergo)
[wp] Proved goals:    2 / 3
  Unreachable:     1
  Qed:             1 (0.32ms)
  Timeout:         1
[wp:pedantic-assigns] bitreversal_rte.c:1: Warning: 
  No 'assigns' specification for function 'reverseBits'.
  Callers assumptions might be imprecise.
[kernel] Parsing bitreversal_rte.c (with preprocessing)
[wp] Running WP plugin...
[wp] Warning: Missing RTE guards
[wp] bitreversal_rte.c:6: Warning: 
  Missing assigns clause (assigns 'everything' instead)
[wp] 2 goals scheduled
[wp] [Unknown] typed_reverseBits_terminates (Qed 0.84ms) (CVC4)
[wp] Proved goals:    2 / 3
  Unreachable:     1
  Qed:             1 (0.42ms)
  Unknown:         1
[wp:pedantic-assigns] bitreversal_rte.c:1: Warning: 
  No 'assigns' specification for function 'reverseBits'.
  Callers assumptions might be imprecise.
[kernel] Parsing bitreversal_rte.c (with preprocessing)
[wp] Running WP plugin...
[wp] Warning: Missing RTE guards
[wp] bitreversal_rte.c:6: Warning: 
  Missing assigns clause (assigns 'everything' instead)
[wp] 2 goals scheduled
[wp] [Unknown] typed_reverseBits_terminates (Qed 0.68ms) (CVC5)
[wp] Proved goals:    2 / 3
  Unreachable:     1
  Qed:             1 (0.34ms)
  Unknown:         1
[wp:pedantic-assigns] bitreversal_rte.c:1: Warning: 
  No 'assigns' specification for function 'reverseBits'.
  Callers assumptions might be imprecise.
[kernel] Parsing bitreversal_rte.c (with preprocessing)
[wp] Running WP plugin...
[wp] Warning: Missing RTE guards
[wp] bitreversal_rte.c:6: Warning: 
  Missing assigns clause (assigns 'everything' instead)
[wp] 2 goals scheduled
[wp] [Timeout] typed_reverseBits_terminates (Qed 0.71ms) (Z3)
[wp] Proved goals:    2 / 3
  Unreachable:     1
  Qed:             1 (0.36ms)
  Timeout:         1
[wp:pedantic-assigns] bitreversal_rte.c:1: Warning: 
  No 'assigns' specification for function 'reverseBits'.
  Callers assumptions might be imprecise.
[kernel] Parsing clamp_rte.c (with preprocessing)
[wp] Running WP plugin...
[wp] Warning: Missing RTE guards
[wp] Warning: No goal generated
[wp] Proved goals:    2 / 2
  Terminating:     1
  Unreachable:     1
[wp:pedantic-assigns] clamp_rte.c:1: Warning: 
  No 'assigns' specification for function 'clamp'.
  Callers assumptions might be imprecise.
[kernel] Parsing clamp_rte.c (with preprocessing)
[wp] Running WP plugin...
[wp] Warning: Missing RTE guards
[wp] Warning: No goal generated
[wp] Proved goals:    2 / 2
  Terminating:     1
  Unreachable:     1
[wp:pedantic-assigns] clamp_rte.c:1: Warning: 
  No 'assigns' specification for function 'clamp'.
  Callers assumptions might be imprecise.
[kernel] Parsing clamp_rte.c (with preprocessing)
[wp] Running WP plugin...
[wp] Warning: Missing RTE guards
[wp] Warning: No goal generated
[wp] Proved goals:    2 / 2
  Terminating:     1
  Unreachable:     1
[wp:pedantic-assigns] clamp_rte.c:1: Warning: 
  No 'assigns' specification for function 'clamp'.
  Callers assumptions might be imprecise.
[kernel] Parsing clamp_rte.c (with preprocessing)
[wp] Running WP plugin...
[wp] Warning: Missing RTE guards
[wp] Warning: No goal generated
[wp] Proved goals:    2 / 2
  Terminating:     1
  Unreachable:     1
[wp:pedantic-assigns] clamp_rte.c:1: Warning: 
  No 'assigns' specification for function 'clamp'.
  Callers assumptions might be imprecise.
[kernel] Parsing count_rte.c (with preprocessing)
[wp] Running WP plugin...
[wp] Warning: Missing RTE guards
[wp] count_rte.c:6: Warning: 
  Missing assigns clause (assigns 'everything' instead)
[wp] 4 goals scheduled
[wp] [Timeout] typed_countOccurrences_assert_rte_signed_overflow_2 (Qed 2ms) (Alt-Ergo)
[wp] [Timeout] typed_countOccurrences_assert_rte_signed_overflow (Qed 2ms) (Alt-Ergo)
[wp] [Timeout] typed_countOccurrences_assert_rte_mem_access (Qed 1ms) (Alt-Ergo)
[wp] [Timeout] typed_countOccurrences_terminates (Qed 0.60ms) (Alt-Ergo)
[wp] Proved goals:    1 / 5
  Unreachable:     1
  Qed:             0 (0.60ms-2ms-2ms)
  Timeout:         4
[wp:pedantic-assigns] count_rte.c:1: Warning: 
  No 'assigns' specification for function 'countOccurrences'.
  Callers assumptions might be imprecise.
[kernel] Parsing count_rte.c (with preprocessing)
[wp] Running WP plugin...
[wp] Warning: Missing RTE guards
[wp] count_rte.c:6: Warning: 
  Missing assigns clause (assigns 'everything' instead)
[wp] 4 goals scheduled
[wp] [Unknown] typed_countOccurrences_assert_rte_signed_overflow_2 (Qed 2ms) (CVC4)
[wp] [Unknown] typed_countOccurrences_assert_rte_signed_overflow (Qed 2ms) (CVC4)
[wp] [Unknown] typed_countOccurrences_assert_rte_mem_access (Qed 2ms) (CVC4)
[wp] [Unknown] typed_countOccurrences_terminates (Qed 0.90ms) (CVC4)
[wp] Proved goals:    1 / 5
  Unreachable:     1
  Qed:             0 (0.90ms-2ms-2ms)
  Unknown:         4
[wp:pedantic-assigns] count_rte.c:1: Warning: 
  No 'assigns' specification for function 'countOccurrences'.
  Callers assumptions might be imprecise.
[kernel] Parsing count_rte.c (with preprocessing)
[wp] Running WP plugin...
[wp] Warning: Missing RTE guards
[wp] count_rte.c:6: Warning: 
  Missing assigns clause (assigns 'everything' instead)
[wp] 4 goals scheduled
[wp] [Unknown] typed_countOccurrences_assert_rte_signed_overflow_2 (Qed 2ms) (CVC5)
[wp] [Unknown] typed_countOccurrences_assert_rte_signed_overflow (Qed 2ms) (CVC5)
[wp] [Unknown] typed_countOccurrences_terminates (Qed 0.56ms) (CVC5)
[wp] [Unknown] typed_countOccurrences_assert_rte_mem_access (Qed 1ms) (CVC5)
[wp] Proved goals:    1 / 5
  Unreachable:     1
  Qed:             0 (0.56ms-1ms-2ms)
  Unknown:         4
[wp:pedantic-assigns] count_rte.c:1: Warning: 
  No 'assigns' specification for function 'countOccurrences'.
  Callers assumptions might be imprecise.
[kernel] Parsing count_rte.c (with preprocessing)
[wp] Running WP plugin...
[wp] Warning: Missing RTE guards
[wp] count_rte.c:6: Warning: 
  Missing assigns clause (assigns 'everything' instead)
[wp] 4 goals scheduled
[wp] [Unknown] typed_countOccurrences_assert_rte_signed_overflow_2 (Qed 2ms) (Z3)
[wp] [Unknown] typed_countOccurrences_assert_rte_signed_overflow (Qed 2ms) (Z3)
[wp] [Unknown] typed_countOccurrences_assert_rte_mem_access (Qed 1ms) (Z3)
[wp] [Timeout] typed_countOccurrences_terminates (Qed 0.56ms) (Z3)
[wp] Proved goals:    1 / 5
  Unreachable:     1
  Qed:             0 (0.56ms-1ms-2ms)
  Timeout:         1
  Unknown:         3
[wp:pedantic-assigns] count_rte.c:1: Warning: 
  No 'assigns' specification for function 'countOccurrences'.
  Callers assumptions might be imprecise.
[kernel] Parsing even_rte.c (with preprocessing)
[wp] Running WP plugin...
[wp] Warning: Missing RTE guards
[wp] Warning: No goal generated
[wp] Proved goals:    2 / 2
  Terminating:     1
  Unreachable:     1
[wp:pedantic-assigns] even_rte.c:1: Warning: 
  No 'assigns' specification for function 'isEven'.
  Callers assumptions might be imprecise.
[kernel] Parsing even_rte.c (with preprocessing)
[wp] Running WP plugin...
[wp] Warning: Missing RTE guards
[wp] Warning: No goal generated
[wp] Proved goals:    2 / 2
  Terminating:     1
  Unreachable:     1
[wp:pedantic-assigns] even_rte.c:1: Warning: 
  No 'assigns' specification for function 'isEven'.
  Callers assumptions might be imprecise.
[kernel] Parsing even_rte.c (with preprocessing)
[wp] Running WP plugin...
[wp] Warning: Missing RTE guards
[wp] Warning: No goal generated
[wp] Proved goals:    2 / 2
  Terminating:     1
  Unreachable:     1
[wp:pedantic-assigns] even_rte.c:1: Warning: 
  No 'assigns' specification for function 'isEven'.
  Callers assumptions might be imprecise.
[kernel] Parsing even_rte.c (with preprocessing)
[wp] Running WP plugin...
[wp] Warning: Missing RTE guards
[wp] Warning: No goal generated
[wp] Proved goals:    2 / 2
  Terminating:     1
  Unreachable:     1
[wp:pedantic-assigns] even_rte.c:1: Warning: 
  No 'assigns' specification for function 'isEven'.
  Callers assumptions might be imprecise.
[kernel] Parsing max_rte.c (with preprocessing)
[wp] Running WP plugin...
[wp] Warning: Missing RTE guards
[wp] Warning: No goal generated
[wp] Proved goals:    2 / 2
  Terminating:     1
  Unreachable:     1
[wp:pedantic-assigns] max_rte.c:1: Warning: 
  No 'assigns' specification for function 'max'.
  Callers assumptions might be imprecise.
[kernel] Parsing max_rte.c (with preprocessing)
[wp] Running WP plugin...
[wp] Warning: Missing RTE guards
[wp] Warning: No goal generated
[wp] Proved goals:    2 / 2
  Terminating:     1
  Unreachable:     1
[wp:pedantic-assigns] max_rte.c:1: Warning: 
  No 'assigns' specification for function 'max'.
  Callers assumptions might be imprecise.
[kernel] Parsing max_rte.c (with preprocessing)
[wp] Running WP plugin...
[wp] Warning: Missing RTE guards
[wp] Warning: No goal generated
[wp] Proved goals:    2 / 2
  Terminating:     1
  Unreachable:     1
[wp:pedantic-assigns] max_rte.c:1: Warning: 
  No 'assigns' specification for function 'max'.
  Callers assumptions might be imprecise.
[kernel] Parsing max_rte.c (with preprocessing)
[wp] Running WP plugin...
[wp] Warning: Missing RTE guards
[wp] Warning: No goal generated
[wp] Proved goals:    2 / 2
  Terminating:     1
  Unreachable:     1
[wp:pedantic-assigns] max_rte.c:1: Warning: 
  No 'assigns' specification for function 'max'.
  Callers assumptions might be imprecise.
[kernel] Parsing parity_rte.c (with preprocessing)
[wp] Running WP plugin...
[wp] Warning: Missing RTE guards
[wp] parity_rte.c:4: Warning: 
  Missing assigns clause (assigns 'everything' instead)
[wp] 1 goal scheduled
[wp] [Timeout] typed_computeParity_terminates (Alt-Ergo)
[wp] Proved goals:    1 / 2
  Unreachable:     1
  Qed:             0
  Timeout:         1
[wp:pedantic-assigns] parity_rte.c:1: Warning: 
  No 'assigns' specification for function 'computeParity'.
  Callers assumptions might be imprecise.
[kernel] Parsing parity_rte.c (with preprocessing)
[wp] Running WP plugin...
[wp] Warning: Missing RTE guards
[wp] parity_rte.c:4: Warning: 
  Missing assigns clause (assigns 'everything' instead)
[wp] 1 goal scheduled
[wp] [Unknown] typed_computeParity_terminates (CVC4)
[wp] Proved goals:    1 / 2
  Unreachable:     1
  Qed:             0
  Unknown:         1
[wp:pedantic-assigns] parity_rte.c:1: Warning: 
  No 'assigns' specification for function 'computeParity'.
  Callers assumptions might be imprecise.
[kernel] Parsing parity_rte.c (with preprocessing)
[wp] Running WP plugin...
[wp] Warning: Missing RTE guards
[wp] parity_rte.c:4: Warning: 
  Missing assigns clause (assigns 'everything' instead)
[wp] 1 goal scheduled
[wp] [Unknown] typed_computeParity_terminates (CVC5)
[wp] Proved goals:    1 / 2
  Unreachable:     1
  Qed:             0
  Unknown:         1
[wp:pedantic-assigns] parity_rte.c:1: Warning: 
  No 'assigns' specification for function 'computeParity'.
  Callers assumptions might be imprecise.
[kernel] Parsing parity_rte.c (with preprocessing)
[wp] Running WP plugin...
[wp] Warning: Missing RTE guards
[wp] parity_rte.c:4: Warning: 
  Missing assigns clause (assigns 'everything' instead)
[wp] 1 goal scheduled
[wp] [Timeout] typed_computeParity_terminates (Z3)
[wp] Proved goals:    1 / 2
  Unreachable:     1
  Qed:             0
  Timeout:         1
[wp:pedantic-assigns] parity_rte.c:1: Warning: 
  No 'assigns' specification for function 'computeParity'.
  Callers assumptions might be imprecise.
[kernel] Parsing power_rte.c (with preprocessing)
[wp] Running WP plugin...
[wp] Warning: Missing RTE guards
[wp] Warning: No goal generated
[wp] Proved goals:    2 / 2
  Terminating:     1
  Unreachable:     1
[wp:pedantic-assigns] power_rte.c:1: Warning: 
  No 'assigns' specification for function 'isPowerOfTwo'.
  Callers assumptions might be imprecise.
[kernel] Parsing power_rte.c (with preprocessing)
[wp] Running WP plugin...
[wp] Warning: Missing RTE guards
[wp] Warning: No goal generated
[wp] Proved goals:    2 / 2
  Terminating:     1
  Unreachable:     1
[wp:pedantic-assigns] power_rte.c:1: Warning: 
  No 'assigns' specification for function 'isPowerOfTwo'.
  Callers assumptions might be imprecise.
[kernel] Parsing power_rte.c (with preprocessing)
[wp] Running WP plugin...
[wp] Warning: Missing RTE guards
[wp] Warning: No goal generated
[wp] Proved goals:    2 / 2
  Terminating:     1
  Unreachable:     1
[wp:pedantic-assigns] power_rte.c:1: Warning: 
  No 'assigns' specification for function 'isPowerOfTwo'.
  Callers assumptions might be imprecise.
[kernel] Parsing power_rte.c (with preprocessing)
[wp] Running WP plugin...
[wp] Warning: Missing RTE guards
[wp] Warning: No goal generated
[wp] Proved goals:    2 / 2
  Terminating:     1
  Unreachable:     1
[wp:pedantic-assigns] power_rte.c:1: Warning: 
  No 'assigns' specification for function 'isPowerOfTwo'.
  Callers assumptions might be imprecise.
[kernel] Parsing rotate_rte.c (with preprocessing)
[wp] Running WP plugin...
[wp] Warning: Missing RTE guards
[wp] 5 goals scheduled
[wp] [Timeout] typed_rotateLeft_assert_rte_shift_3 (Qed 1ms) (Alt-Ergo)
[wp] [Timeout] typed_rotateLeft_assert_rte_signed_overflow (Qed 0.61ms) (Alt-Ergo)
[wp] [Timeout] typed_rotateLeft_assert_rte_shift (Alt-Ergo)
[wp] [Timeout] typed_rotateLeft_assert_rte_shift_2 (Qed 0.52ms) (Alt-Ergo)
[wp] Proved goals:    3 / 7
  Terminating:     1
  Unreachable:     1
  Qed:             1 (0.52ms-0.45ms-1ms)
  Timeout:         4
[wp:pedantic-assigns] rotate_rte.c:1: Warning: 
  No 'assigns' specification for function 'rotateLeft'.
  Callers assumptions might be imprecise.
[kernel] Parsing rotate_rte.c (with preprocessing)
[wp] Running WP plugin...
[wp] Warning: Missing RTE guards
[wp] 5 goals scheduled
[wp] [Unknown] typed_rotateLeft_assert_rte_signed_overflow (Qed 0.67ms) (CVC4)
[wp] [Unknown] typed_rotateLeft_assert_rte_shift_2 (Qed 0.74ms) (CVC4)
[wp] [Unknown] typed_rotateLeft_assert_rte_shift (CVC4)
[wp] [Timeout] typed_rotateLeft_assert_rte_shift_3 (Qed 1ms) (CVC4)
[wp] Proved goals:    3 / 7
  Terminating:     1
  Unreachable:     1
  Qed:             1 (0.67ms-0.50ms-1ms)
  Timeout:         1
  Unknown:         3
[wp:pedantic-assigns] rotate_rte.c:1: Warning: 
  No 'assigns' specification for function 'rotateLeft'.
  Callers assumptions might be imprecise.
[kernel] Parsing rotate_rte.c (with preprocessing)
[wp] Running WP plugin...
[wp] Warning: Missing RTE guards
[wp] 5 goals scheduled
[wp] [Unknown] typed_rotateLeft_assert_rte_signed_overflow (Qed 0.62ms) (CVC5)
[wp] [Unknown] typed_rotateLeft_assert_rte_shift_2 (Qed 0.64ms) (CVC5)
[wp] [Unknown] typed_rotateLeft_assert_rte_shift (CVC5)
[wp] [Timeout] typed_rotateLeft_assert_rte_shift_3 (Qed 0.98ms) (CVC5)
[wp] Proved goals:    3 / 7
  Terminating:     1
  Unreachable:     1
  Qed:             1 (0.62ms-0.45ms-0.98ms)
  Timeout:         1
  Unknown:         3
[wp:pedantic-assigns] rotate_rte.c:1: Warning: 
  No 'assigns' specification for function 'rotateLeft'.
  Callers assumptions might be imprecise.
[kernel] Parsing rotate_rte.c (with preprocessing)
[wp] Running WP plugin...
[wp] Warning: Missing RTE guards
[wp] 5 goals scheduled
[wp] [Timeout] typed_rotateLeft_assert_rte_shift_3 (Qed 0.96ms) (Z3)
[wp] [Timeout] typed_rotateLeft_assert_rte_signed_overflow (Qed 0.63ms) (Z3)
[wp] [Timeout] typed_rotateLeft_assert_rte_shift_2 (Qed 0.71ms) (Z3)
[wp] [Timeout] typed_rotateLeft_assert_rte_shift (Z3)
[wp] Proved goals:    3 / 7
  Terminating:     1
  Unreachable:     1
  Qed:             1 (0.63ms-0.46ms-0.96ms)
  Timeout:         4
[wp:pedantic-assigns] rotate_rte.c:1: Warning: 
  No 'assigns' specification for function 'rotateLeft'.
  Callers assumptions might be imprecise.
[kernel] Parsing sign_rte.c (with preprocessing)
[wp] Running WP plugin...
[wp] Warning: Missing RTE guards
[wp] 2 goals scheduled
[wp] [Timeout] typed_sign_assert_rte_signed_overflow (Alt-Ergo)
[wp] Proved goals:    3 / 4
  Terminating:     1
  Unreachable:     1
  Qed:             1
  Timeout:         1
[wp:pedantic-assigns] sign_rte.c:1: Warning: 
  No 'assigns' specification for function 'sign'.
  Callers assumptions might be imprecise.
[kernel] Parsing sign_rte.c (with preprocessing)
[wp] Running WP plugin...
[wp] Warning: Missing RTE guards
[wp] 2 goals scheduled
[wp] [Unknown] typed_sign_assert_rte_signed_overflow (CVC4)
[wp] Proved goals:    3 / 4
  Terminating:     1
  Unreachable:     1
  Qed:             1
  Unknown:         1
[wp:pedantic-assigns] sign_rte.c:1: Warning: 
  No 'assigns' specification for function 'sign'.
  Callers assumptions might be imprecise.
[kernel] Parsing sign_rte.c (with preprocessing)
[wp] Running WP plugin...
[wp] Warning: Missing RTE guards
[wp] 2 goals scheduled
[wp] [Unknown] typed_sign_assert_rte_signed_overflow (CVC5)
[wp] Proved goals:    3 / 4
  Terminating:     1
  Unreachable:     1
  Qed:             1
  Unknown:         1
[wp:pedantic-assigns] sign_rte.c:1: Warning: 
  No 'assigns' specification for function 'sign'.
  Callers assumptions might be imprecise.
[kernel] Parsing sign_rte.c (with preprocessing)
[wp] Running WP plugin...
[wp] Warning: Missing RTE guards
[wp] 2 goals scheduled
[wp] [Timeout] typed_sign_assert_rte_signed_overflow (Z3)
[wp] Proved goals:    3 / 4
  Terminating:     1
  Unreachable:     1
  Qed:             1
  Timeout:         1
[wp:pedantic-assigns] sign_rte.c:1: Warning: 
  No 'assigns' specification for function 'sign'.
  Callers assumptions might be imprecise.
[kernel] Parsing swap_rte.c (with preprocessing)
[wp] Running WP plugin...
[wp] Warning: Missing RTE guards
[wp] 4 goals scheduled
[wp] [Timeout] typed_swap_assert_rte_mem_access_2 (Qed 0.77ms) (Alt-Ergo)
[wp] [Timeout] typed_swap_assert_rte_mem_access (Qed 0.52ms) (Alt-Ergo)
[wp] Proved goals:    4 / 6
  Terminating:     1
  Unreachable:     1
  Qed:             2 (0.52ms-0.32ms-0.77ms)
  Timeout:         2
[wp:pedantic-assigns] swap_rte.c:1: Warning: 
  No 'assigns' specification for function 'swap'.
  Callers assumptions might be imprecise.
[kernel] Parsing swap_rte.c (with preprocessing)
[wp] Running WP plugin...
[wp] Warning: Missing RTE guards
[wp] 4 goals scheduled
[wp] [Unknown] typed_swap_assert_rte_mem_access_2 (Qed 0.72ms) (CVC4)
[wp] [Unknown] typed_swap_assert_rte_mem_access (CVC4)
[wp] Proved goals:    4 / 6
  Terminating:     1
  Unreachable:     1
  Qed:             2 (0.18ms)
  Unknown:         2
[wp:pedantic-assigns] swap_rte.c:1: Warning: 
  No 'assigns' specification for function 'swap'.
  Callers assumptions might be imprecise.
[kernel] Parsing swap_rte.c (with preprocessing)
[wp] Running WP plugin...
[wp] Warning: Missing RTE guards
[wp] 4 goals scheduled
[wp] [Unknown] typed_swap_assert_rte_mem_access_2 (Qed 0.80ms) (CVC5)
[wp] [Unknown] typed_swap_assert_rte_mem_access (CVC5)
[wp] Proved goals:    4 / 6
  Terminating:     1
  Unreachable:     1
  Qed:             2 (0.20ms)
  Unknown:         2
[wp:pedantic-assigns] swap_rte.c:1: Warning: 
  No 'assigns' specification for function 'swap'.
  Callers assumptions might be imprecise.
[kernel] Parsing swap_rte.c (with preprocessing)
[wp] Running WP plugin...
[wp] Warning: Missing RTE guards
[wp] 4 goals scheduled
[wp] [Unknown] typed_swap_assert_rte_mem_access_2 (Qed 0.78ms) (Z3)
[wp] [Unknown] typed_swap_assert_rte_mem_access (Z3)
[wp] Proved goals:    4 / 6
  Terminating:     1
  Unreachable:     1
  Qed:             2 (0.19ms)
  Unknown:         2
[wp:pedantic-assigns] swap_rte.c:1: Warning: 
  No 'assigns' specification for function 'swap'.
  Callers assumptions might be imprecise.
