[kernel] Parsing bitreversal.c (with preprocessing)
[kernel:typing:implicit-function-declaration] bitreversal.c:15: Warning: 
  Calling undeclared function printf. Old style K&R code?
[kernel:typing:implicit-function-declaration] bitreversal.c:16: Warning: 
  Calling undeclared function printBinary. Old style K&R code?
[kernel] bitreversal.c:17: User Error: Too few arguments in call to printf.
[kernel] bitreversal.c:21: User Error: Too few arguments in call to printf.
[kernel] User Error: stopping on file "bitreversal.c" that has errors. Add '-kernel-msg-key pp'
  for preprocessing command.
[kernel] Frama-C aborted: invalid user input.
[kernel] Parsing clamp.c (with preprocessing)
[kernel:typing:implicit-function-declaration] clamp.c:13: Warning: 
  Calling undeclared function printf. Old style K&R code?
[eva] Analyzing a complete application starting at main
[eva:initial-state] Values of globals at initialization
  
[kernel:annot:missing-spec] clamp.c:13: Warning: 
  Neither code nor specification for function printf,
   generating default assigns. See -generated-spec-* options for more info
[eva] using specification for function printf
[eva] ====== VALUES COMPUTED ======
[eva:final-states] Values at end of function clamp:
  
[eva:final-states] Values at end of function main:
  x1 ∈ {120}
  min1 ∈ {0}
  max1 ∈ {100}
  x2 ∈ {-10}
  min2 ∈ {0}
  max2 ∈ {100}
  x3 ∈ {50}
  min3 ∈ {0}
  max3 ∈ {100}
  result1 ∈ {100}
  result2 ∈ {100}
  result3 ∈ {50}
  __retres ∈ {0}
[eva:summary] ====== ANALYSIS SUMMARY ======
  ----------------------------------------------------------------------------
  2 functions analyzed (out of 2): 100% coverage.
  In these functions, 26 statements reached (out of 26): 100% coverage.
  ----------------------------------------------------------------------------
  Some errors and warnings have been raised during the analysis:
    by the Eva analyzer:      0 errors    0 warnings
    by the Frama-C kernel:    0 errors    2 warnings
  ----------------------------------------------------------------------------
  0 alarms generated by the analysis.
  ----------------------------------------------------------------------------
  No logical properties have been reached by the analysis.
  ----------------------------------------------------------------------------
[kernel] Parsing count.c (with preprocessing)
[kernel:typing:implicit-function-declaration] count.c:20: Warning: 
  Calling undeclared function printf. Old style K&R code?
[eva] Analyzing a complete application starting at main
[eva:initial-state] Values of globals at initialization
  
[eva:partition] count.c:3: starting to merge loop iterations
[eva:alarm] count.c:4: Warning: out of bounds read. assert \valid_read(arr + i);
[eva:alarm] count.c:5: Warning: 
  signed overflow. assert count + 1 ≤ 2147483647;
[kernel:annot:missing-spec] count.c:20: Warning: 
  Neither code nor specification for function printf,
   generating default assigns. See -generated-spec-* options for more info
[eva] using specification for function printf
[eva] ====== VALUES COMPUTED ======
[eva:final-states] Values at end of function countOccurrences:
  count ∈ [0..2147483647]
[eva:final-states] Values at end of function main:
  arr[0] ∈ {1}
     [1] ∈ {3}
     [2] ∈ {7}
     [3] ∈ {3}
     [4] ∈ {2}
     [5] ∈ {3}
     [6] ∈ {4}
     [7] ∈ {5}
     [8] ∈ {3}
  size ∈ {9}
  target ∈ {3}
  result ∈ [0..2147483647]
  __retres ∈ {0}
[eva:summary] ====== ANALYSIS SUMMARY ======
  ----------------------------------------------------------------------------
  2 functions analyzed (out of 2): 100% coverage.
  In these functions, 19 statements reached (out of 19): 100% coverage.
  ----------------------------------------------------------------------------
  Some errors and warnings have been raised during the analysis:
    by the Eva analyzer:      0 errors    0 warnings
    by the Frama-C kernel:    0 errors    2 warnings
  ----------------------------------------------------------------------------
  2 alarms generated by the analysis:
       1 invalid memory access
       1 integer overflow
  ----------------------------------------------------------------------------
  No logical properties have been reached by the analysis.
  ----------------------------------------------------------------------------
[kernel] Parsing even.c (with preprocessing)
[kernel:typing:implicit-function-declaration] even.c:13: Warning: 
  Calling undeclared function printf. Old style K&R code?
[eva] Analyzing a complete application starting at main
[eva:initial-state] Values of globals at initialization
  
[kernel:annot:missing-spec] even.c:13: Warning: 
  Neither code nor specification for function printf,
   generating default assigns. See -generated-spec-* options for more info
[eva] using specification for function printf
[eva:partition] even.c:11: starting to merge loop iterations
[eva] ====== VALUES COMPUTED ======
[eva:final-states] Values at end of function isEven:
  __retres ∈ {0; 1}
[eva:final-states] Values at end of function main:
  testValues[0] ∈ {0}
            [1] ∈ {1}
            [2] ∈ {2}
            [3] ∈ {-3}
            [4] ∈ {-4}
            [5] ∈ {99}
            [6] ∈ {100}
  size ∈ {7}
  __retres ∈ {0}
[eva:summary] ====== ANALYSIS SUMMARY ======
  ----------------------------------------------------------------------------
  2 functions analyzed (out of 2): 100% coverage.
  In these functions, 22 statements reached (out of 22): 100% coverage.
  ----------------------------------------------------------------------------
  Some errors and warnings have been raised during the analysis:
    by the Eva analyzer:      0 errors    0 warnings
    by the Frama-C kernel:    0 errors    2 warnings
  ----------------------------------------------------------------------------
  0 alarms generated by the analysis.
  ----------------------------------------------------------------------------
  No logical properties have been reached by the analysis.
  ----------------------------------------------------------------------------
[kernel] Parsing max.c (with preprocessing)
[kernel:typing:implicit-function-declaration] max.c:8: Warning: 
  Calling undeclared function findMax. Old style K&R code?
[eva] Analyzing a complete application starting at main
[eva:initial-state] Values of globals at initialization
  
[kernel:annot:missing-spec] max.c:8: Warning: 
  Neither code nor specification for function findMax,
   generating default assigns. See -generated-spec-* options for more info
[eva] using specification for function findMax
[eva] ====== VALUES COMPUTED ======
[eva:final-states] Values at end of function main:
  arr[0] ∈ [--..--]
     [1] ∈ {3}
     [2] ∈ {5}
     [3] ∈ {7}
     [4] ∈ {9}
  n ∈ {5}
  __retres ∈ {0}
[eva:summary] ====== ANALYSIS SUMMARY ======
  ----------------------------------------------------------------------------
  1 function analyzed (out of 2): 50% coverage.
  In this function, 5 statements reached (out of 5): 100% coverage.
  ----------------------------------------------------------------------------
  Some errors and warnings have been raised during the analysis:
    by the Eva analyzer:      0 errors    0 warnings
    by the Frama-C kernel:    0 errors    2 warnings
  ----------------------------------------------------------------------------
  0 alarms generated by the analysis.
  ----------------------------------------------------------------------------
  No logical properties have been reached by the analysis.
  ----------------------------------------------------------------------------
[kernel] Parsing parity.c (with preprocessing)
[kernel:typing:implicit-function-declaration] parity.c:18: Warning: 
  Calling undeclared function printf. Old style K&R code?
[eva] Analyzing a complete application starting at main
[eva:initial-state] Values of globals at initialization
  
[kernel:annot:missing-spec] parity.c:18: Warning: 
  Neither code nor specification for function printf,
   generating default assigns. See -generated-spec-* options for more info
[eva] using specification for function printf
[eva:partition] parity.c:15: starting to merge loop iterations
[eva] ====== VALUES COMPUTED ======
[eva:final-states] Values at end of function computeParity:
  n ∈ {0}
  parity ∈ {0}
[eva:final-states] Values at end of function main:
  testValues[0] ∈ {0}
            [1] ∈ {1}
            [2] ∈ {3}
            [3] ∈ {5}
            [4] ∈ {7}
            [5] ∈ {8}
            [6] ∈ {15}
            [7] ∈ {16}
            [8] ∈ {255}
            [9] ∈ {256}
  numTests ∈ {10}
  __retres ∈ {0}
[eva:summary] ====== ANALYSIS SUMMARY ======
  ----------------------------------------------------------------------------
  2 functions analyzed (out of 2): 100% coverage.
  In these functions, 22 statements reached (out of 22): 100% coverage.
  ----------------------------------------------------------------------------
  Some errors and warnings have been raised during the analysis:
    by the Eva analyzer:      0 errors    0 warnings
    by the Frama-C kernel:    0 errors    2 warnings
  ----------------------------------------------------------------------------
  0 alarms generated by the analysis.
  ----------------------------------------------------------------------------
  No logical properties have been reached by the analysis.
  ----------------------------------------------------------------------------
[kernel] Parsing power.c (with preprocessing)
[kernel:typing:implicit-function-declaration] power.c:13: Warning: 
  Calling undeclared function printf. Old style K&R code?
[eva] Analyzing a complete application starting at main
[eva:initial-state] Values of globals at initialization
  
[kernel:annot:missing-spec] power.c:13: Warning: 
  Neither code nor specification for function printf,
   generating default assigns. See -generated-spec-* options for more info
[eva] using specification for function printf
[eva:partition] power.c:10: starting to merge loop iterations
[eva] ====== VALUES COMPUTED ======
[eva:final-states] Values at end of function isPowerOfTwo:
  
[eva:final-states] Values at end of function main:
  testValues[0] ∈ {0}
            [1] ∈ {1}
            [2] ∈ {2}
            [3] ∈ {3}
            [4] ∈ {4}
            [5] ∈ {8}
            [6] ∈ {16}
            [7] ∈ {18}
            [8] ∈ {31}
            [9] ∈ {32}
            [10] ∈ {64}
            [11] ∈ {127}
            [12] ∈ {128}
            [13] ∈ {255}
            [14] ∈ {256}
  numTests ∈ {15}
  __retres ∈ {0}
[eva:summary] ====== ANALYSIS SUMMARY ======
  ----------------------------------------------------------------------------
  2 functions analyzed (out of 2): 100% coverage.
  In these functions, 26 statements reached (out of 26): 100% coverage.
  ----------------------------------------------------------------------------
  Some errors and warnings have been raised during the analysis:
    by the Eva analyzer:      0 errors    0 warnings
    by the Frama-C kernel:    0 errors    2 warnings
  ----------------------------------------------------------------------------
  0 alarms generated by the analysis.
  ----------------------------------------------------------------------------
  No logical properties have been reached by the analysis.
  ----------------------------------------------------------------------------
[kernel] Parsing rotate.c (with preprocessing)
[kernel:typing:implicit-function-declaration] rotate.c:10: Warning: 
  Calling undeclared function printf. Old style K&R code?
[kernel:typing:implicit-function-declaration] rotate.c:11: Warning: 
  Calling undeclared function printArray. Old style K&R code?
[kernel:typing:implicit-function-declaration] rotate.c:13: Warning: 
  Calling undeclared function rotateArray. Old style K&R code?
[kernel] rotate.c:15: User Error: Too many arguments in call to printf
[kernel] User Error: stopping on file "rotate.c" that has errors. Add '-kernel-msg-key pp'
  for preprocessing command.
[kernel] Frama-C aborted: invalid user input.
[kernel] Parsing sign.c (with preprocessing)
[kernel:typing:implicit-function-declaration] sign.c:13: Warning: 
  Calling undeclared function printf. Old style K&R code?
[eva] Analyzing a complete application starting at main
[eva:initial-state] Values of globals at initialization
  
[kernel:annot:missing-spec] sign.c:13: Warning: 
  Neither code nor specification for function printf,
   generating default assigns. See -generated-spec-* options for more info
[eva] using specification for function printf
[eva:partition] sign.c:10: starting to merge loop iterations
[eva:alarm] sign.c:2: Warning: 
  signed overflow. assert -2147483648 ≤ (int)(n >> 0) - (int)(n < 0 ? 1 : 0);
[eva] ====== VALUES COMPUTED ======
[eva:final-states] Values at end of function sign:
  __retres ∈ [-2147483648..1000000]
[eva:final-states] Values at end of function main:
  testValues[0] ∈ {0}
            [1] ∈ {1}
            [2] ∈ {-1}
            [3] ∈ {42}
            [4] ∈ {-999}
            [5] ∈ {1000000}
            [6] ∈ {-2147483648}
  numTests ∈ {7}
  __retres ∈ {0}
[eva:summary] ====== ANALYSIS SUMMARY ======
  ----------------------------------------------------------------------------
  2 functions analyzed (out of 2): 100% coverage.
  In these functions, 16 statements reached (out of 16): 100% coverage.
  ----------------------------------------------------------------------------
  Some errors and warnings have been raised during the analysis:
    by the Eva analyzer:      0 errors    0 warnings
    by the Frama-C kernel:    0 errors    2 warnings
  ----------------------------------------------------------------------------
  1 alarm generated by the analysis:
       1 integer overflow
  ----------------------------------------------------------------------------
  No logical properties have been reached by the analysis.
  ----------------------------------------------------------------------------
[kernel] Parsing swap.c (with preprocessing)
[kernel:typing:implicit-function-declaration] swap.c:11: Warning: 
  Calling undeclared function printf. Old style K&R code?
[eva] Analyzing a complete application starting at main
[eva:initial-state] Values of globals at initialization
  
[kernel:annot:missing-spec] swap.c:11: Warning: 
  Neither code nor specification for function printf,
   generating default assigns. See -generated-spec-* options for more info
[eva] using specification for function printf
[eva] ====== VALUES COMPUTED ======
[eva:final-states] Values at end of function swap:
  temp ∈ {10}
  y ∈ {10}
[eva:final-states] Values at end of function main:
  x ∈ {10}
  y ∈ {10}
  __retres ∈ {0}
[eva:summary] ====== ANALYSIS SUMMARY ======
  ----------------------------------------------------------------------------
  2 functions analyzed (out of 2): 100% coverage.
  In these functions, 11 statements reached (out of 11): 100% coverage.
  ----------------------------------------------------------------------------
  Some errors and warnings have been raised during the analysis:
    by the Eva analyzer:      0 errors    0 warnings
    by the Frama-C kernel:    0 errors    2 warnings
  ----------------------------------------------------------------------------
  0 alarms generated by the analysis.
  ----------------------------------------------------------------------------
  No logical properties have been reached by the analysis.
  ----------------------------------------------------------------------------
