[kernel] Parsing crc32_rte.c (with preprocessing)
[kernel] crc32_rte.c:4: 
  syntax error:
  Location: between lines 4 and 5, before or at token: uint32_t
  2     #include "stdint.h"
  3     #include "stdint.h"
  
  4     uint32_t crc32(uint8_t const *data, size_t length)
  5     uint32_t crc32(uint8_t const *data, size_t length)
  
  6     {
  7       uint32_t __retres;
[kernel] Frama-C aborted: invalid user input.
[kernel] Parsing crc32_rte.c (with preprocessing)
[kernel] crc32_rte.c:4: 
  syntax error:
  Location: between lines 4 and 5, before or at token: uint32_t
  2     #include "stdint.h"
  3     #include "stdint.h"
  
  4     uint32_t crc32(uint8_t const *data, size_t length)
  5     uint32_t crc32(uint8_t const *data, size_t length)
  
  6     {
  7       uint32_t __retres;
[kernel] Frama-C aborted: invalid user input.
[kernel] Parsing crc32_rte.c (with preprocessing)
[kernel] crc32_rte.c:4: 
  syntax error:
  Location: between lines 4 and 5, before or at token: uint32_t
  2     #include "stdint.h"
  3     #include "stdint.h"
  
  4     uint32_t crc32(uint8_t const *data, size_t length)
  5     uint32_t crc32(uint8_t const *data, size_t length)
  
  6     {
  7       uint32_t __retres;
[kernel] Frama-C aborted: invalid user input.
[kernel] Parsing crc32_rte.c (with preprocessing)
[kernel] crc32_rte.c:4: 
  syntax error:
  Location: between lines 4 and 5, before or at token: uint32_t
  2     #include "stdint.h"
  3     #include "stdint.h"
  
  4     uint32_t crc32(uint8_t const *data, size_t length)
  5     uint32_t crc32(uint8_t const *data, size_t length)
  
  6     {
  7       uint32_t __retres;
[kernel] Frama-C aborted: invalid user input.
[kernel] Parsing duff_rte.c (with preprocessing)
[wp] Running WP plugin...
[wp] Warning: Missing RTE guards
[wp] duff_rte.c:7: Warning: 
  Missing assigns clause (assigns 'everything' instead)
[wp] 65 goals scheduled
[wp] [Timeout] typed_duffsDevice_assert_rte_mem_access_6_part1 (Qed 13ms) (Alt-Ergo)
[wp] [Timeout] typed_duffsDevice_assert_rte_mem_access_6_part3 (Qed 24ms) (Alt-Ergo)
[wp] [Timeout] typed_duffsDevice_assert_rte_mem_access_6_part2 (Qed 6ms) (Alt-Ergo)
[wp] [Timeout] typed_duffsDevice_assert_rte_mem_access_5_part3 (Qed 22ms) (Alt-Ergo)
[wp] [Timeout] typed_duffsDevice_assert_rte_mem_access_5_part1 (Qed 12ms) (Alt-Ergo)
[wp] [Timeout] typed_duffsDevice_assert_rte_mem_access_4_part1 (Qed 5ms) (Alt-Ergo)
[wp] [Timeout] typed_duffsDevice_assert_rte_mem_access_5_part2 (Qed 4ms) (Alt-Ergo)
[wp] [Timeout] typed_duffsDevice_assert_rte_mem_access_4_part2 (Qed 14ms) (Alt-Ergo)
[wp] [Timeout] typed_duffsDevice_assert_rte_mem_access_3_part2 (Qed 13ms) (Alt-Ergo)
[wp] [Timeout] typed_duffsDevice_assert_rte_mem_access_3_part1 (Qed 4ms) (Alt-Ergo)
[wp] [Timeout] typed_duffsDevice_assert_rte_mem_access_2 (Qed 6ms) (Alt-Ergo)
[wp] [Timeout] typed_duffsDevice_assert_rte_mem_access (Qed 5ms) (Alt-Ergo)
[wp] [Timeout] typed_duffsDevice_assert_rte_signed_overflow (Qed 0.92ms) (Alt-Ergo)
[wp] [Timeout] typed_duffsDevice_terminates (Qed 3ms) (Alt-Ergo)
[wp] [Timeout] typed_duffsDevice_assert_rte_mem_access_7_part1 (Qed 57ms) (Alt-Ergo)
[wp] [Timeout] typed_duffsDevice_assert_rte_mem_access_7_part3 (Qed 12ms) (Alt-Ergo)
[wp] [Timeout] typed_duffsDevice_assert_rte_mem_access_7_part2 (Qed 41ms) (Alt-Ergo)
[wp] [Timeout] typed_duffsDevice_assert_rte_mem_access_8_part2 (Qed 18ms) (Alt-Ergo)
[wp] [Timeout] typed_duffsDevice_assert_rte_mem_access_8_part1 (Qed 25ms) (Alt-Ergo)
[wp] [Timeout] typed_duffsDevice_assert_rte_mem_access_7_part4 (Qed 84ms) (Alt-Ergo)
[wp] [Timeout] typed_duffsDevice_assert_rte_mem_access_9_part2 (Qed 29ms) (Alt-Ergo)
[wp] [Timeout] typed_duffsDevice_assert_rte_mem_access_9_part1 (Qed 53ms) (Alt-Ergo)
[wp] [Timeout] typed_duffsDevice_assert_rte_mem_access_8_part4 (Qed 95ms) (Alt-Ergo)
[wp] [Timeout] typed_duffsDevice_assert_rte_mem_access_8_part3 (Qed 15ms) (Alt-Ergo)
[wp] [Timeout] typed_duffsDevice_assert_rte_mem_access_10_part1 (Qed 78ms) (Alt-Ergo)
[wp] [Timeout] typed_duffsDevice_assert_rte_mem_access_9_part5 (Qed 117ms) (Alt-Ergo)
[wp] [Timeout] typed_duffsDevice_assert_rte_mem_access_9_part4 (Qed 16ms) (Alt-Ergo)
[wp] [Timeout] typed_duffsDevice_assert_rte_mem_access_9_part3 (Qed 32ms) (Alt-Ergo)
[wp] [Timeout] typed_duffsDevice_assert_rte_mem_access_10_part2 (Qed 60ms) (Alt-Ergo)
[wp] [Timeout] typed_duffsDevice_assert_rte_mem_access_10_part4 (Qed 16ms) (Alt-Ergo)
[wp] [Timeout] typed_duffsDevice_assert_rte_mem_access_10_part3 (Qed 38ms) (Alt-Ergo)
[wp] [Timeout] typed_duffsDevice_assert_rte_mem_access_11_part2 (Qed 66ms) (Alt-Ergo)
[wp] [Timeout] typed_duffsDevice_assert_rte_mem_access_11_part1 (Qed 102ms) (Alt-Ergo)
[wp] [Timeout] typed_duffsDevice_assert_rte_mem_access_10_part5 (Qed 137ms) (Alt-Ergo)
[wp] [Timeout] typed_duffsDevice_assert_rte_mem_access_11_part6 (Qed 140ms) (Alt-Ergo)
[wp] [Timeout] typed_duffsDevice_assert_rte_mem_access_11_part5 (Qed 13ms) (Alt-Ergo)
[wp] [Timeout] typed_duffsDevice_assert_rte_mem_access_11_part4 (Qed 32ms) (Alt-Ergo)
[wp] [Timeout] typed_duffsDevice_assert_rte_mem_access_11_part3 (Qed 46ms) (Alt-Ergo)
[wp] [Timeout] typed_duffsDevice_assert_rte_mem_access_12_part4 (Qed 38ms) (Alt-Ergo)
[wp] [Timeout] typed_duffsDevice_assert_rte_mem_access_12_part3 (Qed 49ms) (Alt-Ergo)
[wp] [Timeout] typed_duffsDevice_assert_rte_mem_access_12_part2 (Qed 77ms) (Alt-Ergo)
[wp] [Timeout] typed_duffsDevice_assert_rte_mem_access_12_part1 (Qed 109ms) (Alt-Ergo)
[wp] [Timeout] typed_duffsDevice_assert_rte_mem_access_12_part5 (Qed 17ms) (Alt-Ergo)
[wp] [Timeout] typed_duffsDevice_assert_rte_mem_access_12_part6 (Qed 221ms) (Alt-Ergo)
[wp] [Timeout] typed_duffsDevice_assert_rte_mem_access_13_part1 (Qed 153ms) (Alt-Ergo)
[wp] [Timeout] typed_duffsDevice_assert_rte_mem_access_13_part4 (Qed 37ms) (Alt-Ergo)
[wp] [Timeout] typed_duffsDevice_assert_rte_mem_access_13_part3 (Qed 61ms) (Alt-Ergo)
[wp] [Timeout] typed_duffsDevice_assert_rte_mem_access_13_part2 (Qed 88ms) (Alt-Ergo)
[wp] [Timeout] typed_duffsDevice_assert_rte_mem_access_14_part1 (Qed 97ms) (Alt-Ergo)
[wp] [Timeout] typed_duffsDevice_assert_rte_mem_access_13_part7 (Qed 160ms) (Alt-Ergo)
[wp] [Timeout] typed_duffsDevice_assert_rte_mem_access_13_part6 (Qed 11ms) (Alt-Ergo)
[wp] [Timeout] typed_duffsDevice_assert_rte_mem_access_13_part5 (Qed 26ms) (Alt-Ergo)
[wp] [Timeout] typed_duffsDevice_assert_rte_mem_access_14_part5 (Qed 32ms) (Alt-Ergo)
[wp] [Timeout] typed_duffsDevice_assert_rte_mem_access_14_part4 (Qed 49ms) (Alt-Ergo)
[wp] [Timeout] typed_duffsDevice_assert_rte_mem_access_14_part3 (Qed 74ms) (Alt-Ergo)
[wp] [Timeout] typed_duffsDevice_assert_rte_mem_access_14_part2 (Qed 95ms) (Alt-Ergo)
[wp] [Timeout] typed_duffsDevice_assert_rte_mem_access_14_part6 (Qed 16ms) (Alt-Ergo)
[wp] [Timeout] typed_duffsDevice_assert_rte_mem_access_14_part7 (Qed 193ms) (Alt-Ergo)
[wp] [Timeout] typed_duffsDevice_assert_rte_signed_overflow_2_part7 (Qed 173ms) (Alt-Ergo)
[wp] Proved goals:    7 / 66
  Unreachable:     1
  Qed:             6 (0.92ms-50ms-221ms)
  Timeout:        59
[wp:pedantic-assigns] duff_rte.c:1: Warning: 
  No 'assigns' specification for function 'duffsDevice'.
  Callers assumptions might be imprecise.
[kernel] Parsing duff_rte.c (with preprocessing)
[wp] Running WP plugin...
[wp] Warning: Missing RTE guards
[wp] duff_rte.c:7: Warning: 
  Missing assigns clause (assigns 'everything' instead)
[wp] 65 goals scheduled
[wp] [Unknown] typed_duffsDevice_assert_rte_mem_access_6_part3 (Qed 22ms) (CVC4)
[wp] [Unknown] typed_duffsDevice_assert_rte_mem_access_6_part2 (Qed 5ms) (CVC4)
[wp] [Unknown] typed_duffsDevice_assert_rte_mem_access_6_part1 (Qed 12ms) (CVC4)
[wp] [Unknown] typed_duffsDevice_assert_rte_mem_access_5_part3 (Qed 22ms) (CVC4)
[wp] [Unknown] typed_duffsDevice_assert_rte_mem_access_5_part2 (Qed 5ms) (CVC4)
[wp] [Unknown] typed_duffsDevice_assert_rte_mem_access_5_part1 (Qed 13ms) (CVC4)
[wp] [Unknown] typed_duffsDevice_assert_rte_mem_access_4_part2 (Qed 18ms) (CVC4)
[wp] [Unknown] typed_duffsDevice_assert_rte_mem_access_4_part1 (Qed 5ms) (CVC4)
[wp] [Unknown] typed_duffsDevice_assert_rte_mem_access_3_part2 (Qed 13ms) (CVC4)
[wp] [Unknown] typed_duffsDevice_assert_rte_mem_access_3_part1 (Qed 4ms) (CVC4)
[wp] [Unknown] typed_duffsDevice_assert_rte_mem_access_2 (Qed 6ms) (CVC4)
[wp] [Unknown] typed_duffsDevice_assert_rte_mem_access (Qed 5ms) (CVC4)
[wp] [Unknown] typed_duffsDevice_assert_rte_signed_overflow (Qed 0.86ms) (CVC4)
[wp] [Unknown] typed_duffsDevice_terminates (Qed 3ms) (CVC4)
[wp] [Unknown] typed_duffsDevice_assert_rte_mem_access_10_part1 (Qed 23ms) (CVC4)
[wp] [Unknown] typed_duffsDevice_assert_rte_mem_access_9_part5 (Qed 34ms) (CVC4)
[wp] [Unknown] typed_duffsDevice_assert_rte_mem_access_9_part4 (Qed 4ms) (CVC4)
[wp] [Unknown] typed_duffsDevice_assert_rte_mem_access_9_part3 (Qed 12ms) (CVC4)
[wp] [Unknown] typed_duffsDevice_assert_rte_mem_access_9_part2 (Qed 17ms) (CVC4)
[wp] [Unknown] typed_duffsDevice_assert_rte_mem_access_9_part1 (Qed 24ms) (CVC4)
[wp] [Unknown] typed_duffsDevice_assert_rte_mem_access_8_part4 (Qed 31ms) (CVC4)
[wp] [Unknown] typed_duffsDevice_assert_rte_mem_access_8_part3 (Qed 5ms) (CVC4)
[wp] [Unknown] typed_duffsDevice_assert_rte_mem_access_8_part2 (Qed 11ms) (CVC4)
[wp] [Unknown] typed_duffsDevice_assert_rte_mem_access_8_part1 (Qed 18ms) (CVC4)
[wp] [Unknown] typed_duffsDevice_assert_rte_mem_access_7_part4 (Qed 30ms) (CVC4)
[wp] [Unknown] typed_duffsDevice_assert_rte_mem_access_7_part3 (Qed 4ms) (CVC4)
[wp] [Unknown] typed_duffsDevice_assert_rte_mem_access_7_part2 (Qed 11ms) (CVC4)
[wp] [Unknown] typed_duffsDevice_assert_rte_mem_access_7_part1 (Qed 23ms) (CVC4)
[wp] [Unknown] typed_duffsDevice_assert_rte_mem_access_12_part4 (Qed 12ms) (CVC4)
[wp] [Unknown] typed_duffsDevice_assert_rte_mem_access_12_part3 (Qed 15ms) (CVC4)
[wp] [Unknown] typed_duffsDevice_assert_rte_mem_access_12_part2 (Qed 21ms) (CVC4)
[wp] [Unknown] typed_duffsDevice_assert_rte_mem_access_12_part1 (Qed 28ms) (CVC4)
[wp] [Unknown] typed_duffsDevice_assert_rte_mem_access_11_part6 (Qed 40ms) (CVC4)
[wp] [Unknown] typed_duffsDevice_assert_rte_mem_access_11_part5 (Qed 4ms) (CVC4)
[wp] [Unknown] typed_duffsDevice_assert_rte_mem_access_11_part4 (Qed 13ms) (CVC4)
[wp] [Unknown] typed_duffsDevice_assert_rte_mem_access_11_part3 (Qed 16ms) (CVC4)
[wp] [Unknown] typed_duffsDevice_assert_rte_mem_access_11_part2 (Qed 23ms) (CVC4)
[wp] [Unknown] typed_duffsDevice_assert_rte_mem_access_11_part1 (Qed 37ms) (CVC4)
[wp] [Unknown] typed_duffsDevice_assert_rte_mem_access_10_part5 (Qed 40ms) (CVC4)
[wp] [Unknown] typed_duffsDevice_assert_rte_mem_access_10_part4 (Qed 5ms) (CVC4)
[wp] [Unknown] typed_duffsDevice_assert_rte_mem_access_10_part3 (Qed 12ms) (CVC4)
[wp] [Unknown] typed_duffsDevice_assert_rte_mem_access_10_part2 (Qed 23ms) (CVC4)
[wp] [Unknown] typed_duffsDevice_assert_rte_mem_access_14_part5 (Qed 10ms) (CVC4)
[wp] [Unknown] typed_duffsDevice_assert_rte_mem_access_14_part4 (Qed 14ms) (CVC4)
[wp] [Unknown] typed_duffsDevice_assert_rte_mem_access_14_part3 (Qed 21ms) (CVC4)
[wp] [Unknown] typed_duffsDevice_assert_rte_mem_access_14_part2 (Qed 31ms) (CVC4)
[wp] [Unknown] typed_duffsDevice_assert_rte_mem_access_14_part1 (Qed 36ms) (CVC4)
[wp] [Unknown] typed_duffsDevice_assert_rte_mem_access_13_part7 (Qed 48ms) (CVC4)
[wp] [Unknown] typed_duffsDevice_assert_rte_mem_access_13_part6 (Qed 3ms) (CVC4)
[wp] [Unknown] typed_duffsDevice_assert_rte_mem_access_13_part5 (Qed 8ms) (CVC4)
[wp] [Unknown] typed_duffsDevice_assert_rte_mem_access_13_part4 (Qed 12ms) (CVC4)
[wp] [Unknown] typed_duffsDevice_assert_rte_mem_access_13_part3 (Qed 17ms) (CVC4)
[wp] [Unknown] typed_duffsDevice_assert_rte_mem_access_13_part2 (Qed 24ms) (CVC4)
[wp] [Unknown] typed_duffsDevice_assert_rte_mem_access_13_part1 (Qed 33ms) (CVC4)
[wp] [Unknown] typed_duffsDevice_assert_rte_mem_access_12_part6 (Qed 42ms) (CVC4)
[wp] [Unknown] typed_duffsDevice_assert_rte_mem_access_12_part5 (Qed 10ms) (CVC4)
[wp] [Unknown] typed_duffsDevice_assert_rte_signed_overflow_2_part7 (Qed 55ms) (CVC4)
[wp] [Unknown] typed_duffsDevice_assert_rte_mem_access_14_part7 (Qed 46ms) (CVC4)
[wp] [Unknown] typed_duffsDevice_assert_rte_mem_access_14_part6 (Qed 6ms) (CVC4)
[wp] Proved goals:    7 / 66
  Unreachable:     1
  Qed:             6 (0.86ms-17ms-55ms)
  Unknown:        59
[wp:pedantic-assigns] duff_rte.c:1: Warning: 
  No 'assigns' specification for function 'duffsDevice'.
  Callers assumptions might be imprecise.
[kernel] Parsing duff_rte.c (with preprocessing)
[wp] Running WP plugin...
[wp] Warning: Missing RTE guards
[wp] duff_rte.c:7: Warning: 
  Missing assigns clause (assigns 'everything' instead)
[wp] 65 goals scheduled
[wp] [Unknown] typed_duffsDevice_assert_rte_mem_access_6_part3 (Qed 22ms) (CVC5)
[wp] [Unknown] typed_duffsDevice_assert_rte_mem_access_6_part2 (Qed 5ms) (CVC5)
[wp] [Unknown] typed_duffsDevice_assert_rte_mem_access_6_part1 (Qed 14ms) (CVC5)
[wp] [Unknown] typed_duffsDevice_assert_rte_mem_access_5_part3 (Qed 22ms) (CVC5)
[wp] [Unknown] typed_duffsDevice_assert_rte_mem_access_5_part2 (Qed 5ms) (CVC5)
[wp] [Unknown] typed_duffsDevice_assert_rte_mem_access_5_part1 (Qed 12ms) (CVC5)
[wp] [Unknown] typed_duffsDevice_assert_rte_mem_access_4_part2 (Qed 14ms) (CVC5)
[wp] [Unknown] typed_duffsDevice_assert_rte_mem_access_4_part1 (Qed 5ms) (CVC5)
[wp] [Unknown] typed_duffsDevice_assert_rte_mem_access_3_part2 (Qed 14ms) (CVC5)
[wp] [Unknown] typed_duffsDevice_assert_rte_mem_access_3_part1 (Qed 4ms) (CVC5)
[wp] [Unknown] typed_duffsDevice_assert_rte_mem_access_2 (Qed 6ms) (CVC5)
[wp] [Unknown] typed_duffsDevice_assert_rte_mem_access (Qed 5ms) (CVC5)
[wp] [Unknown] typed_duffsDevice_assert_rte_signed_overflow (Qed 1ms) (CVC5)
[wp] [Unknown] typed_duffsDevice_terminates (Qed 3ms) (CVC5)
[wp] [Unknown] typed_duffsDevice_assert_rte_mem_access_10_part1 (Qed 26ms) (CVC5)
[wp] [Unknown] typed_duffsDevice_assert_rte_mem_access_9_part5 (Qed 37ms) (CVC5)
[wp] [Unknown] typed_duffsDevice_assert_rte_mem_access_9_part4 (Qed 4ms) (CVC5)
[wp] [Unknown] typed_duffsDevice_assert_rte_mem_access_9_part3 (Qed 13ms) (CVC5)
[wp] [Unknown] typed_duffsDevice_assert_rte_mem_access_9_part2 (Qed 19ms) (CVC5)
[wp] [Unknown] typed_duffsDevice_assert_rte_mem_access_9_part1 (Qed 25ms) (CVC5)
[wp] [Unknown] typed_duffsDevice_assert_rte_mem_access_8_part4 (Qed 31ms) (CVC5)
[wp] [Unknown] typed_duffsDevice_assert_rte_mem_access_8_part3 (Qed 5ms) (CVC5)
[wp] [Unknown] typed_duffsDevice_assert_rte_mem_access_8_part2 (Qed 12ms) (CVC5)
[wp] [Unknown] typed_duffsDevice_assert_rte_mem_access_8_part1 (Qed 19ms) (CVC5)
[wp] [Unknown] typed_duffsDevice_assert_rte_mem_access_7_part4 (Qed 29ms) (CVC5)
[wp] [Unknown] typed_duffsDevice_assert_rte_mem_access_7_part3 (Qed 5ms) (CVC5)
[wp] [Unknown] typed_duffsDevice_assert_rte_mem_access_7_part2 (Qed 11ms) (CVC5)
[wp] [Unknown] typed_duffsDevice_assert_rte_mem_access_7_part1 (Qed 20ms) (CVC5)
[wp] [Unknown] typed_duffsDevice_assert_rte_mem_access_12_part1 (Qed 28ms) (CVC5)
[wp] [Unknown] typed_duffsDevice_assert_rte_mem_access_11_part6 (Qed 41ms) (CVC5)
[wp] [Unknown] typed_duffsDevice_assert_rte_mem_access_11_part5 (Qed 4ms) (CVC5)
[wp] [Unknown] typed_duffsDevice_assert_rte_mem_access_11_part4 (Qed 9ms) (CVC5)
[wp] [Unknown] typed_duffsDevice_assert_rte_mem_access_11_part3 (Qed 18ms) (CVC5)
[wp] [Unknown] typed_duffsDevice_assert_rte_mem_access_11_part2 (Qed 24ms) (CVC5)
[wp] [Unknown] typed_duffsDevice_assert_rte_mem_access_11_part1 (Qed 32ms) (CVC5)
[wp] [Unknown] typed_duffsDevice_assert_rte_mem_access_10_part5 (Qed 40ms) (CVC5)
[wp] [Unknown] typed_duffsDevice_assert_rte_mem_access_10_part4 (Qed 5ms) (CVC5)
[wp] [Unknown] typed_duffsDevice_assert_rte_mem_access_10_part3 (Qed 11ms) (CVC5)
[wp] [Unknown] typed_duffsDevice_assert_rte_mem_access_10_part2 (Qed 20ms) (CVC5)
[wp] [Unknown] typed_duffsDevice_assert_rte_mem_access_12_part4 (Qed 12ms) (CVC5)
[wp] [Unknown] typed_duffsDevice_assert_rte_mem_access_12_part3 (Qed 29ms) (CVC5)
[wp] [Unknown] typed_duffsDevice_assert_rte_mem_access_12_part2 (Qed 40ms) (CVC5)
[wp] [Unknown] typed_duffsDevice_assert_rte_mem_access_14_part2 (Qed 27ms) (CVC5)
[wp] [Unknown] typed_duffsDevice_assert_rte_mem_access_14_part1 (Qed 37ms) (CVC5)
[wp] [Unknown] typed_duffsDevice_assert_rte_mem_access_13_part7 (Qed 45ms) (CVC5)
[wp] [Unknown] typed_duffsDevice_assert_rte_mem_access_13_part6 (Qed 3ms) (CVC5)
[wp] [Unknown] typed_duffsDevice_assert_rte_mem_access_13_part5 (Qed 8ms) (CVC5)
[wp] [Unknown] typed_duffsDevice_assert_rte_mem_access_13_part4 (Qed 12ms) (CVC5)
[wp] [Unknown] typed_duffsDevice_assert_rte_mem_access_13_part3 (Qed 19ms) (CVC5)
[wp] [Unknown] typed_duffsDevice_assert_rte_mem_access_13_part2 (Qed 24ms) (CVC5)
[wp] [Unknown] typed_duffsDevice_assert_rte_mem_access_13_part1 (Qed 33ms) (CVC5)
[wp] [Unknown] typed_duffsDevice_assert_rte_mem_access_12_part6 (Qed 47ms) (CVC5)
[wp] [Unknown] typed_duffsDevice_assert_rte_mem_access_12_part5 (Qed 7ms) (CVC5)
[wp] [Unknown] typed_duffsDevice_assert_rte_mem_access_14_part4 (Qed 16ms) (CVC5)
[wp] [Unknown] typed_duffsDevice_assert_rte_mem_access_14_part3 (Qed 31ms) (CVC5)
[wp] [Unknown] typed_duffsDevice_assert_rte_mem_access_14_part5 (Qed 12ms) (CVC5)
[wp] [Unknown] typed_duffsDevice_assert_rte_mem_access_14_part7 (Qed 49ms) (CVC5)
[wp] [Unknown] typed_duffsDevice_assert_rte_signed_overflow_2_part7 (Qed 51ms) (CVC5)
[wp] [Unknown] typed_duffsDevice_assert_rte_mem_access_14_part6 (Qed 6ms) (CVC5)
[wp] Proved goals:    7 / 66
  Unreachable:     1
  Qed:             6 (1ms-17ms-51ms)
  Unknown:        59
[wp:pedantic-assigns] duff_rte.c:1: Warning: 
  No 'assigns' specification for function 'duffsDevice'.
  Callers assumptions might be imprecise.
[kernel] Parsing duff_rte.c (with preprocessing)
[wp] Running WP plugin...
[wp] Warning: Missing RTE guards
[wp] duff_rte.c:7: Warning: 
  Missing assigns clause (assigns 'everything' instead)
[wp] 65 goals scheduled
[wp] [Unknown] typed_duffsDevice_assert_rte_mem_access_6_part3 (Qed 22ms) (Z3)
[wp] [Unknown] typed_duffsDevice_assert_rte_mem_access_6_part2 (Qed 5ms) (Z3)
[wp] [Unknown] typed_duffsDevice_assert_rte_mem_access_6_part1 (Qed 14ms) (Z3)
[wp] [Unknown] typed_duffsDevice_assert_rte_mem_access_5_part3 (Qed 22ms) (Z3)
[wp] [Unknown] typed_duffsDevice_assert_rte_mem_access_5_part2 (Qed 5ms) (Z3)
[wp] [Unknown] typed_duffsDevice_assert_rte_mem_access_5_part1 (Qed 13ms) (Z3)
[wp] [Unknown] typed_duffsDevice_assert_rte_mem_access_4_part2 (Qed 14ms) (Z3)
[wp] [Unknown] typed_duffsDevice_assert_rte_mem_access_4_part1 (Qed 6ms) (Z3)
[wp] [Unknown] typed_duffsDevice_assert_rte_mem_access_3_part2 (Qed 12ms) (Z3)
[wp] [Unknown] typed_duffsDevice_assert_rte_mem_access_3_part1 (Qed 4ms) (Z3)
[wp] [Unknown] typed_duffsDevice_assert_rte_mem_access_2 (Qed 6ms) (Z3)
[wp] [Unknown] typed_duffsDevice_assert_rte_mem_access (Qed 5ms) (Z3)
[wp] [Unknown] typed_duffsDevice_assert_rte_mem_access_9_part4 (Qed 4ms) (Z3)
[wp] [Unknown] typed_duffsDevice_assert_rte_mem_access_9_part3 (Qed 10ms) (Z3)
[wp] [Unknown] typed_duffsDevice_assert_rte_mem_access_9_part2 (Qed 15ms) (Z3)
[wp] [Unknown] typed_duffsDevice_assert_rte_mem_access_9_part1 (Qed 25ms) (Z3)
[wp] [Unknown] typed_duffsDevice_assert_rte_mem_access_8_part4 (Qed 39ms) (Z3)
[wp] [Unknown] typed_duffsDevice_assert_rte_mem_access_8_part3 (Qed 6ms) (Z3)
[wp] [Unknown] typed_duffsDevice_assert_rte_mem_access_8_part2 (Qed 13ms) (Z3)
[wp] [Unknown] typed_duffsDevice_assert_rte_mem_access_8_part1 (Qed 23ms) (Z3)
[wp] [Unknown] typed_duffsDevice_assert_rte_mem_access_7_part4 (Qed 48ms) (Z3)
[wp] [Unknown] typed_duffsDevice_assert_rte_mem_access_7_part3 (Qed 5ms) (Z3)
[wp] [Unknown] typed_duffsDevice_assert_rte_mem_access_7_part2 (Qed 13ms) (Z3)
[wp] [Unknown] typed_duffsDevice_assert_rte_mem_access_7_part1 (Qed 25ms) (Z3)
[wp] [Unknown] typed_duffsDevice_assert_rte_mem_access_11_part6 (Qed 42ms) (Z3)
[wp] [Unknown] typed_duffsDevice_assert_rte_mem_access_11_part5 (Qed 4ms) (Z3)
[wp] [Unknown] typed_duffsDevice_assert_rte_mem_access_11_part4 (Qed 9ms) (Z3)
[wp] [Unknown] typed_duffsDevice_assert_rte_mem_access_11_part3 (Qed 15ms) (Z3)
[wp] [Unknown] typed_duffsDevice_assert_rte_mem_access_11_part2 (Qed 24ms) (Z3)
[wp] [Unknown] typed_duffsDevice_assert_rte_mem_access_11_part1 (Qed 47ms) (Z3)
[wp] [Unknown] typed_duffsDevice_assert_rte_mem_access_10_part5 (Qed 59ms) (Z3)
[wp] [Unknown] typed_duffsDevice_assert_rte_mem_access_10_part4 (Qed 8ms) (Z3)
[wp] [Unknown] typed_duffsDevice_assert_rte_mem_access_10_part3 (Qed 12ms) (Z3)
[wp] [Unknown] typed_duffsDevice_assert_rte_mem_access_10_part2 (Qed 18ms) (Z3)
[wp] [Unknown] typed_duffsDevice_assert_rte_mem_access_10_part1 (Qed 35ms) (Z3)
[wp] [Unknown] typed_duffsDevice_assert_rte_mem_access_9_part5 (Qed 58ms) (Z3)
[wp] [Timeout] typed_duffsDevice_assert_rte_signed_overflow (Qed 0.85ms) (Z3)
[wp] [Timeout] typed_duffsDevice_terminates (Qed 3ms) (Z3)
[wp] [Unknown] typed_duffsDevice_assert_rte_mem_access_13_part6 (Qed 6ms) (Z3)
[wp] [Unknown] typed_duffsDevice_assert_rte_mem_access_13_part5 (Qed 9ms) (Z3)
[wp] [Unknown] typed_duffsDevice_assert_rte_mem_access_13_part4 (Qed 13ms) (Z3)
[wp] [Unknown] typed_duffsDevice_assert_rte_mem_access_13_part3 (Qed 24ms) (Z3)
[wp] [Unknown] typed_duffsDevice_assert_rte_mem_access_13_part2 (Qed 40ms) (Z3)
[wp] [Unknown] typed_duffsDevice_assert_rte_mem_access_13_part1 (Qed 41ms) (Z3)
[wp] [Unknown] typed_duffsDevice_assert_rte_mem_access_12_part6 (Qed 57ms) (Z3)
[wp] [Unknown] typed_duffsDevice_assert_rte_mem_access_12_part5 (Qed 5ms) (Z3)
[wp] [Unknown] typed_duffsDevice_assert_rte_mem_access_12_part4 (Qed 11ms) (Z3)
[wp] [Unknown] typed_duffsDevice_assert_rte_mem_access_12_part3 (Qed 20ms) (Z3)
[wp] [Unknown] typed_duffsDevice_assert_rte_mem_access_12_part2 (Qed 35ms) (Z3)
[wp] [Unknown] typed_duffsDevice_assert_rte_mem_access_12_part1 (Qed 47ms) (Z3)
[wp] [Unknown] typed_duffsDevice_assert_rte_mem_access_14_part1 (Qed 38ms) (Z3)
[wp] [Unknown] typed_duffsDevice_assert_rte_mem_access_13_part7 (Qed 50ms) (Z3)
[wp] [Unknown] typed_duffsDevice_assert_rte_mem_access_14_part7 (Qed 48ms) (Z3)
[wp] [Unknown] typed_duffsDevice_assert_rte_mem_access_14_part6 (Qed 4ms) (Z3)
[wp] [Unknown] typed_duffsDevice_assert_rte_mem_access_14_part5 (Qed 11ms) (Z3)
[wp] [Unknown] typed_duffsDevice_assert_rte_mem_access_14_part4 (Qed 13ms) (Z3)
[wp] [Unknown] typed_duffsDevice_assert_rte_mem_access_14_part3 (Qed 18ms) (Z3)
[wp] [Unknown] typed_duffsDevice_assert_rte_mem_access_14_part2 (Qed 35ms) (Z3)
[wp] [Unknown] typed_duffsDevice_assert_rte_signed_overflow_2_part7 (Qed 66ms) (Z3)
[wp] Proved goals:    7 / 66
  Unreachable:     1
  Qed:             6 (0.85ms-20ms-66ms)
  Timeout:         2
  Unknown:        57
[wp:pedantic-assigns] duff_rte.c:1: Warning: 
  No 'assigns' specification for function 'duffsDevice'.
  Callers assumptions might be imprecise.
[kernel] Parsing fizzbuzz_rte.c (with preprocessing)
[kernel] fizzbuzz_rte.c:57: 
  syntax error:
  Location: between lines 57 and 58, before or at token: void
  55    int printf_va_4(char const * restrict format, int param0);
  56    
  
  57    void fizzBuzz(int n)
  58    void fizzBuzz(int n)
  
  59    {
  60      int i = 1;
[kernel] Frama-C aborted: invalid user input.
[kernel] Parsing fizzbuzz_rte.c (with preprocessing)
[kernel] fizzbuzz_rte.c:57: 
  syntax error:
  Location: between lines 57 and 58, before or at token: void
  55    int printf_va_4(char const * restrict format, int param0);
  56    
  
  57    void fizzBuzz(int n)
  58    void fizzBuzz(int n)
  
  59    {
  60      int i = 1;
[kernel] Frama-C aborted: invalid user input.
[kernel] Parsing fizzbuzz_rte.c (with preprocessing)
[kernel] fizzbuzz_rte.c:57: 
  syntax error:
  Location: between lines 57 and 58, before or at token: void
  55    int printf_va_4(char const * restrict format, int param0);
  56    
  
  57    void fizzBuzz(int n)
  58    void fizzBuzz(int n)
  
  59    {
  60      int i = 1;
[kernel] Frama-C aborted: invalid user input.
[kernel] Parsing fizzbuzz_rte.c (with preprocessing)
[kernel] fizzbuzz_rte.c:57: 
  syntax error:
  Location: between lines 57 and 58, before or at token: void
  55    int printf_va_4(char const * restrict format, int param0);
  56    
  
  57    void fizzBuzz(int n)
  58    void fizzBuzz(int n)
  
  59    {
  60      int i = 1;
[kernel] Frama-C aborted: invalid user input.
[kernel] Parsing hamming_rte.c (with preprocessing)
[wp] Running WP plugin...
[wp] Warning: Missing RTE guards
[wp] hamming_rte.c:5: Warning: 
  Missing assigns clause (assigns 'everything' instead)
[wp] 1 goal scheduled
[wp] [Timeout] typed_hammingDistance_terminates (Alt-Ergo)
[wp] Proved goals:    1 / 2
  Unreachable:     1
  Qed:             0
  Timeout:         1
[wp:pedantic-assigns] hamming_rte.c:1: Warning: 
  No 'assigns' specification for function 'hammingDistance'.
  Callers assumptions might be imprecise.
[kernel] Parsing hamming_rte.c (with preprocessing)
[wp] Running WP plugin...
[wp] Warning: Missing RTE guards
[wp] hamming_rte.c:5: Warning: 
  Missing assigns clause (assigns 'everything' instead)
[wp] 1 goal scheduled
[wp] [Unknown] typed_hammingDistance_terminates (CVC4)
[wp] Proved goals:    1 / 2
  Unreachable:     1
  Qed:             0
  Unknown:         1
[wp:pedantic-assigns] hamming_rte.c:1: Warning: 
  No 'assigns' specification for function 'hammingDistance'.
  Callers assumptions might be imprecise.
[kernel] Parsing hamming_rte.c (with preprocessing)
[wp] Running WP plugin...
[wp] Warning: Missing RTE guards
[wp] hamming_rte.c:5: Warning: 
  Missing assigns clause (assigns 'everything' instead)
[wp] 1 goal scheduled
[wp] [Unknown] typed_hammingDistance_terminates (CVC5)
[wp] Proved goals:    1 / 2
  Unreachable:     1
  Qed:             0
  Unknown:         1
[wp:pedantic-assigns] hamming_rte.c:1: Warning: 
  No 'assigns' specification for function 'hammingDistance'.
  Callers assumptions might be imprecise.
[kernel] Parsing hamming_rte.c (with preprocessing)
[wp] Running WP plugin...
[wp] Warning: Missing RTE guards
[wp] hamming_rte.c:5: Warning: 
  Missing assigns clause (assigns 'everything' instead)
[wp] 1 goal scheduled
[wp] [Timeout] typed_hammingDistance_terminates (Z3)
[wp] Proved goals:    1 / 2
  Unreachable:     1
  Qed:             0
  Timeout:         1
[wp:pedantic-assigns] hamming_rte.c:1: Warning: 
  No 'assigns' specification for function 'hammingDistance'.
  Callers assumptions might be imprecise.
[kernel] Parsing kahan_rte.c (with preprocessing)
[wp] Running WP plugin...
[wp] Warning: Missing RTE guards
[wp] kahan_rte.c:7: Warning: 
  Missing assigns clause (assigns 'everything' instead)
[wp] 7 goals scheduled
[wp] [Timeout] typed_kahanSum_terminates (Qed 1ms) (Alt-Ergo)
[wp] [Timeout] typed_kahanSum_assert_rte_mem_access (Qed 2ms) (Alt-Ergo)
[wp] Proved goals:    6 / 8
  Unreachable:       1
  Qed:               1 (1ms-2ms-5ms)
  Alt-Ergo 2.6.2:    4 (157ms-220ms-318ms)
  Timeout:           2
[wp:pedantic-assigns] kahan_rte.c:1: Warning: 
  No 'assigns' specification for function 'kahanSum'.
  Callers assumptions might be imprecise.
[kernel] Parsing kahan_rte.c (with preprocessing)
[wp] Running WP plugin...
[wp] Warning: Missing RTE guards
[wp] kahan_rte.c:7: Warning: 
  Missing assigns clause (assigns 'everything' instead)
[wp] 7 goals scheduled
[wp] [Failure] typed_kahanSum_assert_rte_is_nan_or_infinite_4 (Qed 6ms) (CVC4)
[wp] [Unknown] typed_kahanSum_assert_rte_mem_access (Qed 3ms) (CVC4)
[wp] [Unknown] typed_kahanSum_terminates (Qed 2ms) (CVC4)
[wp] [Failure] typed_kahanSum_assert_rte_is_nan_or_infinite_3 (Qed 4ms) (CVC4)
[wp] [Failure] typed_kahanSum_assert_rte_is_nan_or_infinite_2 (Qed 5ms) (CVC4)
[wp] [Failure] typed_kahanSum_assert_rte_is_nan_or_infinite (Qed 2ms) (CVC4)
[wp] Proved goals:    2 / 8
  Unreachable:     1
  Qed:             1 (2ms-3ms-6ms)
  Failed:          4
  Unknown:         2
[wp:pedantic-assigns] kahan_rte.c:1: Warning: 
  No 'assigns' specification for function 'kahanSum'.
  Callers assumptions might be imprecise.
[kernel] Parsing kahan_rte.c (with preprocessing)
[wp] Running WP plugin...
[wp] Warning: Missing RTE guards
[wp] kahan_rte.c:7: Warning: 
  Missing assigns clause (assigns 'everything' instead)
[wp] 7 goals scheduled
[wp] [Unknown] typed_kahanSum_terminates (Qed 1ms) (CVC5)
[wp] [Unknown] typed_kahanSum_assert_rte_mem_access (Qed 2ms) (CVC5)
[wp] [Unknown] typed_kahanSum_assert_rte_is_nan_or_infinite (Qed 2ms) (CVC5)
[wp] [Unknown] typed_kahanSum_assert_rte_is_nan_or_infinite_2 (Qed 3ms) (CVC5)
[wp] [Unknown] typed_kahanSum_assert_rte_is_nan_or_infinite_3 (Qed 4ms) (CVC5)
[wp] [Unknown] typed_kahanSum_assert_rte_is_nan_or_infinite_4 (Qed 5ms) (CVC5)
[wp] Proved goals:    2 / 8
  Unreachable:     1
  Qed:             1 (1ms-2ms-5ms)
  Unknown:         6
[wp:pedantic-assigns] kahan_rte.c:1: Warning: 
  No 'assigns' specification for function 'kahanSum'.
  Callers assumptions might be imprecise.
[kernel] Parsing kahan_rte.c (with preprocessing)
[wp] Running WP plugin...
[wp] Warning: Missing RTE guards
[wp] kahan_rte.c:7: Warning: 
  Missing assigns clause (assigns 'everything' instead)
[wp] 7 goals scheduled
[wp] [Unknown] typed_kahanSum_assert_rte_mem_access (Qed 2ms) (Z3)
[wp] [Unknown] typed_kahanSum_assert_rte_is_nan_or_infinite (Qed 2ms) (Z3)
[wp] [Unknown] typed_kahanSum_assert_rte_is_nan_or_infinite_3 (Qed 4ms) (Z3)
[wp] [Timeout] typed_kahanSum_assert_rte_is_nan_or_infinite_4 (Qed 5ms) (Z3)
[wp] [Timeout] typed_kahanSum_assert_rte_is_nan_or_infinite_2 (Qed 3ms) (Z3)
[wp] [Timeout] typed_kahanSum_terminates (Qed 1ms) (Z3)
[wp] Proved goals:    2 / 8
  Unreachable:     1
  Qed:             1 (1ms-2ms-5ms)
  Timeout:         3
  Unknown:         3
[wp:pedantic-assigns] kahan_rte.c:1: Warning: 
  No 'assigns' specification for function 'kahanSum'.
  Callers assumptions might be imprecise.
[kernel] Parsing kmp_rte.c (with preprocessing)
[wp] Running WP plugin...
[wp] Warning: No goal generated
[kernel] Parsing kmp_rte.c (with preprocessing)
[wp] Running WP plugin...
[wp] Warning: No goal generated
[kernel] Parsing kmp_rte.c (with preprocessing)
[wp] Running WP plugin...
[wp] Warning: No goal generated
[kernel] Parsing kmp_rte.c (with preprocessing)
[wp] Running WP plugin...
[wp] Warning: No goal generated
[kernel] Parsing levenshtein_rte.c (with preprocessing)
[wp] Running WP plugin...
[wp] Warning: No goal generated
[kernel] Parsing levenshtein_rte.c (with preprocessing)
[wp] Running WP plugin...
[wp] Warning: No goal generated
[kernel] Parsing levenshtein_rte.c (with preprocessing)
[wp] Running WP plugin...
[wp] Warning: No goal generated
[kernel] Parsing levenshtein_rte.c (with preprocessing)
[wp] Running WP plugin...
[wp] Warning: No goal generated
[kernel] Parsing rabinkarp_rte.c (with preprocessing)
[wp] Running WP plugin...
[wp] Warning: No goal generated
[kernel] Parsing rabinkarp_rte.c (with preprocessing)
[wp] Running WP plugin...
[wp] Warning: No goal generated
[kernel] Parsing rabinkarp_rte.c (with preprocessing)
[wp] Running WP plugin...
[wp] Warning: No goal generated
[kernel] Parsing rabinkarp_rte.c (with preprocessing)
[wp] Running WP plugin...
[wp] Warning: No goal generated
[kernel] Parsing sieve_rte.c (with preprocessing)
[wp] Running WP plugin...
[wp] Warning: Missing RTE guards
[wp] sieve_rte.c:29: Warning: 
  Missing assigns clause (assigns 'everything' instead)
[wp] sieve_rte.c:20: Warning: 
  Missing assigns clause (assigns 'everything' instead)
[wp] sieve_rte.c:6: Warning: 
  Missing assigns clause (assigns 'everything' instead)
[wp] 16 goals scheduled
[wp] [Timeout] typed_sieve_assert_rte_signed_overflow_6 (Qed 6ms) (Alt-Ergo)
[wp] [Timeout] typed_sieve_assert_rte_mem_access_5 (Qed 6ms) (Alt-Ergo)
[wp] [Timeout] typed_sieve_assert_rte_mem_access_4 (Qed 4ms) (Alt-Ergo)
[wp] [Timeout] typed_sieve_assert_rte_signed_overflow_3 (Qed 3ms) (Alt-Ergo)
[wp] [Timeout] typed_sieve_assert_rte_mem_access_3 (Qed 2ms) (Alt-Ergo)
[wp] [Timeout] typed_sieve_assert_rte_mem_access_2 (Qed 1ms) (Alt-Ergo)
[wp] [Timeout] typed_sieve_assert_rte_signed_overflow (Qed 1ms) (Alt-Ergo)
[wp] [Timeout] typed_sieve_assert_rte_mem_access (Qed 1ms) (Alt-Ergo)
[wp] [Timeout] typed_sieve_terminates_part2 (Qed 3ms) (Alt-Ergo)
[wp] [Timeout] typed_sieve_terminates_part1 (Qed 0.79ms) (Alt-Ergo)
[wp] [Timeout] typed_sieve_terminates_part3 (Qed 5ms) (Alt-Ergo)
[wp] [Timeout] typed_sieve_assert_rte_signed_overflow_8 (Qed 61ms) (Alt-Ergo)
[wp] [Timeout] typed_sieve_assert_rte_signed_overflow_7 (Qed 15ms) (Alt-Ergo)
[wp] Proved goals:    4 / 17
  Unreachable:       1
  Qed:               2 (0.79ms-7ms-61ms)
  Alt-Ergo 2.6.2:    1 (9ms)
  Timeout:          13
[wp:pedantic-assigns] sieve_rte.c:1: Warning: 
  No 'assigns' specification for function 'sieve'.
  Callers assumptions might be imprecise.
[kernel] Parsing sieve_rte.c (with preprocessing)
[wp] Running WP plugin...
[wp] Warning: Missing RTE guards
[wp] sieve_rte.c:29: Warning: 
  Missing assigns clause (assigns 'everything' instead)
[wp] sieve_rte.c:20: Warning: 
  Missing assigns clause (assigns 'everything' instead)
[wp] sieve_rte.c:6: Warning: 
  Missing assigns clause (assigns 'everything' instead)
[wp] 16 goals scheduled
[wp] [Unknown] typed_sieve_assert_rte_signed_overflow_6 (Qed 7ms) (CVC4)
[wp] [Unknown] typed_sieve_assert_rte_mem_access_5 (Qed 5ms) (CVC4)
[wp] [Unknown] typed_sieve_assert_rte_mem_access_4 (Qed 4ms) (CVC4)
[wp] [Unknown] typed_sieve_assert_rte_signed_overflow_3 (Qed 4ms) (CVC4)
[wp] [Unknown] typed_sieve_assert_rte_mem_access_3 (Qed 2ms) (CVC4)
[wp] [Unknown] typed_sieve_assert_rte_mem_access_2 (Qed 1ms) (CVC4)
[wp] [Unknown] typed_sieve_assert_rte_signed_overflow (Qed 1ms) (CVC4)
[wp] [Unknown] typed_sieve_assert_rte_mem_access (Qed 1ms) (CVC4)
[wp] [Unknown] typed_sieve_terminates_part3 (Qed 6ms) (CVC4)
[wp] [Unknown] typed_sieve_terminates_part2 (Qed 3ms) (CVC4)
[wp] [Unknown] typed_sieve_terminates_part1 (Qed 0.86ms) (CVC4)
[wp] [Unknown] typed_sieve_assert_rte_signed_overflow_8 (Qed 18ms) (CVC4)
[wp] [Unknown] typed_sieve_assert_rte_signed_overflow_7 (Qed 8ms) (CVC4)
[wp] Proved goals:    4 / 17
  Unreachable:     1
  Qed:             2 (0.86ms-4ms-18ms)
  CVC4 1.8:        1 (48ms)
  Unknown:        13
[wp:pedantic-assigns] sieve_rte.c:1: Warning: 
  No 'assigns' specification for function 'sieve'.
  Callers assumptions might be imprecise.
[kernel] Parsing sieve_rte.c (with preprocessing)
[wp] Running WP plugin...
[wp] Warning: Missing RTE guards
[wp] sieve_rte.c:29: Warning: 
  Missing assigns clause (assigns 'everything' instead)
[wp] sieve_rte.c:20: Warning: 
  Missing assigns clause (assigns 'everything' instead)
[wp] sieve_rte.c:6: Warning: 
  Missing assigns clause (assigns 'everything' instead)
[wp] 16 goals scheduled
[wp] [Unknown] typed_sieve_assert_rte_signed_overflow_6 (Qed 6ms) (CVC5)
[wp] [Unknown] typed_sieve_assert_rte_mem_access_5 (Qed 6ms) (CVC5)
[wp] [Unknown] typed_sieve_assert_rte_mem_access_4 (Qed 4ms) (CVC5)
[wp] [Unknown] typed_sieve_assert_rte_mem_access_3 (Qed 2ms) (CVC5)
[wp] [Unknown] typed_sieve_assert_rte_mem_access_2 (Qed 2ms) (CVC5)
[wp] [Unknown] typed_sieve_assert_rte_signed_overflow (Qed 2ms) (CVC5)
[wp] [Unknown] typed_sieve_assert_rte_mem_access (Qed 1ms) (CVC5)
[wp] [Unknown] typed_sieve_terminates_part3 (Qed 5ms) (CVC5)
[wp] [Unknown] typed_sieve_terminates_part2 (Qed 3ms) (CVC5)
[wp] [Unknown] typed_sieve_terminates_part1 (Qed 0.79ms) (CVC5)
[wp] [Unknown] typed_sieve_assert_rte_signed_overflow_8 (Qed 28ms) (CVC5)
[wp] [Unknown] typed_sieve_assert_rte_signed_overflow_7 (Qed 17ms) (CVC5)
[wp] [Timeout] typed_sieve_assert_rte_signed_overflow_3 (Qed 3ms) (CVC5)
[wp] Proved goals:    4 / 17
  Unreachable:     1
  Qed:             2 (0.79ms-5ms-28ms)
  CVC5 1.1.2:      1 (26ms)
  Timeout:         1
  Unknown:        12
[wp:pedantic-assigns] sieve_rte.c:1: Warning: 
  No 'assigns' specification for function 'sieve'.
  Callers assumptions might be imprecise.
[kernel] Parsing sieve_rte.c (with preprocessing)
[wp] Running WP plugin...
[wp] Warning: Missing RTE guards
[wp] sieve_rte.c:29: Warning: 
  Missing assigns clause (assigns 'everything' instead)
[wp] sieve_rte.c:20: Warning: 
  Missing assigns clause (assigns 'everything' instead)
[wp] sieve_rte.c:6: Warning: 
  Missing assigns clause (assigns 'everything' instead)
[wp] 16 goals scheduled
[wp] [Unknown] typed_sieve_assert_rte_signed_overflow_6 (Qed 7ms) (Z3)
[wp] [Unknown] typed_sieve_assert_rte_mem_access_5 (Qed 6ms) (Z3)
[wp] [Unknown] typed_sieve_assert_rte_mem_access_4 (Qed 4ms) (Z3)
[wp] [Unknown] typed_sieve_assert_rte_signed_overflow_3 (Qed 3ms) (Z3)
[wp] [Unknown] typed_sieve_assert_rte_mem_access_3 (Qed 2ms) (Z3)
[wp] [Unknown] typed_sieve_assert_rte_mem_access_2 (Qed 1ms) (Z3)
[wp] [Unknown] typed_sieve_assert_rte_signed_overflow (Qed 1ms) (Z3)
[wp] [Unknown] typed_sieve_assert_rte_mem_access (Qed 1ms) (Z3)
[wp] [Unknown] typed_sieve_terminates_part2 (Qed 3ms) (Z3)
[wp] [Unknown] typed_sieve_terminates_part3 (Qed 5ms) (Z3)
[wp] [Unknown] typed_sieve_assert_rte_signed_overflow_7 (Qed 15ms) (Z3)
[wp] [Timeout] typed_sieve_terminates_part1 (Qed 0.84ms) (Z3)
[wp] [Timeout] typed_sieve_assert_rte_signed_overflow_8 (Qed 22ms) (Z3)
[wp] Proved goals:    4 / 17
  Unreachable:     1
  Qed:             2 (0.84ms-5ms-22ms)
  Z3 4.8.12:       1 (29ms)
  Timeout:         2
  Unknown:        11
[wp:pedantic-assigns] sieve_rte.c:1: Warning: 
  No 'assigns' specification for function 'sieve'.
  Callers assumptions might be imprecise.
[kernel] Parsing sqrt_rte.c (with preprocessing)
[wp] Running WP plugin...
[wp] Warning: Missing RTE guards
[wp] sqrt_rte.c:11: Warning: 
  Cast with incompatible pointers types (source: sint32*) (target: float32*)
[wp] sqrt_rte.c:10: Warning: 
  Cast with incompatible pointers types (source: sint32*) (target: float32*)
[wp] sqrt_rte.c:6: Warning: 
  Cast with incompatible pointers types (source: float32*) (target: sint32*)
[wp] sqrt_rte.c:5: Warning: 
  Cast with incompatible pointers types (source: float32*) (target: sint32*)
[wp] 8 goals scheduled
[wp] Proved goals:   10 / 10
  Terminating:       1
  Unreachable:       1
  Qed:               0 (0.71ms-4ms)
  Alt-Ergo 2.6.2:    8 (122ms-267ms-466ms)
[wp:pedantic-assigns] sqrt_rte.c:1: Warning: 
  No 'assigns' specification for function 'fastInvSqrt'.
  Callers assumptions might be imprecise.
[kernel] Parsing sqrt_rte.c (with preprocessing)
[wp] Running WP plugin...
[wp] Warning: Missing RTE guards
[wp] sqrt_rte.c:11: Warning: 
  Cast with incompatible pointers types (source: sint32*) (target: float32*)
[wp] sqrt_rte.c:10: Warning: 
  Cast with incompatible pointers types (source: sint32*) (target: float32*)
[wp] sqrt_rte.c:6: Warning: 
  Cast with incompatible pointers types (source: float32*) (target: sint32*)
[wp] sqrt_rte.c:5: Warning: 
  Cast with incompatible pointers types (source: float32*) (target: sint32*)
[wp] 8 goals scheduled
[wp] [Failure] typed_fastInvSqrt_assert_rte_is_nan_or_infinite_5 (Qed 4ms) (CVC4) (Stronger, 4 warnings)
[wp] [Failure] typed_fastInvSqrt_assert_rte_is_nan_or_infinite_4 (Qed 3ms) (CVC4) (Stronger, 4 warnings)
[wp] [Failure] typed_fastInvSqrt_assert_rte_is_nan_or_infinite_3 (Qed 3ms) (CVC4) (Stronger, 4 warnings)
[wp] [Failure] typed_fastInvSqrt_assert_rte_is_nan_or_infinite_2 (Qed 3ms) (CVC4) (Stronger, 4 warnings)
[wp] [Failure] typed_fastInvSqrt_assert_rte_mem_access_2 (Qed 2ms) (CVC4) (Stronger, 3 warnings)
[wp] [Failure] typed_fastInvSqrt_assert_rte_signed_overflow (Qed 1ms) (CVC4) (Stronger, 2 warnings)
[wp] [Failure] typed_fastInvSqrt_assert_rte_mem_access (Qed 0.77ms) (CVC4) (Stronger)
[wp] [Failure] typed_fastInvSqrt_assert_rte_is_nan_or_infinite (Qed 0.60ms) (CVC4)
[wp] Proved goals:    2 / 10
  Terminating:     1
  Unreachable:     1
  Qed:             0 (0.60ms-4ms)
  Failed:          8
[wp:pedantic-assigns] sqrt_rte.c:1: Warning: 
  No 'assigns' specification for function 'fastInvSqrt'.
  Callers assumptions might be imprecise.
[kernel] Parsing sqrt_rte.c (with preprocessing)
[wp] Running WP plugin...
[wp] Warning: Missing RTE guards
[wp] sqrt_rte.c:11: Warning: 
  Cast with incompatible pointers types (source: sint32*) (target: float32*)
[wp] sqrt_rte.c:10: Warning: 
  Cast with incompatible pointers types (source: sint32*) (target: float32*)
[wp] sqrt_rte.c:6: Warning: 
  Cast with incompatible pointers types (source: float32*) (target: sint32*)
[wp] sqrt_rte.c:5: Warning: 
  Cast with incompatible pointers types (source: float32*) (target: sint32*)
[wp] 8 goals scheduled
[wp] [Unknown] typed_fastInvSqrt_assert_rte_is_nan_or_infinite (Qed 0.59ms) (CVC5)
[wp] [Unknown] typed_fastInvSqrt_assert_rte_mem_access (Qed 0.80ms) (CVC5) (Stronger)
[wp] [Timeout] typed_fastInvSqrt_assert_rte_is_nan_or_infinite_5 (Qed 4ms) (CVC5) (Stronger, 4 warnings)
[wp] [Timeout] typed_fastInvSqrt_assert_rte_is_nan_or_infinite_3 (Qed 3ms) (CVC5) (Stronger, 4 warnings)
[wp] [Timeout] typed_fastInvSqrt_assert_rte_is_nan_or_infinite_2 (Qed 3ms) (CVC5) (Stronger, 4 warnings)
[wp] [Timeout] typed_fastInvSqrt_assert_rte_mem_access_2 (Qed 2ms) (CVC5) (Stronger, 3 warnings)
[wp] [Timeout] typed_fastInvSqrt_assert_rte_signed_overflow (Qed 1ms) (CVC5) (Stronger, 2 warnings)
[wp] Proved goals:    3 / 10
  Terminating:     1
  Unreachable:     1
  Qed:             0 (0.59ms-4ms)
  CVC5 1.1.2:      1 (184ms)
  Timeout:         5
  Unknown:         2
[wp:pedantic-assigns] sqrt_rte.c:1: Warning: 
  No 'assigns' specification for function 'fastInvSqrt'.
  Callers assumptions might be imprecise.
[kernel] Parsing sqrt_rte.c (with preprocessing)
[wp] Running WP plugin...
[wp] Warning: Missing RTE guards
[wp] sqrt_rte.c:11: Warning: 
  Cast with incompatible pointers types (source: sint32*) (target: float32*)
[wp] sqrt_rte.c:10: Warning: 
  Cast with incompatible pointers types (source: sint32*) (target: float32*)
[wp] sqrt_rte.c:6: Warning: 
  Cast with incompatible pointers types (source: float32*) (target: sint32*)
[wp] sqrt_rte.c:5: Warning: 
  Cast with incompatible pointers types (source: float32*) (target: sint32*)
[wp] 8 goals scheduled
[wp] [Unknown] typed_fastInvSqrt_assert_rte_mem_access_2 (Qed 2ms) (Z3) (Stronger, 3 warnings)
[wp] [Unknown] typed_fastInvSqrt_assert_rte_signed_overflow (Qed 1ms) (Z3) (Stronger, 2 warnings)
[wp] [Unknown] typed_fastInvSqrt_assert_rte_mem_access (Qed 0.78ms) (Z3) (Stronger)
[wp] [Unknown] typed_fastInvSqrt_assert_rte_is_nan_or_infinite (Qed 0.64ms) (Z3)
[wp] [Unknown] typed_fastInvSqrt_assert_rte_is_nan_or_infinite_2 (Qed 3ms) (Z3) (Stronger, 4 warnings)
[wp] [Timeout] typed_fastInvSqrt_assert_rte_is_nan_or_infinite_5 (Qed 4ms) (Z3) (Stronger, 4 warnings)
[wp] [Timeout] typed_fastInvSqrt_assert_rte_is_nan_or_infinite_3 (Qed 3ms) (Z3) (Stronger, 4 warnings)
[wp] Proved goals:    3 / 10
  Terminating:     1
  Unreachable:     1
  Qed:             0 (0.64ms-4ms)
  Z3 4.8.12:       1 (402ms)
  Timeout:         2
  Unknown:         5
[wp:pedantic-assigns] sqrt_rte.c:1: Warning: 
  No 'assigns' specification for function 'fastInvSqrt'.
  Callers assumptions might be imprecise.
[kernel] Parsing strassen_rte.c (with preprocessing)
[wp] Running WP plugin...
[wp] Warning: Missing RTE guards
[wp] 78 goals scheduled
[wp] [Timeout] typed_strassenMultiply_assert_rte_signed_overflow_8 (Qed 9ms) (Alt-Ergo)
[wp] [Timeout] typed_strassenMultiply_assert_rte_signed_overflow_7 (Qed 9ms) (Alt-Ergo)
[wp] [Timeout] typed_strassenMultiply_assert_rte_signed_overflow_6 (Qed 5ms) (Alt-Ergo)
[wp] [Timeout] typed_strassenMultiply_assert_rte_signed_overflow_5 (Qed 4ms) (Alt-Ergo)
[wp] [Timeout] typed_strassenMultiply_assert_rte_signed_overflow_4 (Qed 4ms) (Alt-Ergo)
[wp] [Timeout] typed_strassenMultiply_assert_rte_signed_overflow_3 (Qed 3ms) (Alt-Ergo)
[wp] [Timeout] typed_strassenMultiply_assert_rte_mem_access_4 (Qed 3ms) (Alt-Ergo)
[wp] [Timeout] typed_strassenMultiply_assert_rte_mem_access_3 (Qed 2ms) (Alt-Ergo)
[wp] [Timeout] typed_strassenMultiply_assert_rte_signed_overflow_2 (Qed 2ms) (Alt-Ergo)
[wp] [Timeout] typed_strassenMultiply_assert_rte_signed_overflow (Qed 2ms) (Alt-Ergo)
[wp] [Timeout] typed_strassenMultiply_assert_rte_mem_access_2 (Qed 1ms) (Alt-Ergo)
[wp] [Timeout] typed_strassenMultiply_assert_rte_mem_access (Qed 1ms) (Alt-Ergo)
[wp] [Timeout] typed_strassenMultiply_assert_rte_signed_overflow_9 (Qed 47ms) (Alt-Ergo)
[wp] [Timeout] typed_strassenMultiply_assert_rte_signed_overflow_10 (Qed 65ms) (Alt-Ergo)
[wp] [Timeout] typed_strassenMultiply_assert_rte_signed_overflow_14 (Qed 46ms) (Alt-Ergo)
[wp] [Timeout] typed_strassenMultiply_assert_rte_signed_overflow_13 (Qed 46ms) (Alt-Ergo)
[wp] [Timeout] typed_strassenMultiply_assert_rte_signed_overflow_12 (Qed 61ms) (Alt-Ergo)
[wp] [Timeout] typed_strassenMultiply_assert_rte_signed_overflow_11 (Qed 69ms) (Alt-Ergo)
[wp] [Timeout] typed_strassenMultiply_assert_rte_signed_overflow_18 (Qed 46ms) (Alt-Ergo)
[wp] [Timeout] typed_strassenMultiply_assert_rte_signed_overflow_17 (Qed 89ms) (Alt-Ergo)
[wp] [Timeout] typed_strassenMultiply_assert_rte_signed_overflow_16 (Qed 92ms) (Alt-Ergo)
[wp] [Timeout] typed_strassenMultiply_assert_rte_signed_overflow_15 (Qed 85ms) (Alt-Ergo)
[wp] [Timeout] typed_strassenMultiply_assert_rte_signed_overflow_20 (Qed 142ms) (Alt-Ergo)
[wp] [Timeout] typed_strassenMultiply_assert_rte_signed_overflow_19 (Qed 126ms) (Alt-Ergo)
[wp] [Timeout] typed_strassenMultiply_assert_rte_signed_overflow_22 (Qed 252ms) (Alt-Ergo)
[wp] [Timeout] typed_strassenMultiply_assert_rte_signed_overflow_21 (Qed 138ms) (Alt-Ergo)
[wp] [Timeout] typed_strassenMultiply_assert_rte_signed_overflow_25 (Qed 148ms) (Alt-Ergo)
[wp] [Timeout] typed_strassenMultiply_assert_rte_signed_overflow_24 (Qed 194ms) (Alt-Ergo)
[wp] [Timeout] typed_strassenMultiply_assert_rte_signed_overflow_23 (Qed 220ms) (Alt-Ergo)
[wp] [Timeout] typed_strassenMultiply_assert_rte_signed_overflow_30 (Qed 322ms) (Alt-Ergo)
[wp] [Timeout] typed_strassenMultiply_assert_rte_signed_overflow_29 (Qed 219ms) (Alt-Ergo)
[wp] [Timeout] typed_strassenMultiply_assert_rte_signed_overflow_28 (Qed 188ms) (Alt-Ergo)
[wp] [Timeout] typed_strassenMultiply_assert_rte_signed_overflow_27 (Qed 187ms) (Alt-Ergo)
[wp] [Timeout] typed_strassenMultiply_assert_rte_signed_overflow_26 (Qed 180ms) (Alt-Ergo)
[wp] [Timeout] typed_strassenMultiply_assert_rte_signed_overflow_32 (Qed 293ms) (Alt-Ergo)
[wp] [Timeout] typed_strassenMultiply_assert_rte_signed_overflow_31 (Qed 364ms) (Alt-Ergo)
[wp] [Timeout] typed_strassenMultiply_assert_rte_signed_overflow_38 (Qed 299ms) (Alt-Ergo)
[wp] [Timeout] typed_strassenMultiply_assert_rte_signed_overflow_37 (Qed 388ms) (Alt-Ergo)
[wp] [Timeout] typed_strassenMultiply_assert_rte_signed_overflow_36 (Qed 392ms) (Alt-Ergo)
[wp] [Timeout] typed_strassenMultiply_assert_rte_signed_overflow_35 (Qed 296ms) (Alt-Ergo)
[wp] [Timeout] typed_strassenMultiply_assert_rte_mem_access_25 (Qed 332ms) (Alt-Ergo)
[wp] [Timeout] typed_strassenMultiply_assert_rte_signed_overflow_34 (Qed 190ms) (Alt-Ergo)
[wp] [Timeout] typed_strassenMultiply_assert_rte_signed_overflow_33 (Qed 302ms) (Alt-Ergo)
[wp] [Timeout] typed_strassenMultiply_assert_rte_signed_overflow_43 (Qed 536ms) (Alt-Ergo)
[wp] [Timeout] typed_strassenMultiply_assert_rte_mem_access_27 (Qed 400ms) (Alt-Ergo)
[wp] [Timeout] typed_strassenMultiply_assert_rte_signed_overflow_42 (Qed 263ms) (Alt-Ergo)
[wp] [Timeout] typed_strassenMultiply_assert_rte_signed_overflow_41 (Qed 408ms) (Alt-Ergo)
[wp] [Timeout] typed_strassenMultiply_assert_rte_mem_access_26 (Qed 350ms) (Alt-Ergo)
[wp] [Timeout] typed_strassenMultiply_assert_rte_signed_overflow_40 (Qed 464ms) (Alt-Ergo)
[wp] [Timeout] typed_strassenMultiply_assert_rte_signed_overflow_39 (Qed 508ms) (Alt-Ergo)
[wp] [Timeout] typed_strassenMultiply_assert_rte_signed_overflow_49 (Qed 279ms) (Alt-Ergo)
[wp] [Timeout] typed_strassenMultiply_assert_rte_signed_overflow_48 (Qed 268ms) (Alt-Ergo)
[wp] [Timeout] typed_strassenMultiply_assert_rte_signed_overflow_47 (Qed 314ms) (Alt-Ergo)
[wp] [Timeout] typed_strassenMultiply_assert_rte_signed_overflow_46 (Qed 266ms) (Alt-Ergo)
[wp] [Timeout] typed_strassenMultiply_assert_rte_signed_overflow_45 (Qed 316ms) (Alt-Ergo)
[wp] [Timeout] typed_strassenMultiply_assert_rte_mem_access_28 (Qed 397ms) (Alt-Ergo)
[wp] [Timeout] typed_strassenMultiply_assert_rte_signed_overflow_44 (Qed 636ms) (Alt-Ergo)
[wp] [Timeout] typed_strassenMultiply_assert_rte_signed_overflow_50 (Qed 661ms) (Alt-Ergo)
[wp] Proved goals:   22 / 80
  Terminating:       1
  Unreachable:       1
  Qed:              16 (1ms-157ms-661ms)
  Alt-Ergo 2.6.2:    4 (130ms-445ms-1.2s)
  Timeout:          58
[wp:pedantic-assigns] strassen_rte.c:1: Warning: 
  No 'assigns' specification for function 'strassenMultiply'.
  Callers assumptions might be imprecise.
[kernel] Parsing strassen_rte.c (with preprocessing)
[wp] Running WP plugin...
[wp] Warning: Missing RTE guards
[wp] 78 goals scheduled
[wp] [Unknown] typed_strassenMultiply_assert_rte_signed_overflow_4 (Qed 4ms) (CVC4)
[wp] [Unknown] typed_strassenMultiply_assert_rte_signed_overflow_3 (Qed 3ms) (CVC4)
[wp] [Unknown] typed_strassenMultiply_assert_rte_mem_access_4 (Qed 3ms) (CVC4)
[wp] [Unknown] typed_strassenMultiply_assert_rte_mem_access_3 (Qed 2ms) (CVC4)
[wp] [Unknown] typed_strassenMultiply_assert_rte_signed_overflow_2 (Qed 2ms) (CVC4)
[wp] [Unknown] typed_strassenMultiply_assert_rte_signed_overflow (Qed 2ms) (CVC4)
[wp] [Unknown] typed_strassenMultiply_assert_rte_mem_access_2 (Qed 1ms) (CVC4)
[wp] [Unknown] typed_strassenMultiply_assert_rte_mem_access (Qed 1ms) (CVC4)
[wp] [Timeout] typed_strassenMultiply_assert_rte_signed_overflow_8 (Qed 9ms) (CVC4)
[wp] [Timeout] typed_strassenMultiply_assert_rte_signed_overflow_7 (Qed 9ms) (CVC4)
[wp] [Timeout] typed_strassenMultiply_assert_rte_signed_overflow_6 (Qed 5ms) (CVC4)
[wp] [Timeout] typed_strassenMultiply_assert_rte_signed_overflow_5 (Qed 4ms) (CVC4)
[wp] [Timeout] typed_strassenMultiply_assert_rte_signed_overflow_14 (Qed 39ms) (CVC4)
[wp] [Timeout] typed_strassenMultiply_assert_rte_signed_overflow_13 (Qed 20ms) (CVC4)
[wp] [Timeout] typed_strassenMultiply_assert_rte_signed_overflow_9 (Qed 22ms) (CVC4)
[wp] [Timeout] typed_strassenMultiply_assert_rte_signed_overflow_12 (Qed 19ms) (CVC4)
[wp] [Timeout] typed_strassenMultiply_assert_rte_signed_overflow_15 (Qed 91ms) (CVC4)
[wp] [Timeout] typed_strassenMultiply_assert_rte_signed_overflow_11 (Qed 17ms) (CVC4)
[wp] [Timeout] typed_strassenMultiply_assert_rte_signed_overflow_10 (Qed 24ms) (CVC4)
[wp] [Timeout] typed_strassenMultiply_assert_rte_signed_overflow_17 (Qed 93ms) (CVC4)
[wp] [Timeout] typed_strassenMultiply_assert_rte_signed_overflow_16 (Qed 94ms) (CVC4)
[wp] [Timeout] typed_strassenMultiply_assert_rte_signed_overflow_18 (Qed 111ms) (CVC4)
[wp] [Timeout] typed_strassenMultiply_assert_rte_signed_overflow_20 (Qed 117ms) (CVC4)
[wp] [Timeout] typed_strassenMultiply_assert_rte_signed_overflow_19 (Qed 116ms) (CVC4)
[wp] [Timeout] typed_strassenMultiply_assert_rte_signed_overflow_28 (Qed 180ms) (CVC4)
[wp] [Timeout] typed_strassenMultiply_assert_rte_signed_overflow_26 (Qed 125ms) (CVC4)
[wp] [Timeout] typed_strassenMultiply_assert_rte_signed_overflow_24 (Qed 137ms) (CVC4)
[wp] [Timeout] typed_strassenMultiply_assert_rte_signed_overflow_23 (Qed 163ms) (CVC4)
[wp] [Timeout] typed_strassenMultiply_assert_rte_signed_overflow_22 (Qed 132ms) (CVC4)
[wp] [Timeout] typed_strassenMultiply_assert_rte_signed_overflow_21 (Qed 133ms) (CVC4)
[wp] [Timeout] typed_strassenMultiply_assert_rte_signed_overflow_27 (Qed 121ms) (CVC4)
[wp] [Timeout] typed_strassenMultiply_assert_rte_signed_overflow_25 (Qed 205ms) (CVC4)
[wp] [Timeout] typed_strassenMultiply_assert_rte_signed_overflow_34 (Qed 299ms) (CVC4)
[wp] [Timeout] typed_strassenMultiply_assert_rte_signed_overflow_33 (Qed 242ms) (CVC4)
[wp] [Timeout] typed_strassenMultiply_assert_rte_signed_overflow_32 (Qed 333ms) (CVC4)
[wp] [Timeout] typed_strassenMultiply_assert_rte_signed_overflow_31 (Qed 211ms) (CVC4)
[wp] [Timeout] typed_strassenMultiply_assert_rte_signed_overflow_30 (Qed 212ms) (CVC4)
[wp] [Timeout] typed_strassenMultiply_assert_rte_signed_overflow_29 (Qed 244ms) (CVC4)
[wp] [Timeout] typed_strassenMultiply_assert_rte_mem_access_26 (Qed 427ms) (CVC4)
[wp] [Timeout] typed_strassenMultiply_assert_rte_signed_overflow_40 (Qed 494ms) (CVC4)
[wp] [Timeout] typed_strassenMultiply_assert_rte_signed_overflow_39 (Qed 377ms) (CVC4)
[wp] [Timeout] typed_strassenMultiply_assert_rte_signed_overflow_38 (Qed 327ms) (CVC4)
[wp] [Timeout] typed_strassenMultiply_assert_rte_signed_overflow_37 (Qed 372ms) (CVC4)
[wp] [Timeout] typed_strassenMultiply_assert_rte_signed_overflow_36 (Qed 334ms) (CVC4)
[wp] [Timeout] typed_strassenMultiply_assert_rte_signed_overflow_35 (Qed 244ms) (CVC4)
[wp] [Timeout] typed_strassenMultiply_assert_rte_mem_access_25 (Qed 265ms) (CVC4)
[wp] [Timeout] typed_strassenMultiply_assert_rte_mem_access_28 (Qed 259ms) (CVC4)
[wp] [Timeout] typed_strassenMultiply_assert_rte_signed_overflow_44 (Qed 354ms) (CVC4)
[wp] [Timeout] typed_strassenMultiply_assert_rte_signed_overflow_43 (Qed 306ms) (CVC4)
[wp] [Timeout] typed_strassenMultiply_assert_rte_mem_access_27 (Qed 332ms) (CVC4)
[wp] [Timeout] typed_strassenMultiply_assert_rte_signed_overflow_42 (Qed 455ms) (CVC4)
[wp] [Timeout] typed_strassenMultiply_assert_rte_signed_overflow_41 (Qed 369ms) (CVC4)
[wp] [Timeout] typed_strassenMultiply_assert_rte_signed_overflow_50 (Qed 280ms) (CVC4)
[wp] [Timeout] typed_strassenMultiply_assert_rte_signed_overflow_49 (Qed 270ms) (CVC4)
[wp] [Timeout] typed_strassenMultiply_assert_rte_signed_overflow_48 (Qed 405ms) (CVC4)
[wp] [Timeout] typed_strassenMultiply_assert_rte_signed_overflow_47 (Qed 554ms) (CVC4)
[wp] [Timeout] typed_strassenMultiply_assert_rte_signed_overflow_46 (Qed 539ms) (CVC4)
[wp] [Timeout] typed_strassenMultiply_assert_rte_signed_overflow_45 (Qed 537ms) (CVC4)
[wp] Proved goals:   22 / 80
  Terminating:     1
  Unreachable:     1
  Qed:            16 (1ms-145ms-554ms)
  CVC4 1.8:        4 (30ms-56ms)
  Timeout:        50
  Unknown:         8
[wp:pedantic-assigns] strassen_rte.c:1: Warning: 
  No 'assigns' specification for function 'strassenMultiply'.
  Callers assumptions might be imprecise.
[kernel] Parsing strassen_rte.c (with preprocessing)
[wp] Running WP plugin...
[wp] Warning: Missing RTE guards
[wp] 78 goals scheduled
[wp] [Unknown] typed_strassenMultiply_assert_rte_signed_overflow_4 (Qed 4ms) (CVC5)
[wp] [Unknown] typed_strassenMultiply_assert_rte_signed_overflow_3 (Qed 3ms) (CVC5)
[wp] [Unknown] typed_strassenMultiply_assert_rte_mem_access_4 (Qed 3ms) (CVC5)
[wp] [Unknown] typed_strassenMultiply_assert_rte_mem_access_3 (Qed 3ms) (CVC5)
[wp] [Unknown] typed_strassenMultiply_assert_rte_signed_overflow_2 (Qed 2ms) (CVC5)
[wp] [Unknown] typed_strassenMultiply_assert_rte_signed_overflow (Qed 2ms) (CVC5)
[wp] [Unknown] typed_strassenMultiply_assert_rte_mem_access_2 (Qed 1ms) (CVC5)
[wp] [Unknown] typed_strassenMultiply_assert_rte_mem_access (Qed 1ms) (CVC5)
[wp] [Timeout] typed_strassenMultiply_assert_rte_signed_overflow_8 (Qed 10ms) (CVC5)
[wp] [Timeout] typed_strassenMultiply_assert_rte_signed_overflow_7 (Qed 10ms) (CVC5)
[wp] [Timeout] typed_strassenMultiply_assert_rte_signed_overflow_6 (Qed 5ms) (CVC5)
[wp] [Timeout] typed_strassenMultiply_assert_rte_signed_overflow_5 (Qed 4ms) (CVC5)
[wp] [Timeout] typed_strassenMultiply_assert_rte_signed_overflow_10 (Qed 26ms) (CVC5)
[wp] [Timeout] typed_strassenMultiply_assert_rte_signed_overflow_9 (Qed 27ms) (CVC5)
[wp] [Timeout] typed_strassenMultiply_assert_rte_signed_overflow_14 (Qed 48ms) (CVC5)
[wp] [Timeout] typed_strassenMultiply_assert_rte_signed_overflow_13 (Qed 32ms) (CVC5)
[wp] [Timeout] typed_strassenMultiply_assert_rte_signed_overflow_12 (Qed 46ms) (CVC5)
[wp] [Timeout] typed_strassenMultiply_assert_rte_signed_overflow_18 (Qed 174ms) (CVC5)
[wp] [Timeout] typed_strassenMultiply_assert_rte_signed_overflow_17 (Qed 125ms) (CVC5)
[wp] [Timeout] typed_strassenMultiply_assert_rte_signed_overflow_16 (Qed 113ms) (CVC5)
[wp] [Timeout] typed_strassenMultiply_assert_rte_signed_overflow_15 (Qed 70ms) (CVC5)
[wp] [Timeout] typed_strassenMultiply_assert_rte_signed_overflow_11 (Qed 44ms) (CVC5)
[wp] [Timeout] typed_strassenMultiply_assert_rte_signed_overflow_22 (Qed 124ms) (CVC5)
[wp] [Timeout] typed_strassenMultiply_assert_rte_signed_overflow_21 (Qed 129ms) (CVC5)
[wp] [Timeout] typed_strassenMultiply_assert_rte_signed_overflow_20 (Qed 155ms) (CVC5)
[wp] [Timeout] typed_strassenMultiply_assert_rte_signed_overflow_19 (Qed 159ms) (CVC5)
[wp] [Timeout] typed_strassenMultiply_assert_rte_signed_overflow_27 (Qed 134ms) (CVC5)
[wp] [Timeout] typed_strassenMultiply_assert_rte_signed_overflow_26 (Qed 140ms) (CVC5)
[wp] [Timeout] typed_strassenMultiply_assert_rte_signed_overflow_25 (Qed 156ms) (CVC5)
[wp] [Timeout] typed_strassenMultiply_assert_rte_signed_overflow_24 (Qed 171ms) (CVC5)
[wp] [Timeout] typed_strassenMultiply_assert_rte_signed_overflow_23 (Qed 174ms) (CVC5)
[wp] [Timeout] typed_strassenMultiply_assert_rte_signed_overflow_30 (Qed 247ms) (CVC5)
[wp] [Timeout] typed_strassenMultiply_assert_rte_signed_overflow_35 (Qed 226ms) (CVC5)
[wp] [Timeout] typed_strassenMultiply_assert_rte_signed_overflow_29 (Qed 279ms) (CVC5)
[wp] [Timeout] typed_strassenMultiply_assert_rte_signed_overflow_28 (Qed 234ms) (CVC5)
[wp] [Timeout] typed_strassenMultiply_assert_rte_mem_access_25 (Qed 221ms) (CVC5)
[wp] [Timeout] typed_strassenMultiply_assert_rte_signed_overflow_34 (Qed 232ms) (CVC5)
[wp] [Timeout] typed_strassenMultiply_assert_rte_signed_overflow_33 (Qed 276ms) (CVC5)
[wp] [Timeout] typed_strassenMultiply_assert_rte_signed_overflow_32 (Qed 294ms) (CVC5)
[wp] [Timeout] typed_strassenMultiply_assert_rte_signed_overflow_40 (Qed 371ms) (CVC5)
[wp] [Timeout] typed_strassenMultiply_assert_rte_signed_overflow_31 (Qed 298ms) (CVC5)
[wp] [Timeout] typed_strassenMultiply_assert_rte_mem_access_26 (Qed 436ms) (CVC5)
[wp] [Timeout] typed_strassenMultiply_assert_rte_signed_overflow_39 (Qed 352ms) (CVC5)
[wp] [Timeout] typed_strassenMultiply_assert_rte_signed_overflow_38 (Qed 417ms) (CVC5)
[wp] [Timeout] typed_strassenMultiply_assert_rte_signed_overflow_37 (Qed 302ms) (CVC5)
[wp] [Timeout] typed_strassenMultiply_assert_rte_signed_overflow_36 (Qed 378ms) (CVC5)
[wp] [Timeout] typed_strassenMultiply_assert_rte_mem_access_27 (Qed 331ms) (CVC5)
[wp] [Timeout] typed_strassenMultiply_assert_rte_signed_overflow_42 (Qed 458ms) (CVC5)
[wp] [Timeout] typed_strassenMultiply_assert_rte_signed_overflow_41 (Qed 466ms) (CVC5)
[wp] [Timeout] typed_strassenMultiply_assert_rte_signed_overflow_45 (Qed 326ms) (CVC5)
[wp] [Timeout] typed_strassenMultiply_assert_rte_mem_access_28 (Qed 310ms) (CVC5)
[wp] [Timeout] typed_strassenMultiply_assert_rte_signed_overflow_44 (Qed 392ms) (CVC5)
[wp] [Timeout] typed_strassenMultiply_assert_rte_signed_overflow_43 (Qed 482ms) (CVC5)
[wp] [Timeout] typed_strassenMultiply_assert_rte_signed_overflow_47 (Qed 451ms) (CVC5)
[wp] [Timeout] typed_strassenMultiply_assert_rte_signed_overflow_46 (Qed 548ms) (CVC5)
[wp] [Timeout] typed_strassenMultiply_assert_rte_signed_overflow_50 (Qed 396ms) (CVC5)
[wp] [Timeout] typed_strassenMultiply_assert_rte_signed_overflow_49 (Qed 486ms) (CVC5)
[wp] [Timeout] typed_strassenMultiply_assert_rte_signed_overflow_48 (Qed 412ms) (CVC5)
[wp] Proved goals:   22 / 80
  Terminating:     1
  Unreachable:     1
  Qed:            16 (1ms-153ms-548ms)
  CVC5 1.1.2:      4 (11ms-40ms)
  Timeout:        50
  Unknown:         8
[wp:pedantic-assigns] strassen_rte.c:1: Warning: 
  No 'assigns' specification for function 'strassenMultiply'.
  Callers assumptions might be imprecise.
[kernel] Parsing strassen_rte.c (with preprocessing)
[wp] Running WP plugin...
[wp] Warning: Missing RTE guards
[wp] 78 goals scheduled
[wp] [Unknown] typed_strassenMultiply_assert_rte_signed_overflow_8 (Qed 9ms) (Z3)
[wp] [Unknown] typed_strassenMultiply_assert_rte_signed_overflow_7 (Qed 8ms) (Z3)
[wp] [Unknown] typed_strassenMultiply_assert_rte_signed_overflow_6 (Qed 5ms) (Z3)
[wp] [Unknown] typed_strassenMultiply_assert_rte_signed_overflow_5 (Qed 4ms) (Z3)
[wp] [Unknown] typed_strassenMultiply_assert_rte_signed_overflow_4 (Qed 4ms) (Z3)
[wp] [Unknown] typed_strassenMultiply_assert_rte_signed_overflow_3 (Qed 3ms) (Z3)
[wp] [Unknown] typed_strassenMultiply_assert_rte_mem_access_4 (Qed 3ms) (Z3)
[wp] [Unknown] typed_strassenMultiply_assert_rte_mem_access_3 (Qed 2ms) (Z3)
[wp] [Unknown] typed_strassenMultiply_assert_rte_signed_overflow_2 (Qed 2ms) (Z3)
[wp] [Unknown] typed_strassenMultiply_assert_rte_signed_overflow (Qed 2ms) (Z3)
[wp] [Unknown] typed_strassenMultiply_assert_rte_mem_access_2 (Qed 2ms) (Z3)
[wp] [Unknown] typed_strassenMultiply_assert_rte_mem_access (Qed 2ms) (Z3)
[wp] [Unknown] typed_strassenMultiply_assert_rte_signed_overflow_9 (Qed 13ms) (Z3)
[wp] [Unknown] typed_strassenMultiply_assert_rte_signed_overflow_16 (Qed 33ms) (Z3)
[wp] [Unknown] typed_strassenMultiply_assert_rte_signed_overflow_15 (Qed 34ms) (Z3)
[wp] [Unknown] typed_strassenMultiply_assert_rte_signed_overflow_14 (Qed 22ms) (Z3)
[wp] [Unknown] typed_strassenMultiply_assert_rte_signed_overflow_12 (Qed 20ms) (Z3)
[wp] [Unknown] typed_strassenMultiply_assert_rte_signed_overflow_11 (Qed 20ms) (Z3)
[wp] [Unknown] typed_strassenMultiply_assert_rte_signed_overflow_18 (Qed 38ms) (Z3)
[wp] [Unknown] typed_strassenMultiply_assert_rte_signed_overflow_20 (Qed 73ms) (Z3)
[wp] [Unknown] typed_strassenMultiply_assert_rte_signed_overflow_10 (Qed 13ms) (Z3)
[wp] [Timeout] typed_strassenMultiply_assert_rte_signed_overflow_13 (Qed 20ms) (Z3)
[wp] [Unknown] typed_strassenMultiply_assert_rte_signed_overflow_22 (Qed 100ms) (Z3)
[wp] [Timeout] typed_strassenMultiply_assert_rte_signed_overflow_17 (Qed 40ms) (Z3)
[wp] [Timeout] typed_strassenMultiply_assert_rte_signed_overflow_19 (Qed 73ms) (Z3)
[wp] [Timeout] typed_strassenMultiply_assert_rte_signed_overflow_27 (Qed 125ms) (Z3)
[wp] [Timeout] typed_strassenMultiply_assert_rte_signed_overflow_26 (Qed 136ms) (Z3)
[wp] [Unknown] typed_strassenMultiply_assert_rte_signed_overflow_25 (Qed 148ms) (Z3)
[wp] [Timeout] typed_strassenMultiply_assert_rte_signed_overflow_24 (Qed 101ms) (Z3)
[wp] [Timeout] typed_strassenMultiply_assert_rte_signed_overflow_23 (Qed 150ms) (Z3)
[wp] [Timeout] typed_strassenMultiply_assert_rte_signed_overflow_21 (Qed 112ms) (Z3)
[wp] [Unknown] typed_strassenMultiply_assert_rte_signed_overflow_34 (Qed 232ms) (Z3)
[wp] [Timeout] typed_strassenMultiply_assert_rte_signed_overflow_29 (Qed 172ms) (Z3)
[wp] [Timeout] typed_strassenMultiply_assert_rte_signed_overflow_28 (Qed 144ms) (Z3)
[wp] [Timeout] typed_strassenMultiply_assert_rte_signed_overflow_33 (Qed 258ms) (Z3)
[wp] [Timeout] typed_strassenMultiply_assert_rte_signed_overflow_32 (Qed 274ms) (Z3)
[wp] [Timeout] typed_strassenMultiply_assert_rte_signed_overflow_31 (Qed 210ms) (Z3)
[wp] [Timeout] typed_strassenMultiply_assert_rte_signed_overflow_30 (Qed 237ms) (Z3)
[wp] [Timeout] typed_strassenMultiply_assert_rte_mem_access_25 (Qed 303ms) (Z3)
[wp] [Timeout] typed_strassenMultiply_assert_rte_signed_overflow_40 (Qed 275ms) (Z3)
[wp] [Timeout] typed_strassenMultiply_assert_rte_signed_overflow_39 (Qed 303ms) (Z3)
[wp] [Timeout] typed_strassenMultiply_assert_rte_signed_overflow_38 (Qed 232ms) (Z3)
[wp] [Timeout] typed_strassenMultiply_assert_rte_signed_overflow_37 (Qed 257ms) (Z3)
[wp] [Timeout] typed_strassenMultiply_assert_rte_signed_overflow_36 (Qed 246ms) (Z3)
[wp] [Timeout] typed_strassenMultiply_assert_rte_signed_overflow_35 (Qed 275ms) (Z3)
[wp] [Timeout] typed_strassenMultiply_assert_rte_signed_overflow_42 (Qed 407ms) (Z3)
[wp] [Timeout] typed_strassenMultiply_assert_rte_signed_overflow_41 (Qed 493ms) (Z3)
[wp] [Timeout] typed_strassenMultiply_assert_rte_mem_access_26 (Qed 373ms) (Z3)
[wp] [Timeout] typed_strassenMultiply_assert_rte_signed_overflow_45 (Qed 388ms) (Z3)
[wp] [Timeout] typed_strassenMultiply_assert_rte_mem_access_28 (Qed 342ms) (Z3)
[wp] [Timeout] typed_strassenMultiply_assert_rte_signed_overflow_44 (Qed 349ms) (Z3)
[wp] [Timeout] typed_strassenMultiply_assert_rte_signed_overflow_43 (Qed 326ms) (Z3)
[wp] [Timeout] typed_strassenMultiply_assert_rte_mem_access_27 (Qed 458ms) (Z3)
[wp] [Timeout] typed_strassenMultiply_assert_rte_signed_overflow_50 (Qed 313ms) (Z3)
[wp] [Timeout] typed_strassenMultiply_assert_rte_signed_overflow_49 (Qed 408ms) (Z3)
[wp] [Timeout] typed_strassenMultiply_assert_rte_signed_overflow_48 (Qed 384ms) (Z3)
[wp] [Timeout] typed_strassenMultiply_assert_rte_signed_overflow_47 (Qed 371ms) (Z3)
[wp] [Timeout] typed_strassenMultiply_assert_rte_signed_overflow_46 (Qed 409ms) (Z3)
[wp] Proved goals:   22 / 80
  Terminating:     1
  Unreachable:     1
  Qed:            16 (2ms-127ms-493ms)
  Z3 4.8.12:       4 (10ms-18ms-23ms)
  Timeout:        34
  Unknown:        24
[wp:pedantic-assigns] strassen_rte.c:1: Warning: 
  No 'assigns' specification for function 'strassenMultiply'.
  Callers assumptions might be imprecise.
[kernel] Parsing voting_rte.c (with preprocessing)
[wp] Running WP plugin...
[wp] Warning: Missing RTE guards
[wp] voting_rte.c:28: Warning: 
  Missing assigns clause (assigns 'everything' instead)
[wp] voting_rte.c:9: Warning: 
  Missing assigns clause (assigns 'everything' instead)
[wp] 11 goals scheduled
[wp] [Timeout] typed_majorityElement_assert_rte_signed_overflow_4 (Qed 5ms) (Alt-Ergo)
[wp] [Timeout] typed_majorityElement_assert_rte_mem_access_4 (Qed 4ms) (Alt-Ergo)
[wp] [Timeout] typed_majorityElement_assert_rte_signed_overflow_2 (Qed 3ms) (Alt-Ergo)
[wp] [Timeout] typed_majorityElement_assert_rte_signed_overflow (Qed 3ms) (Alt-Ergo)
[wp] [Timeout] typed_majorityElement_assert_rte_mem_access_2 (Qed 2ms) (Alt-Ergo)
[wp] [Timeout] typed_majorityElement_assert_rte_mem_access (Qed 0.52ms) (Alt-Ergo)
[wp] [Timeout] typed_majorityElement_terminates_part2 (Qed 3ms) (Alt-Ergo)
[wp] [Timeout] typed_majorityElement_terminates_part1 (Qed 2ms) (Alt-Ergo)
[wp] Proved goals:    4 / 12
  Unreachable:     1
  Qed:             3 (0.52ms-2ms-5ms)
  Timeout:         8
[wp:pedantic-assigns] voting_rte.c:1: Warning: 
  No 'assigns' specification for function 'majorityElement'.
  Callers assumptions might be imprecise.
[kernel] Parsing voting_rte.c (with preprocessing)
[wp] Running WP plugin...
[wp] Warning: Missing RTE guards
[wp] voting_rte.c:28: Warning: 
  Missing assigns clause (assigns 'everything' instead)
[wp] voting_rte.c:9: Warning: 
  Missing assigns clause (assigns 'everything' instead)
[wp] 11 goals scheduled
[wp] [Unknown] typed_majorityElement_assert_rte_signed_overflow_4 (Qed 5ms) (CVC4)
[wp] [Unknown] typed_majorityElement_assert_rte_mem_access_4 (Qed 4ms) (CVC4)
[wp] [Unknown] typed_majorityElement_assert_rte_signed_overflow_2 (Qed 3ms) (CVC4)
[wp] [Unknown] typed_majorityElement_assert_rte_signed_overflow (Qed 4ms) (CVC4)
[wp] [Unknown] typed_majorityElement_assert_rte_mem_access_2 (Qed 3ms) (CVC4)
[wp] [Unknown] typed_majorityElement_assert_rte_mem_access (Qed 0.57ms) (CVC4)
[wp] [Unknown] typed_majorityElement_terminates_part2 (Qed 3ms) (CVC4)
[wp] [Unknown] typed_majorityElement_terminates_part1 (Qed 2ms) (CVC4)
[wp] Proved goals:    4 / 12
  Unreachable:     1
  Qed:             3 (0.57ms-2ms-5ms)
  Unknown:         8
[wp:pedantic-assigns] voting_rte.c:1: Warning: 
  No 'assigns' specification for function 'majorityElement'.
  Callers assumptions might be imprecise.
[kernel] Parsing voting_rte.c (with preprocessing)
[wp] Running WP plugin...
[wp] Warning: Missing RTE guards
[wp] voting_rte.c:28: Warning: 
  Missing assigns clause (assigns 'everything' instead)
[wp] voting_rte.c:9: Warning: 
  Missing assigns clause (assigns 'everything' instead)
[wp] 11 goals scheduled
[wp] [Unknown] typed_majorityElement_assert_rte_signed_overflow_4 (Qed 5ms) (CVC5)
[wp] [Unknown] typed_majorityElement_assert_rte_mem_access_4 (Qed 4ms) (CVC5)
[wp] [Unknown] typed_majorityElement_assert_rte_signed_overflow_2 (Qed 3ms) (CVC5)
[wp] [Unknown] typed_majorityElement_assert_rte_signed_overflow (Qed 3ms) (CVC5)
[wp] [Unknown] typed_majorityElement_assert_rte_mem_access_2 (Qed 3ms) (CVC5)
[wp] [Unknown] typed_majorityElement_assert_rte_mem_access (Qed 0.52ms) (CVC5)
[wp] [Unknown] typed_majorityElement_terminates_part2 (Qed 3ms) (CVC5)
[wp] [Unknown] typed_majorityElement_terminates_part1 (Qed 2ms) (CVC5)
[wp] Proved goals:    4 / 12
  Unreachable:     1
  Qed:             3 (0.52ms-2ms-5ms)
  Unknown:         8
[wp:pedantic-assigns] voting_rte.c:1: Warning: 
  No 'assigns' specification for function 'majorityElement'.
  Callers assumptions might be imprecise.
[kernel] Parsing voting_rte.c (with preprocessing)
[wp] Running WP plugin...
[wp] Warning: Missing RTE guards
[wp] voting_rte.c:28: Warning: 
  Missing assigns clause (assigns 'everything' instead)
[wp] voting_rte.c:9: Warning: 
  Missing assigns clause (assigns 'everything' instead)
[wp] 11 goals scheduled
[wp] [Unknown] typed_majorityElement_assert_rte_signed_overflow_4 (Qed 5ms) (Z3)
[wp] [Unknown] typed_majorityElement_assert_rte_mem_access_4 (Qed 4ms) (Z3)
[wp] [Unknown] typed_majorityElement_assert_rte_signed_overflow (Qed 3ms) (Z3)
[wp] [Unknown] typed_majorityElement_assert_rte_mem_access_2 (Qed 2ms) (Z3)
[wp] [Unknown] typed_majorityElement_assert_rte_mem_access (Z3)
[wp] [Unknown] typed_majorityElement_terminates_part2 (Qed 3ms) (Z3)
[wp] [Unknown] typed_majorityElement_terminates_part1 (Qed 2ms) (Z3)
[wp] [Unknown] typed_majorityElement_assert_rte_signed_overflow_2 (Qed 3ms) (Z3)
[wp] Proved goals:    4 / 12
  Unreachable:     1
  Qed:             3 (2ms-2ms-5ms)
  Unknown:         8
[wp:pedantic-assigns] voting_rte.c:1: Warning: 
  No 'assigns' specification for function 'majorityElement'.
  Callers assumptions might be imprecise.
