[kernel] Parsing bitreversal_rte.c (with preprocessing)
[wp] Running WP plugin...
[wp] Warning: Missing RTE guards
[wp] Warning: No goal generated
[wp] Proved goals:    2 / 2
  Terminating:     1
  Unreachable:     1
[wp:pedantic-assigns] bitreversal_rte.c:1: Warning: 
  No 'assigns' specification for function 'reverseBits'.
  Callers assumptions might be imprecise.
[kernel] Parsing bitreversal_rte.c (with preprocessing)
[wp] Running WP plugin...
[wp] Warning: Missing RTE guards
[wp] Warning: No goal generated
[wp] Proved goals:    2 / 2
  Terminating:     1
  Unreachable:     1
[wp:pedantic-assigns] bitreversal_rte.c:1: Warning: 
  No 'assigns' specification for function 'reverseBits'.
  Callers assumptions might be imprecise.
[kernel] Parsing bitreversal_rte.c (with preprocessing)
[wp] Running WP plugin...
[wp] Warning: Missing RTE guards
[wp] Warning: No goal generated
[wp] Proved goals:    2 / 2
  Terminating:     1
  Unreachable:     1
[wp:pedantic-assigns] bitreversal_rte.c:1: Warning: 
  No 'assigns' specification for function 'reverseBits'.
  Callers assumptions might be imprecise.
[kernel] Parsing bitreversal_rte.c (with preprocessing)
[wp] Running WP plugin...
[wp] Warning: Missing RTE guards
[wp] Warning: No goal generated
[wp] Proved goals:    2 / 2
  Terminating:     1
  Unreachable:     1
[wp:pedantic-assigns] bitreversal_rte.c:1: Warning: 
  No 'assigns' specification for function 'reverseBits'.
  Callers assumptions might be imprecise.
[kernel] Parsing clamp_rte.c (with preprocessing)
[wp] Running WP plugin...
[wp] Warning: Missing RTE guards
[wp] Warning: No goal generated
[wp] Proved goals:    2 / 2
  Terminating:     1
  Unreachable:     1
[wp:pedantic-assigns] clamp_rte.c:1: Warning: 
  No 'assigns' specification for function 'clamp'.
  Callers assumptions might be imprecise.
[kernel] Parsing clamp_rte.c (with preprocessing)
[wp] Running WP plugin...
[wp] Warning: Missing RTE guards
[wp] Warning: No goal generated
[wp] Proved goals:    2 / 2
  Terminating:     1
  Unreachable:     1
[wp:pedantic-assigns] clamp_rte.c:1: Warning: 
  No 'assigns' specification for function 'clamp'.
  Callers assumptions might be imprecise.
[kernel] Parsing clamp_rte.c (with preprocessing)
[wp] Running WP plugin...
[wp] Warning: Missing RTE guards
[wp] Warning: No goal generated
[wp] Proved goals:    2 / 2
  Terminating:     1
  Unreachable:     1
[wp:pedantic-assigns] clamp_rte.c:1: Warning: 
  No 'assigns' specification for function 'clamp'.
  Callers assumptions might be imprecise.
[kernel] Parsing clamp_rte.c (with preprocessing)
[wp] Running WP plugin...
[wp] Warning: Missing RTE guards
[wp] Warning: No goal generated
[wp] Proved goals:    2 / 2
  Terminating:     1
  Unreachable:     1
[wp:pedantic-assigns] clamp_rte.c:1: Warning: 
  No 'assigns' specification for function 'clamp'.
  Callers assumptions might be imprecise.
[kernel] Parsing count_rte.c (with preprocessing)
[wp] Running WP plugin...
[wp] Warning: Missing RTE guards
[wp] count_rte.c:6: Warning: 
  Missing assigns clause (assigns 'everything' instead)
[wp] 6 goals scheduled
[wp] [Timeout] typed_countOccurrences_assert_rte_signed_overflow_2 (Qed 2ms) (Alt-Ergo)
[wp] [Timeout] typed_countOccurrences_assert_rte_signed_overflow (Qed 2ms) (Alt-Ergo)
[wp] [Timeout] typed_countOccurrences_assert_rte_mem_access (Qed 3ms) (Alt-Ergo)
[wp] [Timeout] typed_countOccurrences_terminates (Qed 2ms) (Alt-Ergo)
[wp] Proved goals:    3 / 7
  Unreachable:     1
  Qed:             2 (2ms-1ms-3ms)
  Timeout:         4
[wp:pedantic-assigns] count_rte.c:1: Warning: 
  No 'assigns' specification for function 'countOccurrences'.
  Callers assumptions might be imprecise.
[kernel] Parsing count_rte.c (with preprocessing)
[wp] Running WP plugin...
[wp] Warning: Missing RTE guards
[wp] count_rte.c:6: Warning: 
  Missing assigns clause (assigns 'everything' instead)
[wp] 6 goals scheduled
[wp] [Unknown] typed_countOccurrences_assert_rte_signed_overflow_2 (Qed 2ms) (CVC4)
[wp] [Unknown] typed_countOccurrences_assert_rte_signed_overflow (Qed 2ms) (CVC4)
[wp] [Unknown] typed_countOccurrences_assert_rte_mem_access (Qed 1ms) (CVC4)
[wp] [Unknown] typed_countOccurrences_terminates (Qed 0.78ms) (CVC4)
[wp] Proved goals:    3 / 7
  Unreachable:     1
  Qed:             2 (0.78ms-1ms-2ms)
  Unknown:         4
[wp:pedantic-assigns] count_rte.c:1: Warning: 
  No 'assigns' specification for function 'countOccurrences'.
  Callers assumptions might be imprecise.
[kernel] Parsing count_rte.c (with preprocessing)
[wp] Running WP plugin...
[wp] Warning: Missing RTE guards
[wp] count_rte.c:6: Warning: 
  Missing assigns clause (assigns 'everything' instead)
[wp] 6 goals scheduled
[wp] [Unknown] typed_countOccurrences_assert_rte_signed_overflow_2 (Qed 2ms) (CVC5)
[wp] [Unknown] typed_countOccurrences_assert_rte_mem_access (Qed 2ms) (CVC5)
[wp] [Unknown] typed_countOccurrences_terminates (Qed 0.82ms) (CVC5)
[wp] [Unknown] typed_countOccurrences_assert_rte_signed_overflow (Qed 2ms) (CVC5)
[wp] Proved goals:    3 / 7
  Unreachable:     1
  Qed:             2 (0.82ms-1ms-2ms)
  Unknown:         4
[wp:pedantic-assigns] count_rte.c:1: Warning: 
  No 'assigns' specification for function 'countOccurrences'.
  Callers assumptions might be imprecise.
[kernel] Parsing count_rte.c (with preprocessing)
[wp] Running WP plugin...
[wp] Warning: Missing RTE guards
[wp] count_rte.c:6: Warning: 
  Missing assigns clause (assigns 'everything' instead)
[wp] 6 goals scheduled
[wp] [Unknown] typed_countOccurrences_assert_rte_mem_access (Qed 1ms) (Z3)
[wp] [Unknown] typed_countOccurrences_assert_rte_signed_overflow (Qed 2ms) (Z3)
[wp] [Timeout] typed_countOccurrences_assert_rte_signed_overflow_2 (Qed 2ms) (Z3)
[wp] [Timeout] typed_countOccurrences_terminates (Qed 0.83ms) (Z3)
[wp] Proved goals:    3 / 7
  Unreachable:     1
  Qed:             2 (0.83ms-0.99ms-2ms)
  Timeout:         2
  Unknown:         2
[wp:pedantic-assigns] count_rte.c:1: Warning: 
  No 'assigns' specification for function 'countOccurrences'.
  Callers assumptions might be imprecise.
[kernel] Parsing even_rte.c (with preprocessing)
[wp] Running WP plugin...
[wp] Warning: Missing RTE guards
[wp] Warning: No goal generated
[wp] Proved goals:    2 / 2
  Terminating:     1
  Unreachable:     1
[wp:pedantic-assigns] even_rte.c:1: Warning: 
  No 'assigns' specification for function 'isEven'.
  Callers assumptions might be imprecise.
[kernel] Parsing even_rte.c (with preprocessing)
[wp] Running WP plugin...
[wp] Warning: Missing RTE guards
[wp] Warning: No goal generated
[wp] Proved goals:    2 / 2
  Terminating:     1
  Unreachable:     1
[wp:pedantic-assigns] even_rte.c:1: Warning: 
  No 'assigns' specification for function 'isEven'.
  Callers assumptions might be imprecise.
[kernel] Parsing even_rte.c (with preprocessing)
[wp] Running WP plugin...
[wp] Warning: Missing RTE guards
[wp] Warning: No goal generated
[wp] Proved goals:    2 / 2
  Terminating:     1
  Unreachable:     1
[wp:pedantic-assigns] even_rte.c:1: Warning: 
  No 'assigns' specification for function 'isEven'.
  Callers assumptions might be imprecise.
[kernel] Parsing even_rte.c (with preprocessing)
[wp] Running WP plugin...
[wp] Warning: Missing RTE guards
[wp] Warning: No goal generated
[wp] Proved goals:    2 / 2
  Terminating:     1
  Unreachable:     1
[wp:pedantic-assigns] even_rte.c:1: Warning: 
  No 'assigns' specification for function 'isEven'.
  Callers assumptions might be imprecise.
[kernel] Parsing max_rte.c (with preprocessing)
[wp] Running WP plugin...
[wp] Warning: Missing RTE guards
[wp] Warning: No goal generated
[wp] Proved goals:    2 / 2
  Terminating:     1
  Unreachable:     1
[wp:pedantic-assigns] max_rte.c:1: Warning: 
  No 'assigns' specification for function 'max'.
  Callers assumptions might be imprecise.
[kernel] Parsing max_rte.c (with preprocessing)
[wp] Running WP plugin...
[wp] Warning: Missing RTE guards
[wp] Warning: No goal generated
[wp] Proved goals:    2 / 2
  Terminating:     1
  Unreachable:     1
[wp:pedantic-assigns] max_rte.c:1: Warning: 
  No 'assigns' specification for function 'max'.
  Callers assumptions might be imprecise.
[kernel] Parsing max_rte.c (with preprocessing)
[wp] Running WP plugin...
[wp] Warning: Missing RTE guards
[wp] Warning: No goal generated
[wp] Proved goals:    2 / 2
  Terminating:     1
  Unreachable:     1
[wp:pedantic-assigns] max_rte.c:1: Warning: 
  No 'assigns' specification for function 'max'.
  Callers assumptions might be imprecise.
[kernel] Parsing max_rte.c (with preprocessing)
[wp] Running WP plugin...
[wp] Warning: Missing RTE guards
[wp] Warning: No goal generated
[wp] Proved goals:    2 / 2
  Terminating:     1
  Unreachable:     1
[wp:pedantic-assigns] max_rte.c:1: Warning: 
  No 'assigns' specification for function 'max'.
  Callers assumptions might be imprecise.
[kernel] Parsing parity_rte.c (with preprocessing)
[wp] Running WP plugin...
[wp] Warning: Missing RTE guards
[wp] parity_rte.c:4: Warning: 
  Missing assigns clause (assigns 'everything' instead)
[wp] 1 goal scheduled
[wp] [Timeout] typed_computeParity_terminates (Alt-Ergo)
[wp] Proved goals:    1 / 2
  Unreachable:     1
  Qed:             0
  Timeout:         1
[wp:pedantic-assigns] parity_rte.c:1: Warning: 
  No 'assigns' specification for function 'computeParity'.
  Callers assumptions might be imprecise.
[kernel] Parsing parity_rte.c (with preprocessing)
[wp] Running WP plugin...
[wp] Warning: Missing RTE guards
[wp] parity_rte.c:4: Warning: 
  Missing assigns clause (assigns 'everything' instead)
[wp] 1 goal scheduled
[wp] [Unknown] typed_computeParity_terminates (CVC4)
[wp] Proved goals:    1 / 2
  Unreachable:     1
  Qed:             0
  Unknown:         1
[wp:pedantic-assigns] parity_rte.c:1: Warning: 
  No 'assigns' specification for function 'computeParity'.
  Callers assumptions might be imprecise.
[kernel] Parsing parity_rte.c (with preprocessing)
[wp] Running WP plugin...
[wp] Warning: Missing RTE guards
[wp] parity_rte.c:4: Warning: 
  Missing assigns clause (assigns 'everything' instead)
[wp] 1 goal scheduled
[wp] [Unknown] typed_computeParity_terminates (CVC5)
[wp] Proved goals:    1 / 2
  Unreachable:     1
  Qed:             0
  Unknown:         1
[wp:pedantic-assigns] parity_rte.c:1: Warning: 
  No 'assigns' specification for function 'computeParity'.
  Callers assumptions might be imprecise.
[kernel] Parsing parity_rte.c (with preprocessing)
[wp] Running WP plugin...
[wp] Warning: Missing RTE guards
[wp] parity_rte.c:4: Warning: 
  Missing assigns clause (assigns 'everything' instead)
[wp] 1 goal scheduled
[wp] [Timeout] typed_computeParity_terminates (Z3)
[wp] Proved goals:    1 / 2
  Unreachable:     1
  Qed:             0
  Timeout:         1
[wp:pedantic-assigns] parity_rte.c:1: Warning: 
  No 'assigns' specification for function 'computeParity'.
  Callers assumptions might be imprecise.
[kernel] Parsing power_rte.c (with preprocessing)
[wp] Running WP plugin...
[wp] Warning: Missing RTE guards
[wp] Warning: No goal generated
[wp] Proved goals:    2 / 2
  Terminating:     1
  Unreachable:     1
[wp:pedantic-assigns] power_rte.c:1: Warning: 
  No 'assigns' specification for function 'isPowerOfTwo'.
  Callers assumptions might be imprecise.
[kernel] Parsing power_rte.c (with preprocessing)
[wp] Running WP plugin...
[wp] Warning: Missing RTE guards
[wp] Warning: No goal generated
[wp] Proved goals:    2 / 2
  Terminating:     1
  Unreachable:     1
[wp:pedantic-assigns] power_rte.c:1: Warning: 
  No 'assigns' specification for function 'isPowerOfTwo'.
  Callers assumptions might be imprecise.
[kernel] Parsing power_rte.c (with preprocessing)
[wp] Running WP plugin...
[wp] Warning: Missing RTE guards
[wp] Warning: No goal generated
[wp] Proved goals:    2 / 2
  Terminating:     1
  Unreachable:     1
[wp:pedantic-assigns] power_rte.c:1: Warning: 
  No 'assigns' specification for function 'isPowerOfTwo'.
  Callers assumptions might be imprecise.
[kernel] Parsing power_rte.c (with preprocessing)
[wp] Running WP plugin...
[wp] Warning: Missing RTE guards
[wp] Warning: No goal generated
[wp] Proved goals:    2 / 2
  Terminating:     1
  Unreachable:     1
[wp:pedantic-assigns] power_rte.c:1: Warning: 
  No 'assigns' specification for function 'isPowerOfTwo'.
  Callers assumptions might be imprecise.
[kernel] Parsing rotate_rte.c (with preprocessing)
[wp] Running WP plugin...
[wp] Warning: Missing RTE guards
[wp] 1 goal scheduled
[wp] [Timeout] typed_rotateLeft_assert_rte_shift (Qed 0.63ms) (Alt-Ergo)
[wp] Proved goals:    2 / 3
  Terminating:     1
  Unreachable:     1
  Qed:             0 (0.63ms)
  Timeout:         1
[wp:pedantic-assigns] rotate_rte.c:1: Warning: 
  No 'assigns' specification for function 'rotateLeft'.
  Callers assumptions might be imprecise.
[kernel] Parsing rotate_rte.c (with preprocessing)
[wp] Running WP plugin...
[wp] Warning: Missing RTE guards
[wp] 1 goal scheduled
[wp] [Unknown] typed_rotateLeft_assert_rte_shift (Qed 0.55ms) (CVC4)
[wp] Proved goals:    2 / 3
  Terminating:     1
  Unreachable:     1
  Qed:             0 (0.55ms)
  Unknown:         1
[wp:pedantic-assigns] rotate_rte.c:1: Warning: 
  No 'assigns' specification for function 'rotateLeft'.
  Callers assumptions might be imprecise.
[kernel] Parsing rotate_rte.c (with preprocessing)
[wp] Running WP plugin...
[wp] Warning: Missing RTE guards
[wp] 1 goal scheduled
[wp] [Unknown] typed_rotateLeft_assert_rte_shift (Qed 0.58ms) (CVC5)
[wp] Proved goals:    2 / 3
  Terminating:     1
  Unreachable:     1
  Qed:             0 (0.58ms)
  Unknown:         1
[wp:pedantic-assigns] rotate_rte.c:1: Warning: 
  No 'assigns' specification for function 'rotateLeft'.
  Callers assumptions might be imprecise.
[kernel] Parsing rotate_rte.c (with preprocessing)
[wp] Running WP plugin...
[wp] Warning: Missing RTE guards
[wp] 1 goal scheduled
[wp] [Timeout] typed_rotateLeft_assert_rte_shift (Qed 0.66ms) (Z3)
[wp] Proved goals:    2 / 3
  Terminating:     1
  Unreachable:     1
  Qed:             0 (0.66ms)
  Timeout:         1
[wp:pedantic-assigns] rotate_rte.c:1: Warning: 
  No 'assigns' specification for function 'rotateLeft'.
  Callers assumptions might be imprecise.
[kernel] Parsing sign_rte.c (with preprocessing)
[wp] Running WP plugin...
[wp] Warning: Missing RTE guards
[wp] 3 goals scheduled
[wp] [Timeout] typed_sign_assert_rte_signed_overflow (Alt-Ergo)
[wp] Proved goals:    4 / 5
  Terminating:       1
  Unreachable:       1
  Qed:               1
  Alt-Ergo 2.6.2:    1 (25ms)
  Timeout:           1
[wp:pedantic-assigns] sign_rte.c:1: Warning: 
  No 'assigns' specification for function 'sign'.
  Callers assumptions might be imprecise.
[kernel] Parsing sign_rte.c (with preprocessing)
[wp] Running WP plugin...
[wp] Warning: Missing RTE guards
[wp] 3 goals scheduled
[wp] [Unknown] typed_sign_assert_rte_signed_overflow (CVC4)
[wp] Proved goals:    4 / 5
  Terminating:     1
  Unreachable:     1
  Qed:             1
  CVC4 1.8:        1 (9ms)
  Unknown:         1
[wp:pedantic-assigns] sign_rte.c:1: Warning: 
  No 'assigns' specification for function 'sign'.
  Callers assumptions might be imprecise.
[kernel] Parsing sign_rte.c (with preprocessing)
[wp] Running WP plugin...
[wp] Warning: Missing RTE guards
[wp] 3 goals scheduled
[wp] [Unknown] typed_sign_assert_rte_signed_overflow (CVC5)
[wp] Proved goals:    4 / 5
  Terminating:     1
  Unreachable:     1
  Qed:             1
  CVC5 1.1.2:      1 (15ms)
  Unknown:         1
[wp:pedantic-assigns] sign_rte.c:1: Warning: 
  No 'assigns' specification for function 'sign'.
  Callers assumptions might be imprecise.
[kernel] Parsing sign_rte.c (with preprocessing)
[wp] Running WP plugin...
[wp] Warning: Missing RTE guards
[wp] 3 goals scheduled
[wp] [Timeout] typed_sign_assert_rte_signed_overflow (Z3)
[wp] Proved goals:    4 / 5
  Terminating:     1
  Unreachable:     1
  Qed:             1
  Z3 4.8.12:       1 (9ms)
  Timeout:         1
[wp:pedantic-assigns] sign_rte.c:1: Warning: 
  No 'assigns' specification for function 'sign'.
  Callers assumptions might be imprecise.
[kernel] Parsing swap_rte.c (with preprocessing)
[wp] Running WP plugin...
[wp] Warning: Missing RTE guards
[wp] 6 goals scheduled
[wp] [Timeout] typed_swap_assert_rte_signed_overflow_2 (Qed 2ms) (Alt-Ergo)
[wp] [Timeout] typed_swap_assert_rte_mem_access_3 (Qed 0.90ms) (Alt-Ergo)
[wp] [Timeout] typed_swap_assert_rte_mem_access (Qed 0.71ms) (Alt-Ergo)
[wp] [Timeout] typed_swap_assert_rte_signed_overflow (Qed 0.65ms) (Alt-Ergo)
[wp] Proved goals:    4 / 8
  Terminating:       1
  Unreachable:       1
  Qed:               0 (0.65ms-0.87ms-2ms)
  Alt-Ergo 2.6.2:    2 (31ms-37ms)
  Timeout:           4
[wp:pedantic-assigns] swap_rte.c:1: Warning: 
  No 'assigns' specification for function 'swap'.
  Callers assumptions might be imprecise.
[kernel] Parsing swap_rte.c (with preprocessing)
[wp] Running WP plugin...
[wp] Warning: Missing RTE guards
[wp] 6 goals scheduled
[wp] [Unknown] typed_swap_assert_rte_signed_overflow_2 (Qed 2ms) (CVC4)
[wp] [Unknown] typed_swap_assert_rte_mem_access_3 (Qed 0.90ms) (CVC4)
[wp] [Unknown] typed_swap_assert_rte_signed_overflow (Qed 0.81ms) (CVC4)
[wp] [Unknown] typed_swap_assert_rte_mem_access (Qed 0.68ms) (CVC4)
[wp] Proved goals:    4 / 8
  Terminating:     1
  Unreachable:     1
  Qed:             0 (0.51ms-0.96ms-2ms)
  CVC4 1.8:        2 (19ms-26ms)
  Unknown:         4
[wp:pedantic-assigns] swap_rte.c:1: Warning: 
  No 'assigns' specification for function 'swap'.
  Callers assumptions might be imprecise.
[kernel] Parsing swap_rte.c (with preprocessing)
[wp] Running WP plugin...
[wp] Warning: Missing RTE guards
[wp] 6 goals scheduled
[wp] [Unknown] typed_swap_assert_rte_signed_overflow_2 (Qed 2ms) (CVC5)
[wp] [Unknown] typed_swap_assert_rte_mem_access_3 (Qed 0.77ms) (CVC5)
[wp] [Unknown] typed_swap_assert_rte_signed_overflow (Qed 0.70ms) (CVC5)
[wp] [Unknown] typed_swap_assert_rte_mem_access (Qed 0.68ms) (CVC5)
[wp] Proved goals:    4 / 8
  Terminating:     1
  Unreachable:     1
  Qed:             0 (0.68ms-0.76ms-2ms)
  CVC5 1.1.2:      2 (7ms-14ms)
  Unknown:         4
[wp:pedantic-assigns] swap_rte.c:1: Warning: 
  No 'assigns' specification for function 'swap'.
  Callers assumptions might be imprecise.
[kernel] Parsing swap_rte.c (with preprocessing)
[wp] Running WP plugin...
[wp] Warning: Missing RTE guards
[wp] 6 goals scheduled
[wp] [Unknown] typed_swap_assert_rte_signed_overflow_2 (Qed 2ms) (Z3)
[wp] [Unknown] typed_swap_assert_rte_mem_access_3 (Qed 0.82ms) (Z3)
[wp] [Unknown] typed_swap_assert_rte_signed_overflow (Qed 0.77ms) (Z3)
[wp] [Unknown] typed_swap_assert_rte_mem_access (Qed 0.71ms) (Z3)
[wp] Proved goals:    4 / 8
  Terminating:     1
  Unreachable:     1
  Qed:             0 (0.71ms-0.81ms-2ms)
  Z3 4.8.12:       2 (10ms-18ms)
  Unknown:         4
[wp:pedantic-assigns] swap_rte.c:1: Warning: 
  No 'assigns' specification for function 'swap'.
  Callers assumptions might be imprecise.
