[kernel] Parsing callsign.c (with preprocessing)
[kernel:typing:implicit-function-declaration] callsign.c:32: Warning: 
  Calling undeclared function printf. Old style K&R code?
[kernel] callsign.c:36: User Error: Too few arguments in call to printf.
[kernel] User Error: stopping on file "callsign.c" that has errors. Add '-kernel-msg-key pp'
  for preprocessing command.
[kernel] Frama-C aborted: invalid user input.
[kernel] Parsing camel.c (with preprocessing)
[eva] Analyzing a complete application starting at main
[eva:initial-state] Values of globals at initialization
  
[eva] using specification for function strstr
[eva] FRAMAC_SHARE/libc/string.h:276: 
  cannot evaluate ACSL term, unsupported ACSL construct: logic function memcmp
[eva:alarm] camel.c:10: Warning: 
  function strchr: precondition 'valid_string_s' got status unknown.
[eva] FRAMAC_SHARE/libc/string.h:212: 
  cannot evaluate ACSL term, unsupported logic var p
[eva] using specification for function strdup
[eva:libc:unsupported-spec] camel.c:11: Warning: 
  The specification of function 'strdup' is currently not supported by Eva.
  Consider adding 'FRAMAC_SHARE/libc/string.c' to the analyzed source files.
[eva] camel.c:11: Warning: ignoring unsupported allocates clause
[eva:libc:unsupported-spec] camel.c:13: Warning: 
  The specification of function 'strdup' is currently not supported by Eva.
  Consider adding 'FRAMAC_SHARE/libc/string.c' to the analyzed source files.
[eva] camel.c:13: Warning: ignoring unsupported allocates clause
[eva:alarm] camel.c:16: Warning: 
  function strlen: precondition 'valid_string_s' got status invalid.
[eva] using specification for function printf
[eva:alarm] camel.c:35: Warning: 
  function printf_va_2: precondition valid_read_string(param0) got status invalid.
[eva] ====== VALUES COMPUTED ======
[eva:final-states] Values at end of function urlToCamelCase:
  pathStart ∈
           {{ NULL ;
              "https://example.com/my-awesome-url-path" + {6; 7; 19} }}
  path ∈ {0} or UNINITIALIZED
  __retres ∈ [--..--]
[eva:final-states] Values at end of function main:
  testUrl ∈ {{ "https://example.com/my-awesome-url-path" }}
  camelCase ∈ {0}
  __retres ∈ {0}
  S___fc_stdout[0..1] ∈ [--..--]
[eva:summary] ====== ANALYSIS SUMMARY ======
  ----------------------------------------------------------------------------
  2 functions analyzed (out of 2): 100% coverage.
  In these functions, 24 statements reached (out of 36): 66% coverage.
  ----------------------------------------------------------------------------
  Some errors and warnings have been raised during the analysis:
    by the Eva analyzer:      0 errors    4 warnings
    by the Frama-C kernel:    0 errors    0 warnings
  ----------------------------------------------------------------------------
  0 alarms generated by the analysis.
  ----------------------------------------------------------------------------
  Evaluation of the logical properties reached by the analysis:
    Assertions        0 valid     0 unknown     0 invalid      0 total
    Preconditions     9 valid     1 unknown     2 invalid     12 total
  75% of the logical properties reached have been proven.
  ----------------------------------------------------------------------------
[kernel] Parsing concatll.c (with preprocessing)
[kernel:typing:implicit-function-declaration] concatll.c:22: Warning: 
  Calling undeclared function createNode. Old style K&R code?
[eva] Analyzing a complete application starting at main
[eva:initial-state] Values of globals at initialization
  
[kernel:annot:missing-spec] concatll.c:22: Warning: 
  Neither code nor specification for function createNode,
   generating default assigns. See -generated-spec-* options for more info
[eva] using specification for function createNode
[eva:alarm] concatll.c:23: Warning: 
  out of bounds write. assert \valid(&head->next);
[kernel] concatll.c:23: Warning: 
  all target addresses were invalid. This path is assumed to be dead.
[eva] concatll.c:23: assertion 'Eva,mem_access' got final status invalid.
[eva] ====== VALUES COMPUTED ======
[eva:final-states] Values at end of function main:
  NON TERMINATING FUNCTION
[eva:summary] ====== ANALYSIS SUMMARY ======
  ----------------------------------------------------------------------------
  1 function analyzed (out of 2): 50% coverage.
  In this function, 5 statements reached (out of 20): 25% coverage.
  ----------------------------------------------------------------------------
  Some errors and warnings have been raised during the analysis:
    by the Eva analyzer:      0 errors    0 warnings
    by the Frama-C kernel:    0 errors    3 warnings
  ----------------------------------------------------------------------------
  1 alarm generated by the analysis:
       1 invalid memory access
  1 of them is a sure alarm (invalid status).
  ----------------------------------------------------------------------------
  No logical properties have been reached by the analysis.
  ----------------------------------------------------------------------------
[kernel] Parsing evenodd.c (with preprocessing)
[kernel:typing:implicit-function-declaration] evenodd.c:18: Warning: 
  Calling undeclared function sumEvenOddDiff. Old style K&R code?
[kernel:typing:implicit-function-declaration] evenodd.c:20: Warning: 
  Calling undeclared function printf. Old style K&R code?
[eva] Analyzing a complete application starting at main
[eva:initial-state] Values of globals at initialization
  
[kernel:annot:missing-spec] evenodd.c:18: Warning: 
  Neither code nor specification for function sumEvenOddDiff,
   generating default assigns. See -generated-spec-* options for more info
[eva] using specification for function sumEvenOddDiff
[kernel:annot:missing-spec] evenodd.c:20: Warning: 
  Neither code nor specification for function printf,
   generating default assigns. See -generated-spec-* options for more info
[eva] using specification for function printf
[eva] ====== VALUES COMPUTED ======
[eva:final-states] Values at end of function main:
  testNumber ∈ {123456789}
  result ∈ [--..--]
  __retres ∈ {0}
[eva:summary] ====== ANALYSIS SUMMARY ======
  ----------------------------------------------------------------------------
  1 function analyzed (out of 2): 50% coverage.
  In this function, 5 statements reached (out of 5): 100% coverage.
  ----------------------------------------------------------------------------
  Some errors and warnings have been raised during the analysis:
    by the Eva analyzer:      0 errors    0 warnings
    by the Frama-C kernel:    0 errors    4 warnings
  ----------------------------------------------------------------------------
  0 alarms generated by the analysis.
  ----------------------------------------------------------------------------
  No logical properties have been reached by the analysis.
  ----------------------------------------------------------------------------
[kernel] Parsing mirror.c (with preprocessing)
[kernel:typing:implicit-function-declaration] mirror.c:13: Warning: 
  Calling undeclared function printf. Old style K&R code?
[eva] Analyzing a complete application starting at main
[eva:initial-state] Values of globals at initialization
  
[eva:recursion] mirror.c:6: detected recursive call of function mirrorSum.
[eva:assigns:missing] mirror.c:6: Warning: 
  Recursive call to mirrorSum without assigns clause.
  Generating probably incomplete assigns to interpret the call.
  Try to increase the -eva-unroll-recursive-calls parameter or write a correct specification for function mirrorSum.
[eva] using specification for function mirrorSum
[eva:alarm] mirror.c:6: Warning: 
  signed overflow. assert 1 + tmp ≤ 2147483647;
                   (tmp from mirrorSum(n - 1))
[kernel:annot:missing-spec] mirror.c:13: Warning: 
  Neither code nor specification for function printf,
   generating default assigns. See -generated-spec-* options for more info
[eva] using specification for function printf
[eva] ====== VALUES COMPUTED ======
[eva:final-states] Values at end of function mirrorSum:
  __retres ∈ [-2147483647..2147483647]
[eva:final-states] Values at end of function main:
  testNumber ∈ {12345}
  result ∈ [-2147483647..2147483647]
  __retres ∈ {0}
[eva:summary] ====== ANALYSIS SUMMARY ======
  ----------------------------------------------------------------------------
  2 functions analyzed (out of 2): 100% coverage.
  In these functions, 9 statements reached (out of 12): 75% coverage.
  ----------------------------------------------------------------------------
  Some errors and warnings have been raised during the analysis:
    by the Eva analyzer:      0 errors    1 warning
    by the Frama-C kernel:    0 errors    2 warnings
  ----------------------------------------------------------------------------
  1 alarm generated by the analysis:
       1 integer overflow
  ----------------------------------------------------------------------------
  No logical properties have been reached by the analysis.
  ----------------------------------------------------------------------------
[eva] Deferred error: warning as error assigns:missing:
  mirror.c:6: Recursive call to mirrorSum without assigns clause.
  Generating probably incomplete assigns to interpret the call.
  Try to increase the -eva-unroll-recursive-calls parameter or write a correct specification for function mirrorSum.
[kernel] Plug-in eva aborted: invalid user input.
[kernel] Parsing moddiff.c (with preprocessing)
[kernel:typing:implicit-function-declaration] moddiff.c:17: Warning: 
  Calling undeclared function printf. Old style K&R code?
[kernel] moddiff.c:19: User Error: Too many arguments in call to printf
[kernel] moddiff.c:21: User Error: Too many arguments in call to printf
[kernel] moddiff.c:22: User Error: Too many arguments in call to printf
[kernel] User Error: stopping on file "moddiff.c" that has errors. Add '-kernel-msg-key pp'
  for preprocessing command.
[kernel] Frama-C aborted: invalid user input.
[kernel] Parsing randomcase.c (with preprocessing)
[eva] Analyzing a complete application starting at main
[eva:initial-state] Values of globals at initialization
  
[eva] using specification for function printf
[eva] using specification for function time
[eva] using specification for function srand
[eva] using specification for function rand
[eva:partition] randomcase.c:8: starting to merge loop iterations
[eva:alarm] randomcase.c:8: Warning: 
  out of bounds read. assert \valid_read(str + i);
[eva] ====== VALUES COMPUTED ======
[eva:final-states] Values at end of function randomCase:
  __fc_random_counter ∈ [--..--]
  testStr[0] ∈ {72; 97; 98}
         [1] ∈ {97; 98; 101}
         [2..3] ∈ {97; 98; 108}
         [4] ∈ {97; 98; 111}
         [5] ∈ {44; 97; 98}
         [6] ∈ {32; 97; 98}
         [7] ∈ {87; 97; 98}
         [8] ∈ {97; 98; 111}
         [9] ∈ {97; 98; 114}
         [10] ∈ {97; 98; 108}
         [11] ∈ {97; 98; 100}
         [12] ∈ {33; 97; 98}
         [13] ∈ {32; 97; 98}
         [14] ∈ {84; 97; 98}
         [15] ∈ {97; 98; 104}
         [16] ∈ {97; 98; 105}
         [17] ∈ {97; 98; 115}
         [18] ∈ {32; 97; 98}
         [19] ∈ {97; 98; 105}
         [20] ∈ {97; 98; 115}
         [21] ∈ {32; 97; 98}
         [22] ∈ {97; 98}
         [23] ∈ {32; 97; 98}
         [24] ∈ {84; 97; 98}
         [25] ∈ {97; 98; 101}
         [26] ∈ {97; 98; 115}
         [27] ∈ {97; 98; 116}
         [28] ∈ {32; 97; 98}
         [29] ∈ {83; 97; 98}
         [30] ∈ {97; 98; 116}
         [31] ∈ {97; 98; 114}
         [32] ∈ {97; 98; 105}
         [33] ∈ {97; 98; 110}
         [34] ∈ {97; 98; 103}
         [35] ∈ {46; 97; 98}
         [36] ∈ {0}
[eva:final-states] Values at end of function main:
  __fc_random_counter ∈ [--..--]
  testStr[0] ∈ {72; 97; 98}
         [1] ∈ {97; 98; 101}
         [2..3] ∈ {97; 98; 108}
         [4] ∈ {97; 98; 111}
         [5] ∈ {44; 97; 98}
         [6] ∈ {32; 97; 98}
         [7] ∈ {87; 97; 98}
         [8] ∈ {97; 98; 111}
         [9] ∈ {97; 98; 114}
         [10] ∈ {97; 98; 108}
         [11] ∈ {97; 98; 100}
         [12] ∈ {33; 97; 98}
         [13] ∈ {32; 97; 98}
         [14] ∈ {84; 97; 98}
         [15] ∈ {97; 98; 104}
         [16] ∈ {97; 98; 105}
         [17] ∈ {97; 98; 115}
         [18] ∈ {32; 97; 98}
         [19] ∈ {97; 98; 105}
         [20] ∈ {97; 98; 115}
         [21] ∈ {32; 97; 98}
         [22] ∈ {97; 98}
         [23] ∈ {32; 97; 98}
         [24] ∈ {84; 97; 98}
         [25] ∈ {97; 98; 101}
         [26] ∈ {97; 98; 115}
         [27] ∈ {97; 98; 116}
         [28] ∈ {32; 97; 98}
         [29] ∈ {83; 97; 98}
         [30] ∈ {97; 98; 116}
         [31] ∈ {97; 98; 114}
         [32] ∈ {97; 98; 105}
         [33] ∈ {97; 98; 110}
         [34] ∈ {97; 98; 103}
         [35] ∈ {46; 97; 98}
         [36] ∈ {0}
  __retres ∈ {0}
  S___fc_stdout[0..1] ∈ [--..--]
[eva:summary] ====== ANALYSIS SUMMARY ======
  ----------------------------------------------------------------------------
  2 functions analyzed (out of 2): 100% coverage.
  In these functions, 20 statements reached (out of 20): 100% coverage.
  ----------------------------------------------------------------------------
  No errors or warnings raised during the analysis.
  ----------------------------------------------------------------------------
  1 alarm generated by the analysis:
       1 invalid memory access
  ----------------------------------------------------------------------------
  Evaluation of the logical properties reached by the analysis:
    Assertions        0 valid     0 unknown     0 invalid      0 total
    Preconditions     5 valid     0 unknown     0 invalid      5 total
  100% of the logical properties reached have been proven.
  ----------------------------------------------------------------------------
[kernel] Parsing reversepath.c (with preprocessing)
[eva] Analyzing a complete application starting at main
[eva:initial-state] Values of globals at initialization
  
[eva] FRAMAC_SHARE/libc/string.h:212: 
  cannot evaluate ACSL term, unsupported logic var p
[eva:malloc:new] reversepath.c:12: 
  allocating variable __malloc_reverseUrlSegments_l12
[eva] using specification for function strncpy
[eva] FRAMAC_SHARE/libc/string.h:454: 
  cannot evaluate ACSL term, unsupported ACSL construct: logic function memcmp
[eva] using specification for function strdup
[eva:libc:unsupported-spec] reversepath.c:20: Warning: 
  The specification of function 'strdup' is currently not supported by Eva.
  Consider adding 'FRAMAC_SHARE/libc/string.c' to the analyzed source files.
[eva] reversepath.c:20: Warning: ignoring unsupported allocates clause
[eva] using specification for function strtok
[eva:alarm] reversepath.c:28: Warning: 
  function strtok, behavior new_str: precondition 'valid_string_s_or_delim_not_found' got status invalid.
[eva] using specification for function printf
[eva] ====== VALUES COMPUTED ======
[eva:final-states] Values at end of function reverseUrlSegments:
  __fc_errno ∈ [--..--]
  __fc_heap_status ∈ [--..--]
  __fc_strtok_ptr ∈ {0}
  pathStart ∈ {{ "https://example.com/one/two/three/four" + {6} }}
  domainLen ∈ {6}
  reversed ∈ {0} or ESCAPINGADDR
  path ∈ {0} or UNINITIALIZED
  count ∈ UNINITIALIZED
  token ∈ UNINITIALIZED
  __retres ∈ {0}
  __malloc_reverseUrlSegments_l12[0..38] ∈ UNINITIALIZED
[eva:final-states] Values at end of function main:
  __fc_errno ∈ [--..--]
  __fc_heap_status ∈ [--..--]
  __fc_strtok_ptr ∈ {0}
  testUrl ∈ {{ "https://example.com/one/two/three/four" }}
  reversedUrl ∈ {0}
  __retres ∈ {0}
  S___fc_stdout[0..1] ∈ [--..--]
  __malloc_reverseUrlSegments_l12[0..38] ∈ UNINITIALIZED
[eva:summary] ====== ANALYSIS SUMMARY ======
  ----------------------------------------------------------------------------
  2 functions analyzed (out of 2): 100% coverage.
  In these functions, 27 statements reached (out of 45): 60% coverage.
  ----------------------------------------------------------------------------
  Some errors and warnings have been raised during the analysis:
    by the Eva analyzer:      0 errors    2 warnings
    by the Frama-C kernel:    0 errors    0 warnings
  ----------------------------------------------------------------------------
  0 alarms generated by the analysis.
  ----------------------------------------------------------------------------
  Evaluation of the logical properties reached by the analysis:
    Assertions        0 valid     0 unknown     0 invalid      0 total
    Preconditions    11 valid     0 unknown     1 invalid     12 total
  91% of the logical properties reached have been proven.
  ----------------------------------------------------------------------------
[kernel] Parsing sevens.c (with preprocessing)
[kernel:typing:implicit-function-declaration] sevens.c:19: Warning: 
  Calling undeclared function printf. Old style K&R code?
[kernel] sevens.c:21: User Error: Too many arguments in call to printf
[kernel] User Error: stopping on file "sevens.c" that has errors. Add '-kernel-msg-key pp'
  for preprocessing command.
[kernel] Frama-C aborted: invalid user input.
[kernel] Parsing suspicious.c (with preprocessing)
[eva] Analyzing a complete application starting at main
[eva:initial-state] Values of globals at initialization
  
[eva] using specification for function printf
[eva] ====== VALUES COMPUTED ======
[eva:final-states] Values at end of function checkDirectoryContains:
  pathCopy[0] ∈ {0}
          [1..1023] ∈ UNINITIALIZED
  token ∈ {0}
  __retres ∈ {1}
[eva:final-states] Values at end of function main:
  testPath ∈ {{ "/home/user/documents/project/code" }}
  testSubstring ∈ {{ "doc" }}
  result ∈ {1}
  __retres ∈ {0}
  S___fc_stdout[0..1] ∈ [--..--]
[eva:summary] ====== ANALYSIS SUMMARY ======
  ----------------------------------------------------------------------------
  2 functions analyzed (out of 2): 100% coverage.
  In these functions, 13 statements reached (out of 20): 65% coverage.
  ----------------------------------------------------------------------------
  No errors or warnings raised during the analysis.
  ----------------------------------------------------------------------------
  0 alarms generated by the analysis.
  ----------------------------------------------------------------------------
  Evaluation of the logical properties reached by the analysis:
    Assertions        0 valid     0 unknown     0 invalid      0 total
    Preconditions     3 valid     0 unknown     0 invalid      3 total
  100% of the logical properties reached have been proven.
  ----------------------------------------------------------------------------
