[kernel] Parsing crc32_rte.c (with preprocessing)
[kernel] crc32_rte.c:4: 
  syntax error:
  Location: between lines 4 and 5, before or at token: uint32_t
  2     #include "stdint.h"
  3     #include "stdint.h"
  
  4     uint32_t crc32(uint8_t const *data, size_t length)
  5     uint32_t crc32(uint8_t const *data, size_t length)
  
  6     {
  7       uint32_t hash = (uint32_t)0;
[kernel] Frama-C aborted: invalid user input.
[kernel] Parsing crc32_rte.c (with preprocessing)
[kernel] crc32_rte.c:4: 
  syntax error:
  Location: between lines 4 and 5, before or at token: uint32_t
  2     #include "stdint.h"
  3     #include "stdint.h"
  
  4     uint32_t crc32(uint8_t const *data, size_t length)
  5     uint32_t crc32(uint8_t const *data, size_t length)
  
  6     {
  7       uint32_t hash = (uint32_t)0;
[kernel] Frama-C aborted: invalid user input.
[kernel] Parsing crc32_rte.c (with preprocessing)
[kernel] crc32_rte.c:4: 
  syntax error:
  Location: between lines 4 and 5, before or at token: uint32_t
  2     #include "stdint.h"
  3     #include "stdint.h"
  
  4     uint32_t crc32(uint8_t const *data, size_t length)
  5     uint32_t crc32(uint8_t const *data, size_t length)
  
  6     {
  7       uint32_t hash = (uint32_t)0;
[kernel] Frama-C aborted: invalid user input.
[kernel] Parsing crc32_rte.c (with preprocessing)
[kernel] crc32_rte.c:4: 
  syntax error:
  Location: between lines 4 and 5, before or at token: uint32_t
  2     #include "stdint.h"
  3     #include "stdint.h"
  
  4     uint32_t crc32(uint8_t const *data, size_t length)
  5     uint32_t crc32(uint8_t const *data, size_t length)
  
  6     {
  7       uint32_t hash = (uint32_t)0;
[kernel] Frama-C aborted: invalid user input.
[kernel] Parsing duff_rte.c (with preprocessing)
[wp] Running WP plugin...
[wp] Warning: Missing RTE guards
[wp] duff_rte.c:7: Warning: 
  Missing assigns clause (assigns 'everything' instead)
[wp] 10 goals scheduled
[wp] [Timeout] typed_duffsDevice_assert_rte_signed_overflow_2_part2 (Qed 8ms) (Alt-Ergo)
[wp] [Timeout] typed_duffsDevice_assert_rte_mem_access_4_part2 (Qed 7ms) (Alt-Ergo)
[wp] [Timeout] typed_duffsDevice_assert_rte_mem_access_4_part1 (Qed 3ms) (Alt-Ergo)
[wp] [Timeout] typed_duffsDevice_assert_rte_mem_access_3_part2 (Qed 7ms) (Alt-Ergo)
[wp] [Timeout] typed_duffsDevice_assert_rte_mem_access_3_part1 (Qed 2ms) (Alt-Ergo)
[wp] [Timeout] typed_duffsDevice_assert_rte_mem_access_2 (Qed 3ms) (Alt-Ergo)
[wp] [Timeout] typed_duffsDevice_assert_rte_mem_access (Qed 3ms) (Alt-Ergo)
[wp] [Timeout] typed_duffsDevice_assert_rte_signed_overflow (Qed 0.71ms) (Alt-Ergo)
[wp] [Timeout] typed_duffsDevice_terminates (Qed 2ms) (Alt-Ergo)
[wp] Proved goals:    2 / 11
  Unreachable:     1
  Qed:             1 (0.71ms-4ms-8ms)
  Timeout:         9
[wp:pedantic-assigns] duff_rte.c:1: Warning: 
  No 'assigns' specification for function 'duffsDevice'.
  Callers assumptions might be imprecise.
[kernel] Parsing duff_rte.c (with preprocessing)
[wp] Running WP plugin...
[wp] Warning: Missing RTE guards
[wp] duff_rte.c:7: Warning: 
  Missing assigns clause (assigns 'everything' instead)
[wp] 10 goals scheduled
[wp] [Unknown] typed_duffsDevice_assert_rte_signed_overflow_2_part2 (Qed 8ms) (CVC4)
[wp] [Unknown] typed_duffsDevice_assert_rte_mem_access_4_part2 (Qed 8ms) (CVC4)
[wp] [Unknown] typed_duffsDevice_assert_rte_mem_access_4_part1 (Qed 3ms) (CVC4)
[wp] [Unknown] typed_duffsDevice_assert_rte_mem_access_3_part2 (Qed 8ms) (CVC4)
[wp] [Unknown] typed_duffsDevice_assert_rte_mem_access_3_part1 (Qed 2ms) (CVC4)
[wp] [Unknown] typed_duffsDevice_assert_rte_mem_access_2 (Qed 3ms) (CVC4)
[wp] [Unknown] typed_duffsDevice_assert_rte_mem_access (Qed 3ms) (CVC4)
[wp] [Unknown] typed_duffsDevice_assert_rte_signed_overflow (Qed 0.80ms) (CVC4)
[wp] [Unknown] typed_duffsDevice_terminates (Qed 2ms) (CVC4)
[wp] Proved goals:    2 / 11
  Unreachable:     1
  Qed:             1 (0.80ms-4ms-8ms)
  Unknown:         9
[wp:pedantic-assigns] duff_rte.c:1: Warning: 
  No 'assigns' specification for function 'duffsDevice'.
  Callers assumptions might be imprecise.
[kernel] Parsing duff_rte.c (with preprocessing)
[wp] Running WP plugin...
[wp] Warning: Missing RTE guards
[wp] duff_rte.c:7: Warning: 
  Missing assigns clause (assigns 'everything' instead)
[wp] 10 goals scheduled
[wp] [Unknown] typed_duffsDevice_assert_rte_signed_overflow_2_part2 (Qed 10ms) (CVC5)
[wp] [Unknown] typed_duffsDevice_assert_rte_mem_access_4_part2 (Qed 9ms) (CVC5)
[wp] [Unknown] typed_duffsDevice_assert_rte_mem_access_4_part1 (Qed 3ms) (CVC5)
[wp] [Unknown] typed_duffsDevice_assert_rte_mem_access_3_part2 (Qed 7ms) (CVC5)
[wp] [Unknown] typed_duffsDevice_assert_rte_mem_access_3_part1 (Qed 2ms) (CVC5)
[wp] [Unknown] typed_duffsDevice_assert_rte_mem_access_2 (Qed 4ms) (CVC5)
[wp] [Unknown] typed_duffsDevice_assert_rte_mem_access (Qed 3ms) (CVC5)
[wp] [Unknown] typed_duffsDevice_assert_rte_signed_overflow (Qed 0.70ms) (CVC5)
[wp] [Unknown] typed_duffsDevice_terminates (Qed 2ms) (CVC5)
[wp] Proved goals:    2 / 11
  Unreachable:     1
  Qed:             1 (0.70ms-4ms-10ms)
  Unknown:         9
[wp:pedantic-assigns] duff_rte.c:1: Warning: 
  No 'assigns' specification for function 'duffsDevice'.
  Callers assumptions might be imprecise.
[kernel] Parsing duff_rte.c (with preprocessing)
[wp] Running WP plugin...
[wp] Warning: Missing RTE guards
[wp] duff_rte.c:7: Warning: 
  Missing assigns clause (assigns 'everything' instead)
[wp] 10 goals scheduled
[wp] [Unknown] typed_duffsDevice_assert_rte_signed_overflow_2_part2 (Qed 9ms) (Z3)
[wp] [Unknown] typed_duffsDevice_assert_rte_mem_access_4_part2 (Qed 7ms) (Z3)
[wp] [Unknown] typed_duffsDevice_assert_rte_mem_access_4_part1 (Qed 3ms) (Z3)
[wp] [Unknown] typed_duffsDevice_assert_rte_mem_access_3_part2 (Qed 7ms) (Z3)
[wp] [Unknown] typed_duffsDevice_assert_rte_mem_access_3_part1 (Qed 2ms) (Z3)
[wp] [Unknown] typed_duffsDevice_assert_rte_mem_access_2 (Qed 3ms) (Z3)
[wp] [Unknown] typed_duffsDevice_assert_rte_mem_access (Qed 3ms) (Z3)
[wp] [Timeout] typed_duffsDevice_assert_rte_signed_overflow (Qed 0.61ms) (Z3)
[wp] [Timeout] typed_duffsDevice_terminates (Qed 2ms) (Z3)
[wp] Proved goals:    2 / 11
  Unreachable:     1
  Qed:             1 (0.61ms-4ms-9ms)
  Timeout:         2
  Unknown:         7
[wp:pedantic-assigns] duff_rte.c:1: Warning: 
  No 'assigns' specification for function 'duffsDevice'.
  Callers assumptions might be imprecise.
[kernel] Parsing fizzbuzz_rte.c (with preprocessing)
[kernel] fizzbuzz_rte.c:57: 
  syntax error:
  Location: between lines 57 and 58, before or at token: void
  55    int printf_va_4(char const * restrict format, int param0);
  56    
  
  57    void fizzBuzz(int n)
  58    void fizzBuzz(int n)
  
  59    {
  60      int i = 1;
[kernel] Frama-C aborted: invalid user input.
[kernel] Parsing fizzbuzz_rte.c (with preprocessing)
[kernel] fizzbuzz_rte.c:57: 
  syntax error:
  Location: between lines 57 and 58, before or at token: void
  55    int printf_va_4(char const * restrict format, int param0);
  56    
  
  57    void fizzBuzz(int n)
  58    void fizzBuzz(int n)
  
  59    {
  60      int i = 1;
[kernel] Frama-C aborted: invalid user input.
[kernel] Parsing fizzbuzz_rte.c (with preprocessing)
[kernel] fizzbuzz_rte.c:57: 
  syntax error:
  Location: between lines 57 and 58, before or at token: void
  55    int printf_va_4(char const * restrict format, int param0);
  56    
  
  57    void fizzBuzz(int n)
  58    void fizzBuzz(int n)
  
  59    {
  60      int i = 1;
[kernel] Frama-C aborted: invalid user input.
[kernel] Parsing fizzbuzz_rte.c (with preprocessing)
[kernel] fizzbuzz_rte.c:57: 
  syntax error:
  Location: between lines 57 and 58, before or at token: void
  55    int printf_va_4(char const * restrict format, int param0);
  56    
  
  57    void fizzBuzz(int n)
  58    void fizzBuzz(int n)
  
  59    {
  60      int i = 1;
[kernel] Frama-C aborted: invalid user input.
[kernel] Parsing hamming_rte.c (with preprocessing)
[wp] Running WP plugin...
[wp] Warning: Missing RTE guards
[wp] hamming_rte.c:6: Warning: 
  Missing assigns clause (assigns 'everything' instead)
[wp] 1 goal scheduled
[wp] [Timeout] typed_hammingDistance_terminates (Alt-Ergo)
[wp] Proved goals:    1 / 2
  Unreachable:     1
  Qed:             0
  Timeout:         1
[wp:pedantic-assigns] hamming_rte.c:1: Warning: 
  No 'assigns' specification for function 'hammingDistance'.
  Callers assumptions might be imprecise.
[kernel] Parsing hamming_rte.c (with preprocessing)
[wp] Running WP plugin...
[wp] Warning: Missing RTE guards
[wp] hamming_rte.c:6: Warning: 
  Missing assigns clause (assigns 'everything' instead)
[wp] 1 goal scheduled
[wp] [Unknown] typed_hammingDistance_terminates (CVC4)
[wp] Proved goals:    1 / 2
  Unreachable:     1
  Qed:             0
  Unknown:         1
[wp:pedantic-assigns] hamming_rte.c:1: Warning: 
  No 'assigns' specification for function 'hammingDistance'.
  Callers assumptions might be imprecise.
[kernel] Parsing hamming_rte.c (with preprocessing)
[wp] Running WP plugin...
[wp] Warning: Missing RTE guards
[wp] hamming_rte.c:6: Warning: 
  Missing assigns clause (assigns 'everything' instead)
[wp] 1 goal scheduled
[wp] [Unknown] typed_hammingDistance_terminates (CVC5)
[wp] Proved goals:    1 / 2
  Unreachable:     1
  Qed:             0
  Unknown:         1
[wp:pedantic-assigns] hamming_rte.c:1: Warning: 
  No 'assigns' specification for function 'hammingDistance'.
  Callers assumptions might be imprecise.
[kernel] Parsing hamming_rte.c (with preprocessing)
[wp] Running WP plugin...
[wp] Warning: Missing RTE guards
[wp] hamming_rte.c:6: Warning: 
  Missing assigns clause (assigns 'everything' instead)
[wp] 1 goal scheduled
[wp] [Timeout] typed_hammingDistance_terminates (Z3)
[wp] Proved goals:    1 / 2
  Unreachable:     1
  Qed:             0
  Timeout:         1
[wp:pedantic-assigns] hamming_rte.c:1: Warning: 
  No 'assigns' specification for function 'hammingDistance'.
  Callers assumptions might be imprecise.
[kernel] Parsing kahan_rte.c (with preprocessing)
[kernel] kahan_rte.c:4: 
  syntax error:
  Location: between lines 4 and 5, before or at token: double
  2     #include "math.h"
  3     #include "math.h"
  
  4     double kahanSum(double *arr, int n)
  5     double kahanSum(double *arr, int n)
  
  6     {
  7       double __retres;
[kernel] Frama-C aborted: invalid user input.
[kernel] Parsing kahan_rte.c (with preprocessing)
[kernel] kahan_rte.c:4: 
  syntax error:
  Location: between lines 4 and 5, before or at token: double
  2     #include "math.h"
  3     #include "math.h"
  
  4     double kahanSum(double *arr, int n)
  5     double kahanSum(double *arr, int n)
  
  6     {
  7       double __retres;
[kernel] Frama-C aborted: invalid user input.
[kernel] Parsing kahan_rte.c (with preprocessing)
[kernel] kahan_rte.c:4: 
  syntax error:
  Location: between lines 4 and 5, before or at token: double
  2     #include "math.h"
  3     #include "math.h"
  
  4     double kahanSum(double *arr, int n)
  5     double kahanSum(double *arr, int n)
  
  6     {
  7       double __retres;
[kernel] Frama-C aborted: invalid user input.
[kernel] Parsing kahan_rte.c (with preprocessing)
[kernel] kahan_rte.c:4: 
  syntax error:
  Location: between lines 4 and 5, before or at token: double
  2     #include "math.h"
  3     #include "math.h"
  
  4     double kahanSum(double *arr, int n)
  5     double kahanSum(double *arr, int n)
  
  6     {
  7       double __retres;
[kernel] Frama-C aborted: invalid user input.
[kernel] Parsing kmp_rte.c (with preprocessing)
[wp] Running WP plugin...
[wp] Warning: No goal generated
[kernel] Parsing kmp_rte.c (with preprocessing)
[wp] Running WP plugin...
[wp] Warning: No goal generated
[kernel] Parsing kmp_rte.c (with preprocessing)
[wp] Running WP plugin...
[wp] Warning: No goal generated
[kernel] Parsing kmp_rte.c (with preprocessing)
[wp] Running WP plugin...
[wp] Warning: No goal generated
[kernel] Parsing levenshtein_rte.c (with preprocessing)
[wp] Running WP plugin...
[wp] Warning: No goal generated
[kernel] Parsing levenshtein_rte.c (with preprocessing)
[wp] Running WP plugin...
[wp] Warning: No goal generated
[kernel] Parsing levenshtein_rte.c (with preprocessing)
[wp] Running WP plugin...
[wp] Warning: No goal generated
[kernel] Parsing levenshtein_rte.c (with preprocessing)
[wp] Running WP plugin...
[wp] Warning: No goal generated
[kernel] Parsing rabinkarp_rte.c (with preprocessing)
[wp] Running WP plugin...
[wp] Warning: No goal generated
[kernel] Parsing rabinkarp_rte.c (with preprocessing)
[wp] Running WP plugin...
[wp] Warning: No goal generated
[kernel] Parsing rabinkarp_rte.c (with preprocessing)
[wp] Running WP plugin...
[wp] Warning: No goal generated
[kernel] Parsing rabinkarp_rte.c (with preprocessing)
[wp] Running WP plugin...
[wp] Warning: No goal generated
[kernel] Parsing sieve_rte.c (with preprocessing)
[wp] Running WP plugin...
[wp] Warning: Missing RTE guards
[wp] sieve_rte.c:6: Warning: 
  Missing assigns clause (assigns 'everything' instead)
[wp] 4 goals scheduled
[wp] [Timeout] typed_sieve_assert_rte_signed_overflow (Qed 2ms) (Alt-Ergo)
[wp] [Timeout] typed_sieve_assert_rte_mem_access (Qed 2ms) (Alt-Ergo)
[wp] [Timeout] typed_sieve_terminates (Qed 0.62ms) (Alt-Ergo)
[wp] Proved goals:    2 / 5
  Unreachable:     1
  Qed:             1 (0.62ms-0.95ms-2ms)
  Timeout:         3
[wp:pedantic-assigns] sieve_rte.c:1: Warning: 
  No 'assigns' specification for function 'sieve'.
  Callers assumptions might be imprecise.
[kernel] Parsing sieve_rte.c (with preprocessing)
[wp] Running WP plugin...
[wp] Warning: Missing RTE guards
[wp] sieve_rte.c:6: Warning: 
  Missing assigns clause (assigns 'everything' instead)
[wp] 4 goals scheduled
[wp] [Unknown] typed_sieve_assert_rte_signed_overflow (Qed 1ms) (CVC4)
[wp] [Unknown] typed_sieve_assert_rte_mem_access (Qed 1ms) (CVC4)
[wp] [Unknown] typed_sieve_terminates (Qed 0.56ms) (CVC4)
[wp] Proved goals:    2 / 5
  Unreachable:     1
  Qed:             1 (0.56ms-0.84ms-1ms)
  Unknown:         3
[wp:pedantic-assigns] sieve_rte.c:1: Warning: 
  No 'assigns' specification for function 'sieve'.
  Callers assumptions might be imprecise.
[kernel] Parsing sieve_rte.c (with preprocessing)
[wp] Running WP plugin...
[wp] Warning: Missing RTE guards
[wp] sieve_rte.c:6: Warning: 
  Missing assigns clause (assigns 'everything' instead)
[wp] 4 goals scheduled
[wp] [Unknown] typed_sieve_assert_rte_signed_overflow (Qed 2ms) (CVC5)
[wp] [Unknown] typed_sieve_assert_rte_mem_access (Qed 1ms) (CVC5)
[wp] [Unknown] typed_sieve_terminates (Qed 0.55ms) (CVC5)
[wp] Proved goals:    2 / 5
  Unreachable:     1
  Qed:             1 (0.55ms-0.91ms-2ms)
  Unknown:         3
[wp:pedantic-assigns] sieve_rte.c:1: Warning: 
  No 'assigns' specification for function 'sieve'.
  Callers assumptions might be imprecise.
[kernel] Parsing sieve_rte.c (with preprocessing)
[wp] Running WP plugin...
[wp] Warning: Missing RTE guards
[wp] sieve_rte.c:6: Warning: 
  Missing assigns clause (assigns 'everything' instead)
[wp] 4 goals scheduled
[wp] [Unknown] typed_sieve_assert_rte_mem_access (Qed 1ms) (Z3)
[wp] [Unknown] typed_sieve_assert_rte_signed_overflow (Qed 1ms) (Z3)
[wp] [Timeout] typed_sieve_terminates (Qed 0.54ms) (Z3)
[wp] Proved goals:    2 / 5
  Unreachable:     1
  Qed:             1 (0.54ms-0.84ms-1ms)
  Timeout:         1
  Unknown:         2
[wp:pedantic-assigns] sieve_rte.c:1: Warning: 
  No 'assigns' specification for function 'sieve'.
  Callers assumptions might be imprecise.
[kernel] Parsing sqrt_rte.c (with preprocessing)
[wp] Running WP plugin...
[wp] Warning: Missing RTE guards
[wp] sqrt_rte.c:5: Warning: 
  Cast with incompatible pointers types (source: float32*) (target: sint32*)
[wp] sqrt_rte.c:4: Warning: 
  Cast with incompatible pointers types (source: float32*) (target: sint32*)
[wp] 2 goals scheduled
[wp] [Timeout] typed_fastInvSqrt_assert_rte_signed_overflow (Qed 0.88ms) (Alt-Ergo) (Stronger, 2 warnings)
[wp] [Timeout] typed_fastInvSqrt_assert_rte_mem_access (Alt-Ergo) (Stronger)
[wp] Proved goals:    2 / 4
  Terminating:     1
  Unreachable:     1
  Qed:             0 (0.44ms)
  Timeout:         2
[wp:pedantic-assigns] sqrt_rte.c:1: Warning: 
  No 'assigns' specification for function 'fastInvSqrt'.
  Callers assumptions might be imprecise.
[kernel] Parsing sqrt_rte.c (with preprocessing)
[wp] Running WP plugin...
[wp] Warning: Missing RTE guards
[wp] sqrt_rte.c:5: Warning: 
  Cast with incompatible pointers types (source: float32*) (target: sint32*)
[wp] sqrt_rte.c:4: Warning: 
  Cast with incompatible pointers types (source: float32*) (target: sint32*)
[wp] 2 goals scheduled
[wp] [Unknown] typed_fastInvSqrt_assert_rte_mem_access (CVC4) (Stronger)
[wp] [Timeout] typed_fastInvSqrt_assert_rte_signed_overflow (Qed 2ms) (CVC4) (Stronger, 2 warnings)
[wp] Proved goals:    2 / 4
  Terminating:     1
  Unreachable:     1
  Qed:             0 (1ms)
  Timeout:         1
  Unknown:         1
[wp:pedantic-assigns] sqrt_rte.c:1: Warning: 
  No 'assigns' specification for function 'fastInvSqrt'.
  Callers assumptions might be imprecise.
[kernel] Parsing sqrt_rte.c (with preprocessing)
[wp] Running WP plugin...
[wp] Warning: Missing RTE guards
[wp] sqrt_rte.c:5: Warning: 
  Cast with incompatible pointers types (source: float32*) (target: sint32*)
[wp] sqrt_rte.c:4: Warning: 
  Cast with incompatible pointers types (source: float32*) (target: sint32*)
[wp] 2 goals scheduled
[wp] [Unknown] typed_fastInvSqrt_assert_rte_mem_access (CVC5) (Stronger)
[wp] [Timeout] typed_fastInvSqrt_assert_rte_signed_overflow (Qed 0.87ms) (CVC5) (Stronger, 2 warnings)
[wp] Proved goals:    2 / 4
  Terminating:     1
  Unreachable:     1
  Qed:             0 (0.43ms)
  Timeout:         1
  Unknown:         1
[wp:pedantic-assigns] sqrt_rte.c:1: Warning: 
  No 'assigns' specification for function 'fastInvSqrt'.
  Callers assumptions might be imprecise.
[kernel] Parsing sqrt_rte.c (with preprocessing)
[wp] Running WP plugin...
[wp] Warning: Missing RTE guards
[wp] sqrt_rte.c:5: Warning: 
  Cast with incompatible pointers types (source: float32*) (target: sint32*)
[wp] sqrt_rte.c:4: Warning: 
  Cast with incompatible pointers types (source: float32*) (target: sint32*)
[wp] 2 goals scheduled
[wp] [Unknown] typed_fastInvSqrt_assert_rte_mem_access (Z3) (Stronger)
[wp] [Timeout] typed_fastInvSqrt_assert_rte_signed_overflow (Qed 0.87ms) (Z3) (Stronger, 2 warnings)
[wp] Proved goals:    2 / 4
  Terminating:     1
  Unreachable:     1
  Qed:             0 (0.43ms)
  Timeout:         1
  Unknown:         1
[wp:pedantic-assigns] sqrt_rte.c:1: Warning: 
  No 'assigns' specification for function 'fastInvSqrt'.
  Callers assumptions might be imprecise.
[kernel] Parsing strassen_rte.c (with preprocessing)
[wp] Running WP plugin...
[wp] Warning: Missing RTE guards
[wp] 60 goals scheduled
[wp] [Timeout] typed_strassenMultiply_assert_rte_signed_overflow_8 (Qed 10ms) (Alt-Ergo)
[wp] [Timeout] typed_strassenMultiply_assert_rte_signed_overflow_7 (Qed 8ms) (Alt-Ergo)
[wp] [Timeout] typed_strassenMultiply_assert_rte_signed_overflow_6 (Qed 5ms) (Alt-Ergo)
[wp] [Timeout] typed_strassenMultiply_assert_rte_signed_overflow_5 (Qed 4ms) (Alt-Ergo)
[wp] [Timeout] typed_strassenMultiply_assert_rte_signed_overflow_4 (Qed 4ms) (Alt-Ergo)
[wp] [Timeout] typed_strassenMultiply_assert_rte_signed_overflow_3 (Qed 3ms) (Alt-Ergo)
[wp] [Timeout] typed_strassenMultiply_assert_rte_mem_access_4 (Qed 3ms) (Alt-Ergo)
[wp] [Timeout] typed_strassenMultiply_assert_rte_mem_access_3 (Qed 3ms) (Alt-Ergo)
[wp] [Timeout] typed_strassenMultiply_assert_rte_signed_overflow_2 (Qed 2ms) (Alt-Ergo)
[wp] [Timeout] typed_strassenMultiply_assert_rte_signed_overflow (Qed 2ms) (Alt-Ergo)
[wp] [Timeout] typed_strassenMultiply_assert_rte_mem_access_2 (Qed 3ms) (Alt-Ergo)
[wp] [Timeout] typed_strassenMultiply_assert_rte_mem_access (Qed 2ms) (Alt-Ergo)
[wp] [Timeout] typed_strassenMultiply_assert_rte_signed_overflow_9 (Qed 47ms) (Alt-Ergo)
[wp] [Timeout] typed_strassenMultiply_assert_rte_signed_overflow_10 (Qed 70ms) (Alt-Ergo)
[wp] [Timeout] typed_strassenMultiply_assert_rte_signed_overflow_14 (Qed 32ms) (Alt-Ergo)
[wp] [Timeout] typed_strassenMultiply_assert_rte_signed_overflow_13 (Qed 33ms) (Alt-Ergo)
[wp] [Timeout] typed_strassenMultiply_assert_rte_signed_overflow_12 (Qed 47ms) (Alt-Ergo)
[wp] [Timeout] typed_strassenMultiply_assert_rte_signed_overflow_11 (Qed 50ms) (Alt-Ergo)
[wp] [Timeout] typed_strassenMultiply_assert_rte_signed_overflow_19 (Qed 111ms) (Alt-Ergo)
[wp] [Timeout] typed_strassenMultiply_assert_rte_signed_overflow_18 (Qed 52ms) (Alt-Ergo)
[wp] [Timeout] typed_strassenMultiply_assert_rte_signed_overflow_17 (Qed 73ms) (Alt-Ergo)
[wp] [Timeout] typed_strassenMultiply_assert_rte_signed_overflow_16 (Qed 55ms) (Alt-Ergo)
[wp] [Timeout] typed_strassenMultiply_assert_rte_signed_overflow_15 (Qed 80ms) (Alt-Ergo)
[wp] [Timeout] typed_strassenMultiply_assert_rte_signed_overflow_20 (Qed 115ms) (Alt-Ergo)
[wp] [Timeout] typed_strassenMultiply_assert_rte_signed_overflow_22 (Qed 169ms) (Alt-Ergo)
[wp] [Timeout] typed_strassenMultiply_assert_rte_signed_overflow_21 (Qed 185ms) (Alt-Ergo)
[wp] [Timeout] typed_strassenMultiply_assert_rte_signed_overflow_26 (Qed 183ms) (Alt-Ergo)
[wp] [Timeout] typed_strassenMultiply_assert_rte_signed_overflow_25 (Qed 246ms) (Alt-Ergo)
[wp] [Timeout] typed_strassenMultiply_assert_rte_signed_overflow_24 (Qed 201ms) (Alt-Ergo)
[wp] [Timeout] typed_strassenMultiply_assert_rte_signed_overflow_23 (Qed 232ms) (Alt-Ergo)
[wp] [Timeout] typed_strassenMultiply_assert_rte_signed_overflow_30 (Qed 263ms) (Alt-Ergo)
[wp] [Timeout] typed_strassenMultiply_assert_rte_signed_overflow_28 (Qed 176ms) (Alt-Ergo)
[wp] [Timeout] typed_strassenMultiply_assert_rte_signed_overflow_27 (Qed 169ms) (Alt-Ergo)
[wp] [Timeout] typed_strassenMultiply_assert_rte_signed_overflow_29 (Qed 207ms) (Alt-Ergo)
[wp] [Timeout] typed_strassenMultiply_assert_rte_signed_overflow_33 (Qed 249ms) (Alt-Ergo)
[wp] [Timeout] typed_strassenMultiply_assert_rte_signed_overflow_32 (Qed 230ms) (Alt-Ergo)
[wp] [Timeout] typed_strassenMultiply_assert_rte_signed_overflow_31 (Qed 264ms) (Alt-Ergo)
[wp] [Timeout] typed_strassenMultiply_assert_rte_mem_access_26 (Qed 239ms) (Alt-Ergo)
[wp] [Timeout] typed_strassenMultiply_assert_rte_mem_access_25 (Qed 228ms) (Alt-Ergo)
[wp] [Timeout] typed_strassenMultiply_assert_rte_signed_overflow_34 (Qed 287ms) (Alt-Ergo)
[wp] Proved goals:   22 / 62
  Terminating:       1
  Unreachable:       1
  Qed:              16 (2ms-75ms-287ms)
  Alt-Ergo 2.6.2:    4 (119ms-320ms-818ms)
  Timeout:          40
[wp:pedantic-assigns] strassen_rte.c:1: Warning: 
  No 'assigns' specification for function 'strassenMultiply'.
  Callers assumptions might be imprecise.
[kernel] Parsing strassen_rte.c (with preprocessing)
[wp] Running WP plugin...
[wp] Warning: Missing RTE guards
[wp] 60 goals scheduled
[wp] [Unknown] typed_strassenMultiply_assert_rte_signed_overflow_4 (Qed 4ms) (CVC4)
[wp] [Unknown] typed_strassenMultiply_assert_rte_signed_overflow_3 (Qed 4ms) (CVC4)
[wp] [Unknown] typed_strassenMultiply_assert_rte_mem_access_4 (Qed 3ms) (CVC4)
[wp] [Unknown] typed_strassenMultiply_assert_rte_mem_access_3 (Qed 2ms) (CVC4)
[wp] [Unknown] typed_strassenMultiply_assert_rte_signed_overflow_2 (Qed 2ms) (CVC4)
[wp] [Unknown] typed_strassenMultiply_assert_rte_signed_overflow (Qed 2ms) (CVC4)
[wp] [Unknown] typed_strassenMultiply_assert_rte_mem_access_2 (Qed 2ms) (CVC4)
[wp] [Unknown] typed_strassenMultiply_assert_rte_mem_access (Qed 2ms) (CVC4)
[wp] [Timeout] typed_strassenMultiply_assert_rte_signed_overflow_8 (Qed 9ms) (CVC4)
[wp] [Timeout] typed_strassenMultiply_assert_rte_signed_overflow_7 (Qed 8ms) (CVC4)
[wp] [Timeout] typed_strassenMultiply_assert_rte_signed_overflow_6 (Qed 4ms) (CVC4)
[wp] [Timeout] typed_strassenMultiply_assert_rte_signed_overflow_5 (Qed 4ms) (CVC4)
[wp] [Timeout] typed_strassenMultiply_assert_rte_signed_overflow_14 (Qed 19ms) (CVC4)
[wp] [Timeout] typed_strassenMultiply_assert_rte_signed_overflow_12 (Qed 23ms) (CVC4)
[wp] [Timeout] typed_strassenMultiply_assert_rte_signed_overflow_9 (Qed 11ms) (CVC4)
[wp] [Timeout] typed_strassenMultiply_assert_rte_signed_overflow_13 (Qed 18ms) (CVC4)
[wp] [Timeout] typed_strassenMultiply_assert_rte_signed_overflow_11 (Qed 30ms) (CVC4)
[wp] [Timeout] typed_strassenMultiply_assert_rte_signed_overflow_10 (Qed 22ms) (CVC4)
[wp] [Timeout] typed_strassenMultiply_assert_rte_signed_overflow_15 (Qed 53ms) (CVC4)
[wp] [Timeout] typed_strassenMultiply_assert_rte_signed_overflow_18 (Qed 162ms) (CVC4)
[wp] [Timeout] typed_strassenMultiply_assert_rte_signed_overflow_17 (Qed 101ms) (CVC4)
[wp] [Timeout] typed_strassenMultiply_assert_rte_signed_overflow_16 (Qed 87ms) (CVC4)
[wp] [Timeout] typed_strassenMultiply_assert_rte_signed_overflow_20 (Qed 103ms) (CVC4)
[wp] [Timeout] typed_strassenMultiply_assert_rte_signed_overflow_19 (Qed 102ms) (CVC4)
[wp] [Timeout] typed_strassenMultiply_assert_rte_signed_overflow_21 (Qed 113ms) (CVC4)
[wp] [Timeout] typed_strassenMultiply_assert_rte_signed_overflow_26 (Qed 129ms) (CVC4)
[wp] [Timeout] typed_strassenMultiply_assert_rte_signed_overflow_25 (Qed 76ms) (CVC4)
[wp] [Timeout] typed_strassenMultiply_assert_rte_signed_overflow_24 (Qed 115ms) (CVC4)
[wp] [Timeout] typed_strassenMultiply_assert_rte_signed_overflow_23 (Qed 145ms) (CVC4)
[wp] [Timeout] typed_strassenMultiply_assert_rte_signed_overflow_22 (Qed 120ms) (CVC4)
[wp] [Timeout] typed_strassenMultiply_assert_rte_signed_overflow_28 (Qed 177ms) (CVC4)
[wp] [Timeout] typed_strassenMultiply_assert_rte_signed_overflow_27 (Qed 182ms) (CVC4)
[wp] [Timeout] typed_strassenMultiply_assert_rte_signed_overflow_30 (Qed 184ms) (CVC4)
[wp] [Timeout] typed_strassenMultiply_assert_rte_signed_overflow_29 (Qed 151ms) (CVC4)
[wp] [Timeout] typed_strassenMultiply_assert_rte_signed_overflow_31 (Qed 273ms) (CVC4)
[wp] [Timeout] typed_strassenMultiply_assert_rte_signed_overflow_34 (Qed 261ms) (CVC4)
[wp] [Timeout] typed_strassenMultiply_assert_rte_signed_overflow_33 (Qed 201ms) (CVC4)
[wp] [Timeout] typed_strassenMultiply_assert_rte_signed_overflow_32 (Qed 281ms) (CVC4)
[wp] [Timeout] typed_strassenMultiply_assert_rte_mem_access_25 (Qed 283ms) (CVC4)
[wp] [Timeout] typed_strassenMultiply_assert_rte_mem_access_26 (Qed 230ms) (CVC4)
[wp] Proved goals:   22 / 62
  Terminating:     1
  Unreachable:     1
  Qed:            16 (2ms-65ms-283ms)
  CVC4 1.8:        4 (22ms-54ms)
  Timeout:        32
  Unknown:         8
[wp:pedantic-assigns] strassen_rte.c:1: Warning: 
  No 'assigns' specification for function 'strassenMultiply'.
  Callers assumptions might be imprecise.
[kernel] Parsing strassen_rte.c (with preprocessing)
[wp] Running WP plugin...
[wp] Warning: Missing RTE guards
[wp] 60 goals scheduled
[wp] [Unknown] typed_strassenMultiply_assert_rte_signed_overflow_4 (Qed 4ms) (CVC5)
[wp] [Unknown] typed_strassenMultiply_assert_rte_signed_overflow_3 (Qed 3ms) (CVC5)
[wp] [Unknown] typed_strassenMultiply_assert_rte_mem_access_4 (Qed 3ms) (CVC5)
[wp] [Unknown] typed_strassenMultiply_assert_rte_mem_access_3 (Qed 3ms) (CVC5)
[wp] [Unknown] typed_strassenMultiply_assert_rte_signed_overflow_2 (Qed 3ms) (CVC5)
[wp] [Unknown] typed_strassenMultiply_assert_rte_signed_overflow (Qed 2ms) (CVC5)
[wp] [Unknown] typed_strassenMultiply_assert_rte_mem_access_2 (Qed 2ms) (CVC5)
[wp] [Unknown] typed_strassenMultiply_assert_rte_mem_access (Qed 2ms) (CVC5)
[wp] [Timeout] typed_strassenMultiply_assert_rte_signed_overflow_8 (Qed 9ms) (CVC5)
[wp] [Timeout] typed_strassenMultiply_assert_rte_signed_overflow_7 (Qed 8ms) (CVC5)
[wp] [Timeout] typed_strassenMultiply_assert_rte_signed_overflow_6 (Qed 5ms) (CVC5)
[wp] [Timeout] typed_strassenMultiply_assert_rte_signed_overflow_5 (Qed 4ms) (CVC5)
[wp] [Timeout] typed_strassenMultiply_assert_rte_signed_overflow_10 (Qed 23ms) (CVC5)
[wp] [Timeout] typed_strassenMultiply_assert_rte_signed_overflow_9 (Qed 29ms) (CVC5)
[wp] [Timeout] typed_strassenMultiply_assert_rte_signed_overflow_14 (Qed 30ms) (CVC5)
[wp] [Timeout] typed_strassenMultiply_assert_rte_signed_overflow_13 (Qed 34ms) (CVC5)
[wp] [Timeout] typed_strassenMultiply_assert_rte_signed_overflow_12 (Qed 20ms) (CVC5)
[wp] [Timeout] typed_strassenMultiply_assert_rte_signed_overflow_17 (Qed 94ms) (CVC5)
[wp] [Timeout] typed_strassenMultiply_assert_rte_signed_overflow_16 (Qed 89ms) (CVC5)
[wp] [Timeout] typed_strassenMultiply_assert_rte_signed_overflow_15 (Qed 80ms) (CVC5)
[wp] [Timeout] typed_strassenMultiply_assert_rte_signed_overflow_11 (Qed 33ms) (CVC5)
[wp] [Timeout] typed_strassenMultiply_assert_rte_signed_overflow_18 (Qed 97ms) (CVC5)
[wp] [Timeout] typed_strassenMultiply_assert_rte_signed_overflow_20 (Qed 120ms) (CVC5)
[wp] [Timeout] typed_strassenMultiply_assert_rte_signed_overflow_19 (Qed 120ms) (CVC5)
[wp] [Timeout] typed_strassenMultiply_assert_rte_signed_overflow_22 (Qed 108ms) (CVC5)
[wp] [Timeout] typed_strassenMultiply_assert_rte_signed_overflow_21 (Qed 101ms) (CVC5)
[wp] [Timeout] typed_strassenMultiply_assert_rte_signed_overflow_26 (Qed 144ms) (CVC5)
[wp] [Timeout] typed_strassenMultiply_assert_rte_signed_overflow_25 (Qed 171ms) (CVC5)
[wp] [Timeout] typed_strassenMultiply_assert_rte_signed_overflow_24 (Qed 149ms) (CVC5)
[wp] [Timeout] typed_strassenMultiply_assert_rte_signed_overflow_23 (Qed 152ms) (CVC5)
[wp] [Timeout] typed_strassenMultiply_assert_rte_signed_overflow_29 (Qed 224ms) (CVC5)
[wp] [Timeout] typed_strassenMultiply_assert_rte_signed_overflow_28 (Qed 202ms) (CVC5)
[wp] [Timeout] typed_strassenMultiply_assert_rte_signed_overflow_27 (Qed 198ms) (CVC5)
[wp] [Timeout] typed_strassenMultiply_assert_rte_signed_overflow_30 (Qed 223ms) (CVC5)
[wp] [Timeout] typed_strassenMultiply_assert_rte_signed_overflow_34 (Qed 236ms) (CVC5)
[wp] [Timeout] typed_strassenMultiply_assert_rte_signed_overflow_33 (Qed 233ms) (CVC5)
[wp] [Timeout] typed_strassenMultiply_assert_rte_signed_overflow_32 (Qed 219ms) (CVC5)
[wp] [Timeout] typed_strassenMultiply_assert_rte_signed_overflow_31 (Qed 233ms) (CVC5)
[wp] [Timeout] typed_strassenMultiply_assert_rte_mem_access_26 (Qed 262ms) (CVC5)
[wp] [Timeout] typed_strassenMultiply_assert_rte_mem_access_25 (Qed 265ms) (CVC5)
[wp] Proved goals:   22 / 62
  Terminating:     1
  Unreachable:     1
  Qed:            16 (2ms-69ms-265ms)
  CVC5 1.1.2:      4 (12ms-32ms)
  Timeout:        32
  Unknown:         8
[wp:pedantic-assigns] strassen_rte.c:1: Warning: 
  No 'assigns' specification for function 'strassenMultiply'.
  Callers assumptions might be imprecise.
[kernel] Parsing strassen_rte.c (with preprocessing)
[wp] Running WP plugin...
[wp] Warning: Missing RTE guards
[wp] 60 goals scheduled
[wp] [Unknown] typed_strassenMultiply_assert_rte_signed_overflow_8 (Qed 9ms) (Z3)
[wp] [Unknown] typed_strassenMultiply_assert_rte_signed_overflow_7 (Qed 9ms) (Z3)
[wp] [Unknown] typed_strassenMultiply_assert_rte_signed_overflow_6 (Qed 5ms) (Z3)
[wp] [Unknown] typed_strassenMultiply_assert_rte_signed_overflow_5 (Qed 6ms) (Z3)
[wp] [Unknown] typed_strassenMultiply_assert_rte_signed_overflow_4 (Qed 3ms) (Z3)
[wp] [Unknown] typed_strassenMultiply_assert_rte_signed_overflow_3 (Qed 3ms) (Z3)
[wp] [Unknown] typed_strassenMultiply_assert_rte_mem_access_4 (Qed 3ms) (Z3)
[wp] [Unknown] typed_strassenMultiply_assert_rte_mem_access_3 (Qed 3ms) (Z3)
[wp] [Unknown] typed_strassenMultiply_assert_rte_signed_overflow_2 (Qed 2ms) (Z3)
[wp] [Unknown] typed_strassenMultiply_assert_rte_signed_overflow (Qed 2ms) (Z3)
[wp] [Unknown] typed_strassenMultiply_assert_rte_mem_access_2 (Qed 2ms) (Z3)
[wp] [Unknown] typed_strassenMultiply_assert_rte_mem_access (Qed 2ms) (Z3)
[wp] [Unknown] typed_strassenMultiply_assert_rte_signed_overflow_9 (Qed 12ms) (Z3)
[wp] [Unknown] typed_strassenMultiply_assert_rte_signed_overflow_16 (Qed 37ms) (Z3)
[wp] [Unknown] typed_strassenMultiply_assert_rte_signed_overflow_14 (Qed 20ms) (Z3)
[wp] [Unknown] typed_strassenMultiply_assert_rte_signed_overflow_13 (Qed 19ms) (Z3)
[wp] [Unknown] typed_strassenMultiply_assert_rte_signed_overflow_12 (Qed 18ms) (Z3)
[wp] [Unknown] typed_strassenMultiply_assert_rte_signed_overflow_11 (Qed 16ms) (Z3)
[wp] [Unknown] typed_strassenMultiply_assert_rte_signed_overflow_10 (Qed 15ms) (Z3)
[wp] [Unknown] typed_strassenMultiply_assert_rte_signed_overflow_20 (Qed 47ms) (Z3)
[wp] [Unknown] typed_strassenMultiply_assert_rte_signed_overflow_19 (Qed 62ms) (Z3)
[wp] [Unknown] typed_strassenMultiply_assert_rte_signed_overflow_17 (Qed 38ms) (Z3)
[wp] [Unknown] typed_strassenMultiply_assert_rte_signed_overflow_22 (Qed 63ms) (Z3)
[wp] [Unknown] typed_strassenMultiply_assert_rte_signed_overflow_21 (Qed 73ms) (Z3)
[wp] [Unknown] typed_strassenMultiply_assert_rte_signed_overflow_15 (Qed 32ms) (Z3)
[wp] [Unknown] typed_strassenMultiply_assert_rte_signed_overflow_25 (Qed 103ms) (Z3)
[wp] [Timeout] typed_strassenMultiply_assert_rte_signed_overflow_18 (Qed 34ms) (Z3)
[wp] [Unknown] typed_strassenMultiply_assert_rte_signed_overflow_33 (Qed 163ms) (Z3)
[wp] [Timeout] typed_strassenMultiply_assert_rte_signed_overflow_24 (Qed 88ms) (Z3)
[wp] [Timeout] typed_strassenMultiply_assert_rte_signed_overflow_23 (Qed 76ms) (Z3)
[wp] [Timeout] typed_strassenMultiply_assert_rte_signed_overflow_28 (Qed 78ms) (Z3)
[wp] [Timeout] typed_strassenMultiply_assert_rte_signed_overflow_27 (Qed 96ms) (Z3)
[wp] [Timeout] typed_strassenMultiply_assert_rte_signed_overflow_26 (Qed 124ms) (Z3)
[wp] [Unknown] typed_strassenMultiply_assert_rte_signed_overflow_30 (Qed 151ms) (Z3)
[wp] [Timeout] typed_strassenMultiply_assert_rte_signed_overflow_29 (Qed 170ms) (Z3)
[wp] [Unknown] typed_strassenMultiply_assert_rte_signed_overflow_34 (Qed 221ms) (Z3)
[wp] [Unknown] typed_strassenMultiply_assert_rte_mem_access_26 (Qed 178ms) (Z3)
[wp] [Timeout] typed_strassenMultiply_assert_rte_signed_overflow_32 (Qed 168ms) (Z3)
[wp] [Timeout] typed_strassenMultiply_assert_rte_signed_overflow_31 (Qed 198ms) (Z3)
[wp] [Timeout] typed_strassenMultiply_assert_rte_mem_access_25 (Qed 171ms) (Z3)
[wp] Proved goals:   22 / 62
  Terminating:     1
  Unreachable:     1
  Qed:            16 (2ms-44ms-221ms)
  Z3 4.8.12:       4 (9ms-22ms)
  Timeout:        10
  Unknown:        30
[wp:pedantic-assigns] strassen_rte.c:1: Warning: 
  No 'assigns' specification for function 'strassenMultiply'.
  Callers assumptions might be imprecise.
[kernel] Parsing voting_rte.c (with preprocessing)
[wp] Running WP plugin...
[wp] Warning: Missing RTE guards
[wp] voting_rte.c:10: Warning: 
  Missing assigns clause (assigns 'everything' instead)
[wp] 5 goals scheduled
[wp] [Timeout] typed_majorityElement_assert_rte_signed_overflow (Qed 3ms) (Alt-Ergo)
[wp] [Timeout] typed_majorityElement_assert_rte_mem_access (Qed 0.58ms) (Alt-Ergo)
[wp] [Timeout] typed_majorityElement_terminates (Qed 2ms) (Alt-Ergo)
[wp] [Timeout] typed_majorityElement_assert_rte_mem_access_2 (Qed 2ms) (Alt-Ergo)
[wp] Proved goals:    2 / 6
  Unreachable:     1
  Qed:             1 (0.58ms-1ms-3ms)
  Timeout:         4
[wp:pedantic-assigns] voting_rte.c:1: Warning: 
  No 'assigns' specification for function 'majorityElement'.
  Callers assumptions might be imprecise.
[kernel] Parsing voting_rte.c (with preprocessing)
[wp] Running WP plugin...
[wp] Warning: Missing RTE guards
[wp] voting_rte.c:10: Warning: 
  Missing assigns clause (assigns 'everything' instead)
[wp] 5 goals scheduled
[wp] [Unknown] typed_majorityElement_assert_rte_signed_overflow (Qed 3ms) (CVC4)
[wp] [Unknown] typed_majorityElement_assert_rte_mem_access_2 (Qed 2ms) (CVC4)
[wp] [Unknown] typed_majorityElement_assert_rte_mem_access (Qed 0.59ms) (CVC4)
[wp] [Unknown] typed_majorityElement_terminates (Qed 2ms) (CVC4)
[wp] Proved goals:    2 / 6
  Unreachable:     1
  Qed:             1 (0.59ms-1ms-3ms)
  Unknown:         4
[wp:pedantic-assigns] voting_rte.c:1: Warning: 
  No 'assigns' specification for function 'majorityElement'.
  Callers assumptions might be imprecise.
[kernel] Parsing voting_rte.c (with preprocessing)
[wp] Running WP plugin...
[wp] Warning: Missing RTE guards
[wp] voting_rte.c:10: Warning: 
  Missing assigns clause (assigns 'everything' instead)
[wp] 5 goals scheduled
[wp] [Unknown] typed_majorityElement_assert_rte_signed_overflow (Qed 3ms) (CVC5)
[wp] [Unknown] typed_majorityElement_assert_rte_mem_access_2 (Qed 2ms) (CVC5)
[wp] [Unknown] typed_majorityElement_assert_rte_mem_access (Qed 0.73ms) (CVC5)
[wp] [Unknown] typed_majorityElement_terminates (Qed 2ms) (CVC5)
[wp] Proved goals:    2 / 6
  Unreachable:     1
  Qed:             1 (0.73ms-1ms-3ms)
  Unknown:         4
[wp:pedantic-assigns] voting_rte.c:1: Warning: 
  No 'assigns' specification for function 'majorityElement'.
  Callers assumptions might be imprecise.
[kernel] Parsing voting_rte.c (with preprocessing)
[wp] Running WP plugin...
[wp] Warning: Missing RTE guards
[wp] voting_rte.c:10: Warning: 
  Missing assigns clause (assigns 'everything' instead)
[wp] 5 goals scheduled
[wp] [Unknown] typed_majorityElement_assert_rte_signed_overflow (Qed 2ms) (Z3)
[wp] [Unknown] typed_majorityElement_assert_rte_mem_access_2 (Qed 2ms) (Z3)
[wp] [Unknown] typed_majorityElement_assert_rte_mem_access (Qed 0.63ms) (Z3)
[wp] [Unknown] typed_majorityElement_terminates (Qed 2ms) (Z3)
[wp] Proved goals:    2 / 6
  Unreachable:     1
  Qed:             1 (0.63ms-1ms-2ms)
  Unknown:         4
[wp:pedantic-assigns] voting_rte.c:1: Warning: 
  No 'assigns' specification for function 'majorityElement'.
  Callers assumptions might be imprecise.
